nohup: ignoring input
/home/user/thefuck-master/pre_run_biend.py:1081: DeprecationWarning: invalid escape sequence \s
  f.write('$t1 \sim_n t_2$ & ' + ' & '.join(M6) + '\\\\ \\hline' +'\n')
============================= test session starts ==============================
platform linux -- Python 3.9.15+, pytest-7.2.0, pluggy-0.13.1
rootdir: /home/user/requests_tests
plugins: hypothesis-6.56.4, Faker-15.3.4
collected 593 items

tests/test_help.py .EE                                                   [  0%]
tests/test_hooks.py ...                                                  [  1%]
tests/test_lowlevel.py ........EEEEEEEE....                              [  4%]
tests/test_packages.py ...                                               [  4%]
tests/test_requests.py .........EEEEEEEEEEE.......EEEEEEEEEEEEEEEEEEEEEE [ 13%]
EEEEEEEEEEEEEEEEEEEEEE.....EEEEEEEEEEEEEEEEEEEEEEEEEEEEEEEEEEEEEEEEEEEEE [ 25%]
EEEEEEEE.EEEEEE.E..........E......EEEEEEEEE.EEE....EE.EEEEEEEEEEEEEEEEEE [ 37%]
EEEEEEE.EE........E......E..EEEEEExE..E.EEEE.........................EEE [ 49%]
EEEE....E.E...........EE................E.........EEE                    [ 58%]
tests/test_structures.py ....................                            [ 61%]
tests/test_testserver.py ......s....                                     [ 63%]
tests/test_utils.py ..s................................................. [ 72%]
........................................................................ [ 84%]
......................................................EEEEEEEE.......... [ 96%]
...sssssssssss.....                                                      [100%]

==================================== ERRORS ====================================
____________ ERROR at setup of test_idna_without_version_attribute _____________
file /home/user/requests_tests/tests/test_help.py, line 14
  def test_idna_without_version_attribute(mocker):
E       fixture 'mocker' not found
>       available fixtures: _session_faker, cache, capfd, capfdbinary, caplog, capsys, capsysbinary, doctest_namespace, faker, httpbin, httpbin_secure, monkeypatch, nosan_server, pytestconfig, record_property, record_testsuite_property, record_xml_attribute, recwarn, tmp_path, tmp_path_factory, tmpdir, tmpdir_factory
>       use 'pytest --fixtures [testpath]' for help on them.

/home/user/requests_tests/tests/test_help.py:14
______________ ERROR at setup of test_idna_with_version_attribute ______________
file /home/user/requests_tests/tests/test_help.py, line 22
  def test_idna_with_version_attribute(mocker):
E       fixture 'mocker' not found
>       available fixtures: _session_faker, cache, capfd, capfdbinary, caplog, capsys, capsysbinary, doctest_namespace, faker, httpbin, httpbin_secure, monkeypatch, nosan_server, pytestconfig, record_property, record_testsuite_property, record_xml_attribute, recwarn, tmp_path, tmp_path_factory, tmpdir, tmpdir_factory
>       use 'pytest --fixtures [testpath]' for help on them.

/home/user/requests_tests/tests/test_help.py:22
______ ERROR at setup of test_use_proxy_from_environment[http_proxy-http] ______
file /home/user/requests_tests/tests/test_lowlevel.py, line 289
  @pytest.mark.parametrize("var,scheme", _proxy_combos)
  def test_use_proxy_from_environment(httpbin, var, scheme):
file /home/user/requests_tests/tests/conftest.py, line 25
  @pytest.fixture
  def httpbin(httpbin):
E       recursive dependency involving fixture 'httpbin' detected
>       available fixtures: _session_faker, cache, capfd, capfdbinary, caplog, capsys, capsysbinary, doctest_namespace, faker, httpbin, httpbin_secure, monkeypatch, nosan_server, pytestconfig, record_property, record_testsuite_property, record_xml_attribute, recwarn, tmp_path, tmp_path_factory, tmpdir, tmpdir_factory
>       use 'pytest --fixtures [testpath]' for help on them.

/home/user/requests_tests/tests/conftest.py:25
_____ ERROR at setup of test_use_proxy_from_environment[https_proxy-https] _____
file /home/user/requests_tests/tests/test_lowlevel.py, line 289
  @pytest.mark.parametrize("var,scheme", _proxy_combos)
  def test_use_proxy_from_environment(httpbin, var, scheme):
file /home/user/requests_tests/tests/conftest.py, line 25
  @pytest.fixture
  def httpbin(httpbin):
E       recursive dependency involving fixture 'httpbin' detected
>       available fixtures: _session_faker, cache, capfd, capfdbinary, caplog, capsys, capsysbinary, doctest_namespace, faker, httpbin, httpbin_secure, monkeypatch, nosan_server, pytestconfig, record_property, record_testsuite_property, record_xml_attribute, recwarn, tmp_path, tmp_path_factory, tmpdir, tmpdir_factory
>       use 'pytest --fixtures [testpath]' for help on them.

/home/user/requests_tests/tests/conftest.py:25
______ ERROR at setup of test_use_proxy_from_environment[all_proxy-http] _______
file /home/user/requests_tests/tests/test_lowlevel.py, line 289
  @pytest.mark.parametrize("var,scheme", _proxy_combos)
  def test_use_proxy_from_environment(httpbin, var, scheme):
file /home/user/requests_tests/tests/conftest.py, line 25
  @pytest.fixture
  def httpbin(httpbin):
E       recursive dependency involving fixture 'httpbin' detected
>       available fixtures: _session_faker, cache, capfd, capfdbinary, caplog, capsys, capsysbinary, doctest_namespace, faker, httpbin, httpbin_secure, monkeypatch, nosan_server, pytestconfig, record_property, record_testsuite_property, record_xml_attribute, recwarn, tmp_path, tmp_path_factory, tmpdir, tmpdir_factory
>       use 'pytest --fixtures [testpath]' for help on them.

/home/user/requests_tests/tests/conftest.py:25
______ ERROR at setup of test_use_proxy_from_environment[all_proxy-https] ______
file /home/user/requests_tests/tests/test_lowlevel.py, line 289
  @pytest.mark.parametrize("var,scheme", _proxy_combos)
  def test_use_proxy_from_environment(httpbin, var, scheme):
file /home/user/requests_tests/tests/conftest.py, line 25
  @pytest.fixture
  def httpbin(httpbin):
E       recursive dependency involving fixture 'httpbin' detected
>       available fixtures: _session_faker, cache, capfd, capfdbinary, caplog, capsys, capsysbinary, doctest_namespace, faker, httpbin, httpbin_secure, monkeypatch, nosan_server, pytestconfig, record_property, record_testsuite_property, record_xml_attribute, recwarn, tmp_path, tmp_path_factory, tmpdir, tmpdir_factory
>       use 'pytest --fixtures [testpath]' for help on them.

/home/user/requests_tests/tests/conftest.py:25
______ ERROR at setup of test_use_proxy_from_environment[HTTP_PROXY-http] ______
file /home/user/requests_tests/tests/test_lowlevel.py, line 289
  @pytest.mark.parametrize("var,scheme", _proxy_combos)
  def test_use_proxy_from_environment(httpbin, var, scheme):
file /home/user/requests_tests/tests/conftest.py, line 25
  @pytest.fixture
  def httpbin(httpbin):
E       recursive dependency involving fixture 'httpbin' detected
>       available fixtures: _session_faker, cache, capfd, capfdbinary, caplog, capsys, capsysbinary, doctest_namespace, faker, httpbin, httpbin_secure, monkeypatch, nosan_server, pytestconfig, record_property, record_testsuite_property, record_xml_attribute, recwarn, tmp_path, tmp_path_factory, tmpdir, tmpdir_factory
>       use 'pytest --fixtures [testpath]' for help on them.

/home/user/requests_tests/tests/conftest.py:25
_____ ERROR at setup of test_use_proxy_from_environment[HTTPS_PROXY-https] _____
file /home/user/requests_tests/tests/test_lowlevel.py, line 289
  @pytest.mark.parametrize("var,scheme", _proxy_combos)
  def test_use_proxy_from_environment(httpbin, var, scheme):
file /home/user/requests_tests/tests/conftest.py, line 25
  @pytest.fixture
  def httpbin(httpbin):
E       recursive dependency involving fixture 'httpbin' detected
>       available fixtures: _session_faker, cache, capfd, capfdbinary, caplog, capsys, capsysbinary, doctest_namespace, faker, httpbin, httpbin_secure, monkeypatch, nosan_server, pytestconfig, record_property, record_testsuite_property, record_xml_attribute, recwarn, tmp_path, tmp_path_factory, tmpdir, tmpdir_factory
>       use 'pytest --fixtures [testpath]' for help on them.

/home/user/requests_tests/tests/conftest.py:25
______ ERROR at setup of test_use_proxy_from_environment[ALL_PROXY-http] _______
file /home/user/requests_tests/tests/test_lowlevel.py, line 289
  @pytest.mark.parametrize("var,scheme", _proxy_combos)
  def test_use_proxy_from_environment(httpbin, var, scheme):
file /home/user/requests_tests/tests/conftest.py, line 25
  @pytest.fixture
  def httpbin(httpbin):
E       recursive dependency involving fixture 'httpbin' detected
>       available fixtures: _session_faker, cache, capfd, capfdbinary, caplog, capsys, capsysbinary, doctest_namespace, faker, httpbin, httpbin_secure, monkeypatch, nosan_server, pytestconfig, record_property, record_testsuite_property, record_xml_attribute, recwarn, tmp_path, tmp_path_factory, tmpdir, tmpdir_factory
>       use 'pytest --fixtures [testpath]' for help on them.

/home/user/requests_tests/tests/conftest.py:25
______ ERROR at setup of test_use_proxy_from_environment[ALL_PROXY-https] ______
file /home/user/requests_tests/tests/test_lowlevel.py, line 289
  @pytest.mark.parametrize("var,scheme", _proxy_combos)
  def test_use_proxy_from_environment(httpbin, var, scheme):
file /home/user/requests_tests/tests/conftest.py, line 25
  @pytest.fixture
  def httpbin(httpbin):
E       recursive dependency involving fixture 'httpbin' detected
>       available fixtures: _session_faker, cache, capfd, capfdbinary, caplog, capsys, capsysbinary, doctest_namespace, faker, httpbin, httpbin_secure, monkeypatch, nosan_server, pytestconfig, record_property, record_testsuite_property, record_xml_attribute, recwarn, tmp_path, tmp_path_factory, tmpdir, tmpdir_factory
>       use 'pytest --fixtures [testpath]' for help on them.

/home/user/requests_tests/tests/conftest.py:25
__________ ERROR at setup of TestRequests.test_no_content_length[GET] __________
file /home/user/requests_tests/tests/test_requests.py, line 118
      @pytest.mark.parametrize("method", ("GET", "HEAD"))
      def test_no_content_length(self, httpbin, method):
file /home/user/requests_tests/tests/conftest.py, line 25
  @pytest.fixture
  def httpbin(httpbin):
E       recursive dependency involving fixture 'httpbin' detected
>       available fixtures: _session_faker, cache, capfd, capfdbinary, caplog, capsys, capsysbinary, doctest_namespace, faker, httpbin, httpbin_secure, monkeypatch, nosan_server, pytestconfig, record_property, record_testsuite_property, record_xml_attribute, recwarn, tmp_path, tmp_path_factory, tmpdir, tmpdir_factory
>       use 'pytest --fixtures [testpath]' for help on them.

/home/user/requests_tests/tests/conftest.py:25
_________ ERROR at setup of TestRequests.test_no_content_length[HEAD] __________
file /home/user/requests_tests/tests/test_requests.py, line 118
      @pytest.mark.parametrize("method", ("GET", "HEAD"))
      def test_no_content_length(self, httpbin, method):
file /home/user/requests_tests/tests/conftest.py, line 25
  @pytest.fixture
  def httpbin(httpbin):
E       recursive dependency involving fixture 'httpbin' detected
>       available fixtures: _session_faker, cache, capfd, capfdbinary, caplog, capsys, capsysbinary, doctest_namespace, faker, httpbin, httpbin_secure, monkeypatch, nosan_server, pytestconfig, record_property, record_testsuite_property, record_xml_attribute, recwarn, tmp_path, tmp_path_factory, tmpdir, tmpdir_factory
>       use 'pytest --fixtures [testpath]' for help on them.

/home/user/requests_tests/tests/conftest.py:25
_______ ERROR at setup of TestRequests.test_no_body_content_length[POST] _______
file /home/user/requests_tests/tests/test_requests.py, line 123
      @pytest.mark.parametrize("method", ("POST", "PUT", "PATCH", "OPTIONS"))
      def test_no_body_content_length(self, httpbin, method):
file /home/user/requests_tests/tests/conftest.py, line 25
  @pytest.fixture
  def httpbin(httpbin):
E       recursive dependency involving fixture 'httpbin' detected
>       available fixtures: _session_faker, cache, capfd, capfdbinary, caplog, capsys, capsysbinary, doctest_namespace, faker, httpbin, httpbin_secure, monkeypatch, nosan_server, pytestconfig, record_property, record_testsuite_property, record_xml_attribute, recwarn, tmp_path, tmp_path_factory, tmpdir, tmpdir_factory
>       use 'pytest --fixtures [testpath]' for help on them.

/home/user/requests_tests/tests/conftest.py:25
_______ ERROR at setup of TestRequests.test_no_body_content_length[PUT] ________
file /home/user/requests_tests/tests/test_requests.py, line 123
      @pytest.mark.parametrize("method", ("POST", "PUT", "PATCH", "OPTIONS"))
      def test_no_body_content_length(self, httpbin, method):
file /home/user/requests_tests/tests/conftest.py, line 25
  @pytest.fixture
  def httpbin(httpbin):
E       recursive dependency involving fixture 'httpbin' detected
>       available fixtures: _session_faker, cache, capfd, capfdbinary, caplog, capsys, capsysbinary, doctest_namespace, faker, httpbin, httpbin_secure, monkeypatch, nosan_server, pytestconfig, record_property, record_testsuite_property, record_xml_attribute, recwarn, tmp_path, tmp_path_factory, tmpdir, tmpdir_factory
>       use 'pytest --fixtures [testpath]' for help on them.

/home/user/requests_tests/tests/conftest.py:25
______ ERROR at setup of TestRequests.test_no_body_content_length[PATCH] _______
file /home/user/requests_tests/tests/test_requests.py, line 123
      @pytest.mark.parametrize("method", ("POST", "PUT", "PATCH", "OPTIONS"))
      def test_no_body_content_length(self, httpbin, method):
file /home/user/requests_tests/tests/conftest.py, line 25
  @pytest.fixture
  def httpbin(httpbin):
E       recursive dependency involving fixture 'httpbin' detected
>       available fixtures: _session_faker, cache, capfd, capfdbinary, caplog, capsys, capsysbinary, doctest_namespace, faker, httpbin, httpbin_secure, monkeypatch, nosan_server, pytestconfig, record_property, record_testsuite_property, record_xml_attribute, recwarn, tmp_path, tmp_path_factory, tmpdir, tmpdir_factory
>       use 'pytest --fixtures [testpath]' for help on them.

/home/user/requests_tests/tests/conftest.py:25
_____ ERROR at setup of TestRequests.test_no_body_content_length[OPTIONS] ______
file /home/user/requests_tests/tests/test_requests.py, line 123
      @pytest.mark.parametrize("method", ("POST", "PUT", "PATCH", "OPTIONS"))
      def test_no_body_content_length(self, httpbin, method):
file /home/user/requests_tests/tests/conftest.py, line 25
  @pytest.fixture
  def httpbin(httpbin):
E       recursive dependency involving fixture 'httpbin' detected
>       available fixtures: _session_faker, cache, capfd, capfdbinary, caplog, capsys, capsysbinary, doctest_namespace, faker, httpbin, httpbin_secure, monkeypatch, nosan_server, pytestconfig, record_property, record_testsuite_property, record_xml_attribute, recwarn, tmp_path, tmp_path_factory, tmpdir, tmpdir_factory
>       use 'pytest --fixtures [testpath]' for help on them.

/home/user/requests_tests/tests/conftest.py:25
________ ERROR at setup of TestRequests.test_empty_content_length[POST] ________
file /home/user/requests_tests/tests/test_requests.py, line 128
      @pytest.mark.parametrize("method", ("POST", "PUT", "PATCH", "OPTIONS"))
      def test_empty_content_length(self, httpbin, method):
file /home/user/requests_tests/tests/conftest.py, line 25
  @pytest.fixture
  def httpbin(httpbin):
E       recursive dependency involving fixture 'httpbin' detected
>       available fixtures: _session_faker, cache, capfd, capfdbinary, caplog, capsys, capsysbinary, doctest_namespace, faker, httpbin, httpbin_secure, monkeypatch, nosan_server, pytestconfig, record_property, record_testsuite_property, record_xml_attribute, recwarn, tmp_path, tmp_path_factory, tmpdir, tmpdir_factory
>       use 'pytest --fixtures [testpath]' for help on them.

/home/user/requests_tests/tests/conftest.py:25
________ ERROR at setup of TestRequests.test_empty_content_length[PUT] _________
file /home/user/requests_tests/tests/test_requests.py, line 128
      @pytest.mark.parametrize("method", ("POST", "PUT", "PATCH", "OPTIONS"))
      def test_empty_content_length(self, httpbin, method):
file /home/user/requests_tests/tests/conftest.py, line 25
  @pytest.fixture
  def httpbin(httpbin):
E       recursive dependency involving fixture 'httpbin' detected
>       available fixtures: _session_faker, cache, capfd, capfdbinary, caplog, capsys, capsysbinary, doctest_namespace, faker, httpbin, httpbin_secure, monkeypatch, nosan_server, pytestconfig, record_property, record_testsuite_property, record_xml_attribute, recwarn, tmp_path, tmp_path_factory, tmpdir, tmpdir_factory
>       use 'pytest --fixtures [testpath]' for help on them.

/home/user/requests_tests/tests/conftest.py:25
_______ ERROR at setup of TestRequests.test_empty_content_length[PATCH] ________
file /home/user/requests_tests/tests/test_requests.py, line 128
      @pytest.mark.parametrize("method", ("POST", "PUT", "PATCH", "OPTIONS"))
      def test_empty_content_length(self, httpbin, method):
file /home/user/requests_tests/tests/conftest.py, line 25
  @pytest.fixture
  def httpbin(httpbin):
E       recursive dependency involving fixture 'httpbin' detected
>       available fixtures: _session_faker, cache, capfd, capfdbinary, caplog, capsys, capsysbinary, doctest_namespace, faker, httpbin, httpbin_secure, monkeypatch, nosan_server, pytestconfig, record_property, record_testsuite_property, record_xml_attribute, recwarn, tmp_path, tmp_path_factory, tmpdir, tmpdir_factory
>       use 'pytest --fixtures [testpath]' for help on them.

/home/user/requests_tests/tests/conftest.py:25
______ ERROR at setup of TestRequests.test_empty_content_length[OPTIONS] _______
file /home/user/requests_tests/tests/test_requests.py, line 128
      @pytest.mark.parametrize("method", ("POST", "PUT", "PATCH", "OPTIONS"))
      def test_empty_content_length(self, httpbin, method):
file /home/user/requests_tests/tests/conftest.py, line 25
  @pytest.fixture
  def httpbin(httpbin):
E       recursive dependency involving fixture 'httpbin' detected
>       available fixtures: _session_faker, cache, capfd, capfdbinary, caplog, capsys, capsysbinary, doctest_namespace, faker, httpbin, httpbin_secure, monkeypatch, nosan_server, pytestconfig, record_property, record_testsuite_property, record_xml_attribute, recwarn, tmp_path, tmp_path_factory, tmpdir, tmpdir_factory
>       use 'pytest --fixtures [testpath]' for help on them.

/home/user/requests_tests/tests/conftest.py:25
_________ ERROR at setup of TestRequests.test_override_content_length __________
file /home/user/requests_tests/tests/test_requests.py, line 133
      def test_override_content_length(self, httpbin):
file /home/user/requests_tests/tests/conftest.py, line 25
  @pytest.fixture
  def httpbin(httpbin):
E       recursive dependency involving fixture 'httpbin' detected
>       available fixtures: _session_faker, cache, capfd, capfdbinary, caplog, capsys, capsysbinary, doctest_namespace, faker, httpbin, httpbin_secure, monkeypatch, nosan_server, pytestconfig, record_property, record_testsuite_property, record_xml_attribute, recwarn, tmp_path, tmp_path_factory, tmpdir, tmpdir_factory
>       use 'pytest --fixtures [testpath]' for help on them.

/home/user/requests_tests/tests/conftest.py:25
__ ERROR at setup of TestRequests.test_mixed_case_scheme_acceptable[http://] ___
file /home/user/requests_tests/tests/test_requests.py, line 189
      @pytest.mark.parametrize("scheme", ("http://", "HTTP://", "hTTp://", "HttP://"))
      def test_mixed_case_scheme_acceptable(self, httpbin, scheme):
file /home/user/requests_tests/tests/conftest.py, line 25
  @pytest.fixture
  def httpbin(httpbin):
E       recursive dependency involving fixture 'httpbin' detected
>       available fixtures: _session_faker, cache, capfd, capfdbinary, caplog, capsys, capsysbinary, doctest_namespace, faker, httpbin, httpbin_secure, monkeypatch, nosan_server, pytestconfig, record_property, record_testsuite_property, record_xml_attribute, recwarn, tmp_path, tmp_path_factory, tmpdir, tmpdir_factory
>       use 'pytest --fixtures [testpath]' for help on them.

/home/user/requests_tests/tests/conftest.py:25
__ ERROR at setup of TestRequests.test_mixed_case_scheme_acceptable[HTTP://] ___
file /home/user/requests_tests/tests/test_requests.py, line 189
      @pytest.mark.parametrize("scheme", ("http://", "HTTP://", "hTTp://", "HttP://"))
      def test_mixed_case_scheme_acceptable(self, httpbin, scheme):
file /home/user/requests_tests/tests/conftest.py, line 25
  @pytest.fixture
  def httpbin(httpbin):
E       recursive dependency involving fixture 'httpbin' detected
>       available fixtures: _session_faker, cache, capfd, capfdbinary, caplog, capsys, capsysbinary, doctest_namespace, faker, httpbin, httpbin_secure, monkeypatch, nosan_server, pytestconfig, record_property, record_testsuite_property, record_xml_attribute, recwarn, tmp_path, tmp_path_factory, tmpdir, tmpdir_factory
>       use 'pytest --fixtures [testpath]' for help on them.

/home/user/requests_tests/tests/conftest.py:25
__ ERROR at setup of TestRequests.test_mixed_case_scheme_acceptable[hTTp://] ___
file /home/user/requests_tests/tests/test_requests.py, line 189
      @pytest.mark.parametrize("scheme", ("http://", "HTTP://", "hTTp://", "HttP://"))
      def test_mixed_case_scheme_acceptable(self, httpbin, scheme):
file /home/user/requests_tests/tests/conftest.py, line 25
  @pytest.fixture
  def httpbin(httpbin):
E       recursive dependency involving fixture 'httpbin' detected
>       available fixtures: _session_faker, cache, capfd, capfdbinary, caplog, capsys, capsysbinary, doctest_namespace, faker, httpbin, httpbin_secure, monkeypatch, nosan_server, pytestconfig, record_property, record_testsuite_property, record_xml_attribute, recwarn, tmp_path, tmp_path_factory, tmpdir, tmpdir_factory
>       use 'pytest --fixtures [testpath]' for help on them.

/home/user/requests_tests/tests/conftest.py:25
__ ERROR at setup of TestRequests.test_mixed_case_scheme_acceptable[HttP://] ___
file /home/user/requests_tests/tests/test_requests.py, line 189
      @pytest.mark.parametrize("scheme", ("http://", "HTTP://", "hTTp://", "HttP://"))
      def test_mixed_case_scheme_acceptable(self, httpbin, scheme):
file /home/user/requests_tests/tests/conftest.py, line 25
  @pytest.fixture
  def httpbin(httpbin):
E       recursive dependency involving fixture 'httpbin' detected
>       available fixtures: _session_faker, cache, capfd, capfdbinary, caplog, capsys, capsysbinary, doctest_namespace, faker, httpbin, httpbin_secure, monkeypatch, nosan_server, pytestconfig, record_property, record_testsuite_property, record_xml_attribute, recwarn, tmp_path, tmp_path_factory, tmpdir, tmpdir_factory
>       use 'pytest --fixtures [testpath]' for help on them.

/home/user/requests_tests/tests/conftest.py:25
_______ ERROR at setup of TestRequests.test_HTTP_200_OK_GET_ALTERNATIVE ________
file /home/user/requests_tests/tests/test_requests.py, line 199
      def test_HTTP_200_OK_GET_ALTERNATIVE(self, httpbin):
file /home/user/requests_tests/tests/conftest.py, line 25
  @pytest.fixture
  def httpbin(httpbin):
E       recursive dependency involving fixture 'httpbin' detected
>       available fixtures: _session_faker, cache, capfd, capfdbinary, caplog, capsys, capsysbinary, doctest_namespace, faker, httpbin, httpbin_secure, monkeypatch, nosan_server, pytestconfig, record_property, record_testsuite_property, record_xml_attribute, recwarn, tmp_path, tmp_path_factory, tmpdir, tmpdir_factory
>       use 'pytest --fixtures [testpath]' for help on them.

/home/user/requests_tests/tests/conftest.py:25
_______ ERROR at setup of TestRequests.test_HTTP_302_ALLOW_REDIRECT_GET ________
file /home/user/requests_tests/tests/test_requests.py, line 208
      def test_HTTP_302_ALLOW_REDIRECT_GET(self, httpbin):
file /home/user/requests_tests/tests/conftest.py, line 25
  @pytest.fixture
  def httpbin(httpbin):
E       recursive dependency involving fixture 'httpbin' detected
>       available fixtures: _session_faker, cache, capfd, capfdbinary, caplog, capsys, capsysbinary, doctest_namespace, faker, httpbin, httpbin_secure, monkeypatch, nosan_server, pytestconfig, record_property, record_testsuite_property, record_xml_attribute, recwarn, tmp_path, tmp_path_factory, tmpdir, tmpdir_factory
>       use 'pytest --fixtures [testpath]' for help on them.

/home/user/requests_tests/tests/conftest.py:25
_______ ERROR at setup of TestRequests.test_HTTP_307_ALLOW_REDIRECT_POST _______
file /home/user/requests_tests/tests/test_requests.py, line 214
      def test_HTTP_307_ALLOW_REDIRECT_POST(self, httpbin):
file /home/user/requests_tests/tests/conftest.py, line 25
  @pytest.fixture
  def httpbin(httpbin):
E       recursive dependency involving fixture 'httpbin' detected
>       available fixtures: _session_faker, cache, capfd, capfdbinary, caplog, capsys, capsysbinary, doctest_namespace, faker, httpbin, httpbin_secure, monkeypatch, nosan_server, pytestconfig, record_property, record_testsuite_property, record_xml_attribute, recwarn, tmp_path, tmp_path_factory, tmpdir, tmpdir_factory
>       use 'pytest --fixtures [testpath]' for help on them.

/home/user/requests_tests/tests/conftest.py:25
_ ERROR at setup of TestRequests.test_HTTP_307_ALLOW_REDIRECT_POST_WITH_SEEKABLE _
file /home/user/requests_tests/tests/test_requests.py, line 225
      def test_HTTP_307_ALLOW_REDIRECT_POST_WITH_SEEKABLE(self, httpbin):
file /home/user/requests_tests/tests/conftest.py, line 25
  @pytest.fixture
  def httpbin(httpbin):
E       recursive dependency involving fixture 'httpbin' detected
>       available fixtures: _session_faker, cache, capfd, capfdbinary, caplog, capsys, capsysbinary, doctest_namespace, faker, httpbin, httpbin_secure, monkeypatch, nosan_server, pytestconfig, record_property, record_testsuite_property, record_xml_attribute, recwarn, tmp_path, tmp_path_factory, tmpdir, tmpdir_factory
>       use 'pytest --fixtures [testpath]' for help on them.

/home/user/requests_tests/tests/conftest.py:25
_______ ERROR at setup of TestRequests.test_HTTP_302_TOO_MANY_REDIRECTS ________
file /home/user/requests_tests/tests/test_requests.py, line 237
      def test_HTTP_302_TOO_MANY_REDIRECTS(self, httpbin):
file /home/user/requests_tests/tests/conftest.py, line 25
  @pytest.fixture
  def httpbin(httpbin):
E       recursive dependency involving fixture 'httpbin' detected
>       available fixtures: _session_faker, cache, capfd, capfdbinary, caplog, capsys, capsysbinary, doctest_namespace, faker, httpbin, httpbin_secure, monkeypatch, nosan_server, pytestconfig, record_property, record_testsuite_property, record_xml_attribute, recwarn, tmp_path, tmp_path_factory, tmpdir, tmpdir_factory
>       use 'pytest --fixtures [testpath]' for help on them.

/home/user/requests_tests/tests/conftest.py:25
_ ERROR at setup of TestRequests.test_HTTP_302_TOO_MANY_REDIRECTS_WITH_PARAMS __
file /home/user/requests_tests/tests/test_requests.py, line 248
      def test_HTTP_302_TOO_MANY_REDIRECTS_WITH_PARAMS(self, httpbin):
file /home/user/requests_tests/tests/conftest.py, line 25
  @pytest.fixture
  def httpbin(httpbin):
E       recursive dependency involving fixture 'httpbin' detected
>       available fixtures: _session_faker, cache, capfd, capfdbinary, caplog, capsys, capsysbinary, doctest_namespace, faker, httpbin, httpbin_secure, monkeypatch, nosan_server, pytestconfig, record_property, record_testsuite_property, record_xml_attribute, recwarn, tmp_path, tmp_path_factory, tmpdir, tmpdir_factory
>       use 'pytest --fixtures [testpath]' for help on them.

/home/user/requests_tests/tests/conftest.py:25
_______ ERROR at setup of TestRequests.test_http_301_changes_post_to_get _______
file /home/user/requests_tests/tests/test_requests.py, line 263
      def test_http_301_changes_post_to_get(self, httpbin):
file /home/user/requests_tests/tests/conftest.py, line 25
  @pytest.fixture
  def httpbin(httpbin):
E       recursive dependency involving fixture 'httpbin' detected
>       available fixtures: _session_faker, cache, capfd, capfdbinary, caplog, capsys, capsysbinary, doctest_namespace, faker, httpbin, httpbin_secure, monkeypatch, nosan_server, pytestconfig, record_property, record_testsuite_property, record_xml_attribute, recwarn, tmp_path, tmp_path_factory, tmpdir, tmpdir_factory
>       use 'pytest --fixtures [testpath]' for help on them.

/home/user/requests_tests/tests/conftest.py:25
____ ERROR at setup of TestRequests.test_http_301_doesnt_change_head_to_get ____
file /home/user/requests_tests/tests/test_requests.py, line 270
      def test_http_301_doesnt_change_head_to_get(self, httpbin):
file /home/user/requests_tests/tests/conftest.py, line 25
  @pytest.fixture
  def httpbin(httpbin):
E       recursive dependency involving fixture 'httpbin' detected
>       available fixtures: _session_faker, cache, capfd, capfdbinary, caplog, capsys, capsysbinary, doctest_namespace, faker, httpbin, httpbin_secure, monkeypatch, nosan_server, pytestconfig, record_property, record_testsuite_property, record_xml_attribute, recwarn, tmp_path, tmp_path_factory, tmpdir, tmpdir_factory
>       use 'pytest --fixtures [testpath]' for help on them.

/home/user/requests_tests/tests/conftest.py:25
_______ ERROR at setup of TestRequests.test_http_302_changes_post_to_get _______
file /home/user/requests_tests/tests/test_requests.py, line 278
      def test_http_302_changes_post_to_get(self, httpbin):
file /home/user/requests_tests/tests/conftest.py, line 25
  @pytest.fixture
  def httpbin(httpbin):
E       recursive dependency involving fixture 'httpbin' detected
>       available fixtures: _session_faker, cache, capfd, capfdbinary, caplog, capsys, capsysbinary, doctest_namespace, faker, httpbin, httpbin_secure, monkeypatch, nosan_server, pytestconfig, record_property, record_testsuite_property, record_xml_attribute, recwarn, tmp_path, tmp_path_factory, tmpdir, tmpdir_factory
>       use 'pytest --fixtures [testpath]' for help on them.

/home/user/requests_tests/tests/conftest.py:25
____ ERROR at setup of TestRequests.test_http_302_doesnt_change_head_to_get ____
file /home/user/requests_tests/tests/test_requests.py, line 285
      def test_http_302_doesnt_change_head_to_get(self, httpbin):
file /home/user/requests_tests/tests/conftest.py, line 25
  @pytest.fixture
  def httpbin(httpbin):
E       recursive dependency involving fixture 'httpbin' detected
>       available fixtures: _session_faker, cache, capfd, capfdbinary, caplog, capsys, capsysbinary, doctest_namespace, faker, httpbin, httpbin_secure, monkeypatch, nosan_server, pytestconfig, record_property, record_testsuite_property, record_xml_attribute, recwarn, tmp_path, tmp_path_factory, tmpdir, tmpdir_factory
>       use 'pytest --fixtures [testpath]' for help on them.

/home/user/requests_tests/tests/conftest.py:25
_______ ERROR at setup of TestRequests.test_http_303_changes_post_to_get _______
file /home/user/requests_tests/tests/test_requests.py, line 292
      def test_http_303_changes_post_to_get(self, httpbin):
file /home/user/requests_tests/tests/conftest.py, line 25
  @pytest.fixture
  def httpbin(httpbin):
E       recursive dependency involving fixture 'httpbin' detected
>       available fixtures: _session_faker, cache, capfd, capfdbinary, caplog, capsys, capsysbinary, doctest_namespace, faker, httpbin, httpbin_secure, monkeypatch, nosan_server, pytestconfig, record_property, record_testsuite_property, record_xml_attribute, recwarn, tmp_path, tmp_path_factory, tmpdir, tmpdir_factory
>       use 'pytest --fixtures [testpath]' for help on them.

/home/user/requests_tests/tests/conftest.py:25
____ ERROR at setup of TestRequests.test_http_303_doesnt_change_head_to_get ____
file /home/user/requests_tests/tests/test_requests.py, line 299
      def test_http_303_doesnt_change_head_to_get(self, httpbin):
file /home/user/requests_tests/tests/conftest.py, line 25
  @pytest.fixture
  def httpbin(httpbin):
E       recursive dependency involving fixture 'httpbin' detected
>       available fixtures: _session_faker, cache, capfd, capfdbinary, caplog, capsys, capsysbinary, doctest_namespace, faker, httpbin, httpbin_secure, monkeypatch, nosan_server, pytestconfig, record_property, record_testsuite_property, record_xml_attribute, recwarn, tmp_path, tmp_path_factory, tmpdir, tmpdir_factory
>       use 'pytest --fixtures [testpath]' for help on them.

/home/user/requests_tests/tests/conftest.py:25
___ ERROR at setup of TestRequests.test_header_and_body_removal_on_redirect ____
file /home/user/requests_tests/tests/test_requests.py, line 306
      def test_header_and_body_removal_on_redirect(self, httpbin):
file /home/user/requests_tests/tests/conftest.py, line 25
  @pytest.fixture
  def httpbin(httpbin):
E       recursive dependency involving fixture 'httpbin' detected
>       available fixtures: _session_faker, cache, capfd, capfdbinary, caplog, capsys, capsysbinary, doctest_namespace, faker, httpbin, httpbin_secure, monkeypatch, nosan_server, pytestconfig, record_property, record_testsuite_property, record_xml_attribute, recwarn, tmp_path, tmp_path_factory, tmpdir, tmpdir_factory
>       use 'pytest --fixtures [testpath]' for help on them.

/home/user/requests_tests/tests/conftest.py:25
_____ ERROR at setup of TestRequests.test_transfer_enc_removal_on_redirect _____
file /home/user/requests_tests/tests/test_requests.py, line 323
      def test_transfer_enc_removal_on_redirect(self, httpbin):
file /home/user/requests_tests/tests/conftest.py, line 25
  @pytest.fixture
  def httpbin(httpbin):
E       recursive dependency involving fixture 'httpbin' detected
>       available fixtures: _session_faker, cache, capfd, capfdbinary, caplog, capsys, capsysbinary, doctest_namespace, faker, httpbin, httpbin_secure, monkeypatch, nosan_server, pytestconfig, record_property, record_testsuite_property, record_xml_attribute, recwarn, tmp_path, tmp_path_factory, tmpdir, tmpdir_factory
>       use 'pytest --fixtures [testpath]' for help on them.

/home/user/requests_tests/tests/conftest.py:25
_____ ERROR at setup of TestRequests.test_fragment_maintained_on_redirect ______
file /home/user/requests_tests/tests/test_requests.py, line 346
      def test_fragment_maintained_on_redirect(self, httpbin):
file /home/user/requests_tests/tests/conftest.py, line 25
  @pytest.fixture
  def httpbin(httpbin):
E       recursive dependency involving fixture 'httpbin' detected
>       available fixtures: _session_faker, cache, capfd, capfdbinary, caplog, capsys, capsysbinary, doctest_namespace, faker, httpbin, httpbin_secure, monkeypatch, nosan_server, pytestconfig, record_property, record_testsuite_property, record_xml_attribute, recwarn, tmp_path, tmp_path_factory, tmpdir, tmpdir_factory
>       use 'pytest --fixtures [testpath]' for help on them.

/home/user/requests_tests/tests/conftest.py:25
_______ ERROR at setup of TestRequests.test_HTTP_200_OK_GET_WITH_PARAMS ________
file /home/user/requests_tests/tests/test_requests.py, line 354
      def test_HTTP_200_OK_GET_WITH_PARAMS(self, httpbin):
file /home/user/requests_tests/tests/conftest.py, line 25
  @pytest.fixture
  def httpbin(httpbin):
E       recursive dependency involving fixture 'httpbin' detected
>       available fixtures: _session_faker, cache, capfd, capfdbinary, caplog, capsys, capsysbinary, doctest_namespace, faker, httpbin, httpbin_secure, monkeypatch, nosan_server, pytestconfig, record_property, record_testsuite_property, record_xml_attribute, recwarn, tmp_path, tmp_path_factory, tmpdir, tmpdir_factory
>       use 'pytest --fixtures [testpath]' for help on them.

/home/user/requests_tests/tests/conftest.py:25
____ ERROR at setup of TestRequests.test_HTTP_200_OK_GET_WITH_MIXED_PARAMS _____
file /home/user/requests_tests/tests/test_requests.py, line 362
      def test_HTTP_200_OK_GET_WITH_MIXED_PARAMS(self, httpbin):
file /home/user/requests_tests/tests/conftest.py, line 25
  @pytest.fixture
  def httpbin(httpbin):
E       recursive dependency involving fixture 'httpbin' detected
>       available fixtures: _session_faker, cache, capfd, capfdbinary, caplog, capsys, capsysbinary, doctest_namespace, faker, httpbin, httpbin_secure, monkeypatch, nosan_server, pytestconfig, record_property, record_testsuite_property, record_xml_attribute, recwarn, tmp_path, tmp_path_factory, tmpdir, tmpdir_factory
>       use 'pytest --fixtures [testpath]' for help on them.

/home/user/requests_tests/tests/conftest.py:25
____________ ERROR at setup of TestRequests.test_set_cookie_on_301 _____________
file /home/user/requests_tests/tests/test_requests.py, line 370
      def test_set_cookie_on_301(self, httpbin):
file /home/user/requests_tests/tests/conftest.py, line 25
  @pytest.fixture
  def httpbin(httpbin):
E       recursive dependency involving fixture 'httpbin' detected
>       available fixtures: _session_faker, cache, capfd, capfdbinary, caplog, capsys, capsysbinary, doctest_namespace, faker, httpbin, httpbin_secure, monkeypatch, nosan_server, pytestconfig, record_property, record_testsuite_property, record_xml_attribute, recwarn, tmp_path, tmp_path_factory, tmpdir, tmpdir_factory
>       use 'pytest --fixtures [testpath]' for help on them.

/home/user/requests_tests/tests/conftest.py:25
_________ ERROR at setup of TestRequests.test_cookie_sent_on_redirect __________
file /home/user/requests_tests/tests/test_requests.py, line 376
      def test_cookie_sent_on_redirect(self, httpbin):
file /home/user/requests_tests/tests/conftest.py, line 25
  @pytest.fixture
  def httpbin(httpbin):
E       recursive dependency involving fixture 'httpbin' detected
>       available fixtures: _session_faker, cache, capfd, capfdbinary, caplog, capsys, capsysbinary, doctest_namespace, faker, httpbin, httpbin_secure, monkeypatch, nosan_server, pytestconfig, record_property, record_testsuite_property, record_xml_attribute, recwarn, tmp_path, tmp_path_factory, tmpdir, tmpdir_factory
>       use 'pytest --fixtures [testpath]' for help on them.

/home/user/requests_tests/tests/conftest.py:25
_________ ERROR at setup of TestRequests.test_cookie_removed_on_expire _________
file /home/user/requests_tests/tests/test_requests.py, line 382
      def test_cookie_removed_on_expire(self, httpbin):
file /home/user/requests_tests/tests/conftest.py, line 25
  @pytest.fixture
  def httpbin(httpbin):
E       recursive dependency involving fixture 'httpbin' detected
>       available fixtures: _session_faker, cache, capfd, capfdbinary, caplog, capsys, capsysbinary, doctest_namespace, faker, httpbin, httpbin_secure, monkeypatch, nosan_server, pytestconfig, record_property, record_testsuite_property, record_xml_attribute, recwarn, tmp_path, tmp_path_factory, tmpdir, tmpdir_factory
>       use 'pytest --fixtures [testpath]' for help on them.

/home/user/requests_tests/tests/conftest.py:25
___________ ERROR at setup of TestRequests.test_cookie_quote_wrapped ___________
file /home/user/requests_tests/tests/test_requests.py, line 392
      def test_cookie_quote_wrapped(self, httpbin):
file /home/user/requests_tests/tests/conftest.py, line 25
  @pytest.fixture
  def httpbin(httpbin):
E       recursive dependency involving fixture 'httpbin' detected
>       available fixtures: _session_faker, cache, capfd, capfdbinary, caplog, capsys, capsysbinary, doctest_namespace, faker, httpbin, httpbin_secure, monkeypatch, nosan_server, pytestconfig, record_property, record_testsuite_property, record_xml_attribute, recwarn, tmp_path, tmp_path_factory, tmpdir, tmpdir_factory
>       use 'pytest --fixtures [testpath]' for help on them.

/home/user/requests_tests/tests/conftest.py:25
_________ ERROR at setup of TestRequests.test_cookie_persists_via_api __________
file /home/user/requests_tests/tests/test_requests.py, line 397
      def test_cookie_persists_via_api(self, httpbin):
file /home/user/requests_tests/tests/conftest.py, line 25
  @pytest.fixture
  def httpbin(httpbin):
E       recursive dependency involving fixture 'httpbin' detected
>       available fixtures: _session_faker, cache, capfd, capfdbinary, caplog, capsys, capsysbinary, doctest_namespace, faker, httpbin, httpbin_secure, monkeypatch, nosan_server, pytestconfig, record_property, record_testsuite_property, record_xml_attribute, recwarn, tmp_path, tmp_path_factory, tmpdir, tmpdir_factory
>       use 'pytest --fixtures [testpath]' for help on them.

/home/user/requests_tests/tests/conftest.py:25
_ ERROR at setup of TestRequests.test_request_cookie_overrides_session_cookie __
file /home/user/requests_tests/tests/test_requests.py, line 403
      def test_request_cookie_overrides_session_cookie(self, httpbin):
file /home/user/requests_tests/tests/conftest.py, line 25
  @pytest.fixture
  def httpbin(httpbin):
E       recursive dependency involving fixture 'httpbin' detected
>       available fixtures: _session_faker, cache, capfd, capfdbinary, caplog, capsys, capsysbinary, doctest_namespace, faker, httpbin, httpbin_secure, monkeypatch, nosan_server, pytestconfig, record_property, record_testsuite_property, record_xml_attribute, recwarn, tmp_path, tmp_path_factory, tmpdir, tmpdir_factory
>       use 'pytest --fixtures [testpath]' for help on them.

/home/user/requests_tests/tests/conftest.py:25
______ ERROR at setup of TestRequests.test_request_cookies_not_persisted _______
file /home/user/requests_tests/tests/test_requests.py, line 411
      def test_request_cookies_not_persisted(self, httpbin):
file /home/user/requests_tests/tests/conftest.py, line 25
  @pytest.fixture
  def httpbin(httpbin):
E       recursive dependency involving fixture 'httpbin' detected
>       available fixtures: _session_faker, cache, capfd, capfdbinary, caplog, capsys, capsysbinary, doctest_namespace, faker, httpbin, httpbin_secure, monkeypatch, nosan_server, pytestconfig, record_property, record_testsuite_property, record_xml_attribute, recwarn, tmp_path, tmp_path_factory, tmpdir, tmpdir_factory
>       use 'pytest --fixtures [testpath]' for help on them.

/home/user/requests_tests/tests/conftest.py:25
_________ ERROR at setup of TestRequests.test_generic_cookiejar_works __________
file /home/user/requests_tests/tests/test_requests.py, line 417
      def test_generic_cookiejar_works(self, httpbin):
file /home/user/requests_tests/tests/conftest.py, line 25
  @pytest.fixture
  def httpbin(httpbin):
E       recursive dependency involving fixture 'httpbin' detected
>       available fixtures: _session_faker, cache, capfd, capfdbinary, caplog, capsys, capsysbinary, doctest_namespace, faker, httpbin, httpbin_secure, monkeypatch, nosan_server, pytestconfig, record_property, record_testsuite_property, record_xml_attribute, recwarn, tmp_path, tmp_path_factory, tmpdir, tmpdir_factory
>       use 'pytest --fixtures [testpath]' for help on them.

/home/user/requests_tests/tests/conftest.py:25
__________ ERROR at setup of TestRequests.test_param_cookiejar_works ___________
file /home/user/requests_tests/tests/test_requests.py, line 428
      def test_param_cookiejar_works(self, httpbin):
file /home/user/requests_tests/tests/conftest.py, line 25
  @pytest.fixture
  def httpbin(httpbin):
E       recursive dependency involving fixture 'httpbin' detected
>       available fixtures: _session_faker, cache, capfd, capfdbinary, caplog, capsys, capsysbinary, doctest_namespace, faker, httpbin, httpbin_secure, monkeypatch, nosan_server, pytestconfig, record_property, record_testsuite_property, record_xml_attribute, recwarn, tmp_path, tmp_path_factory, tmpdir, tmpdir_factory
>       use 'pytest --fixtures [testpath]' for help on them.

/home/user/requests_tests/tests/conftest.py:25
_____ ERROR at setup of TestRequests.test_cookielib_cookiejar_on_redirect ______
file /home/user/requests_tests/tests/test_requests.py, line 436
      def test_cookielib_cookiejar_on_redirect(self, httpbin):
file /home/user/requests_tests/tests/conftest.py, line 25
  @pytest.fixture
  def httpbin(httpbin):
E       recursive dependency involving fixture 'httpbin' detected
>       available fixtures: _session_faker, cache, capfd, capfdbinary, caplog, capsys, capsysbinary, doctest_namespace, faker, httpbin, httpbin_secure, monkeypatch, nosan_server, pytestconfig, record_property, record_testsuite_property, record_xml_attribute, recwarn, tmp_path, tmp_path_factory, tmpdir, tmpdir_factory
>       use 'pytest --fixtures [testpath]' for help on them.

/home/user/requests_tests/tests/conftest.py:25
__ ERROR at setup of TestRequests.test_requests_in_history_are_not_overridden __
file /home/user/requests_tests/tests/test_requests.py, line 468
      def test_requests_in_history_are_not_overridden(self, httpbin):
file /home/user/requests_tests/tests/conftest.py, line 25
  @pytest.fixture
  def httpbin(httpbin):
E       recursive dependency involving fixture 'httpbin' detected
>       available fixtures: _session_faker, cache, capfd, capfdbinary, caplog, capsys, capsysbinary, doctest_namespace, faker, httpbin, httpbin_secure, monkeypatch, nosan_server, pytestconfig, record_property, record_testsuite_property, record_xml_attribute, recwarn, tmp_path, tmp_path_factory, tmpdir, tmpdir_factory
>       use 'pytest --fixtures [testpath]' for help on them.

/home/user/requests_tests/tests/conftest.py:25
_________ ERROR at setup of TestRequests.test_history_is_always_a_list _________
file /home/user/requests_tests/tests/test_requests.py, line 474
      def test_history_is_always_a_list(self, httpbin):
file /home/user/requests_tests/tests/conftest.py, line 25
  @pytest.fixture
  def httpbin(httpbin):
E       recursive dependency involving fixture 'httpbin' detected
>       available fixtures: _session_faker, cache, capfd, capfdbinary, caplog, capsys, capsysbinary, doctest_namespace, faker, httpbin, httpbin_secure, monkeypatch, nosan_server, pytestconfig, record_property, record_testsuite_property, record_xml_attribute, recwarn, tmp_path, tmp_path_factory, tmpdir, tmpdir_factory
>       use 'pytest --fixtures [testpath]' for help on them.

/home/user/requests_tests/tests/conftest.py:25
_ ERROR at setup of TestRequests.test_headers_on_session_with_None_are_not_sent _
file /home/user/requests_tests/tests/test_requests.py, line 482
      def test_headers_on_session_with_None_are_not_sent(self, httpbin):
file /home/user/requests_tests/tests/conftest.py, line 25
  @pytest.fixture
  def httpbin(httpbin):
E       recursive dependency involving fixture 'httpbin' detected
>       available fixtures: _session_faker, cache, capfd, capfdbinary, caplog, capsys, capsysbinary, doctest_namespace, faker, httpbin, httpbin_secure, monkeypatch, nosan_server, pytestconfig, record_property, record_testsuite_property, record_xml_attribute, recwarn, tmp_path, tmp_path_factory, tmpdir, tmpdir_factory
>       use 'pytest --fixtures [testpath]' for help on them.

/home/user/requests_tests/tests/conftest.py:25
__________ ERROR at setup of TestRequests.test_headers_preserve_order __________
file /home/user/requests_tests/tests/test_requests.py, line 490
      def test_headers_preserve_order(self, httpbin):
file /home/user/requests_tests/tests/conftest.py, line 25
  @pytest.fixture
  def httpbin(httpbin):
E       recursive dependency involving fixture 'httpbin' detected
>       available fixtures: _session_faker, cache, capfd, capfdbinary, caplog, capsys, capsysbinary, doctest_namespace, faker, httpbin, httpbin_secure, monkeypatch, nosan_server, pytestconfig, record_property, record_testsuite_property, record_xml_attribute, recwarn, tmp_path, tmp_path_factory, tmpdir, tmpdir_factory
>       use 'pytest --fixtures [testpath]' for help on them.

/home/user/requests_tests/tests/conftest.py:25
_____ ERROR at setup of TestRequests.test_user_agent_transfers[User-agent] _____
file /home/user/requests_tests/tests/test_requests.py, line 510
      @pytest.mark.parametrize("key", ("User-agent", "user-agent"))
      def test_user_agent_transfers(self, httpbin, key):
file /home/user/requests_tests/tests/conftest.py, line 25
  @pytest.fixture
  def httpbin(httpbin):
E       recursive dependency involving fixture 'httpbin' detected
>       available fixtures: _session_faker, cache, capfd, capfdbinary, caplog, capsys, capsysbinary, doctest_namespace, faker, httpbin, httpbin_secure, monkeypatch, nosan_server, pytestconfig, record_property, record_testsuite_property, record_xml_attribute, recwarn, tmp_path, tmp_path_factory, tmpdir, tmpdir_factory
>       use 'pytest --fixtures [testpath]' for help on them.

/home/user/requests_tests/tests/conftest.py:25
_____ ERROR at setup of TestRequests.test_user_agent_transfers[user-agent] _____
file /home/user/requests_tests/tests/test_requests.py, line 510
      @pytest.mark.parametrize("key", ("User-agent", "user-agent"))
      def test_user_agent_transfers(self, httpbin, key):
file /home/user/requests_tests/tests/conftest.py, line 25
  @pytest.fixture
  def httpbin(httpbin):
E       recursive dependency involving fixture 'httpbin' detected
>       available fixtures: _session_faker, cache, capfd, capfdbinary, caplog, capsys, capsysbinary, doctest_namespace, faker, httpbin, httpbin_secure, monkeypatch, nosan_server, pytestconfig, record_property, record_testsuite_property, record_xml_attribute, recwarn, tmp_path, tmp_path_factory, tmpdir, tmpdir_factory
>       use 'pytest --fixtures [testpath]' for help on them.

/home/user/requests_tests/tests/conftest.py:25
_____________ ERROR at setup of TestRequests.test_HTTP_200_OK_HEAD _____________
file /home/user/requests_tests/tests/test_requests.py, line 518
      def test_HTTP_200_OK_HEAD(self, httpbin):
file /home/user/requests_tests/tests/conftest.py, line 25
  @pytest.fixture
  def httpbin(httpbin):
E       recursive dependency involving fixture 'httpbin' detected
>       available fixtures: _session_faker, cache, capfd, capfdbinary, caplog, capsys, capsysbinary, doctest_namespace, faker, httpbin, httpbin_secure, monkeypatch, nosan_server, pytestconfig, record_property, record_testsuite_property, record_xml_attribute, recwarn, tmp_path, tmp_path_factory, tmpdir, tmpdir_factory
>       use 'pytest --fixtures [testpath]' for help on them.

/home/user/requests_tests/tests/conftest.py:25
_____________ ERROR at setup of TestRequests.test_HTTP_200_OK_PUT ______________
file /home/user/requests_tests/tests/test_requests.py, line 522
      def test_HTTP_200_OK_PUT(self, httpbin):
file /home/user/requests_tests/tests/conftest.py, line 25
  @pytest.fixture
  def httpbin(httpbin):
E       recursive dependency involving fixture 'httpbin' detected
>       available fixtures: _session_faker, cache, capfd, capfdbinary, caplog, capsys, capsysbinary, doctest_namespace, faker, httpbin, httpbin_secure, monkeypatch, nosan_server, pytestconfig, record_property, record_testsuite_property, record_xml_attribute, recwarn, tmp_path, tmp_path_factory, tmpdir, tmpdir_factory
>       use 'pytest --fixtures [testpath]' for help on them.

/home/user/requests_tests/tests/conftest.py:25
_____ ERROR at setup of TestRequests.test_BASICAUTH_TUPLE_HTTP_200_OK_GET ______
file /home/user/requests_tests/tests/test_requests.py, line 526
      def test_BASICAUTH_TUPLE_HTTP_200_OK_GET(self, httpbin):
file /home/user/requests_tests/tests/conftest.py, line 25
  @pytest.fixture
  def httpbin(httpbin):
E       recursive dependency involving fixture 'httpbin' detected
>       available fixtures: _session_faker, cache, capfd, capfdbinary, caplog, capsys, capsysbinary, doctest_namespace, faker, httpbin, httpbin_secure, monkeypatch, nosan_server, pytestconfig, record_property, record_testsuite_property, record_xml_attribute, recwarn, tmp_path, tmp_path_factory, tmpdir, tmpdir_factory
>       use 'pytest --fixtures [testpath]' for help on them.

/home/user/requests_tests/tests/conftest.py:25
_________ ERROR at setup of TestRequests.test_set_basicauth[user-pass] _________
file /home/user/requests_tests/tests/test_requests.py, line 541
      @pytest.mark.parametrize(
          "username, password",
          (
              ("user", "pass"),
              ("".encode(), "".encode()),
              (42, 42),
              (None, None),
          ),
      )
      def test_set_basicauth(self, httpbin, username, password):
file /home/user/requests_tests/tests/conftest.py, line 25
  @pytest.fixture
  def httpbin(httpbin):
E       recursive dependency involving fixture 'httpbin' detected
>       available fixtures: _session_faker, cache, capfd, capfdbinary, caplog, capsys, capsysbinary, doctest_namespace, faker, httpbin, httpbin_secure, monkeypatch, nosan_server, pytestconfig, record_property, record_testsuite_property, record_xml_attribute, recwarn, tmp_path, tmp_path_factory, tmpdir, tmpdir_factory
>       use 'pytest --fixtures [testpath]' for help on them.

/home/user/requests_tests/tests/conftest.py:25
_ ERROR at setup of TestRequests.test_set_basicauth[\xd0\xb8\xd0\xbc\xd1\x8f-\xd0\xbf\xd0\xb0\xd1\x80\xd0\xbe\xd0\xbb\xd1\x8c] _
file /home/user/requests_tests/tests/test_requests.py, line 541
      @pytest.mark.parametrize(
          "username, password",
          (
              ("user", "pass"),
              ("".encode(), "".encode()),
              (42, 42),
              (None, None),
          ),
      )
      def test_set_basicauth(self, httpbin, username, password):
file /home/user/requests_tests/tests/conftest.py, line 25
  @pytest.fixture
  def httpbin(httpbin):
E       recursive dependency involving fixture 'httpbin' detected
>       available fixtures: _session_faker, cache, capfd, capfdbinary, caplog, capsys, capsysbinary, doctest_namespace, faker, httpbin, httpbin_secure, monkeypatch, nosan_server, pytestconfig, record_property, record_testsuite_property, record_xml_attribute, recwarn, tmp_path, tmp_path_factory, tmpdir, tmpdir_factory
>       use 'pytest --fixtures [testpath]' for help on them.

/home/user/requests_tests/tests/conftest.py:25
___________ ERROR at setup of TestRequests.test_set_basicauth[42-42] ___________
file /home/user/requests_tests/tests/test_requests.py, line 541
      @pytest.mark.parametrize(
          "username, password",
          (
              ("user", "pass"),
              ("".encode(), "".encode()),
              (42, 42),
              (None, None),
          ),
      )
      def test_set_basicauth(self, httpbin, username, password):
file /home/user/requests_tests/tests/conftest.py, line 25
  @pytest.fixture
  def httpbin(httpbin):
E       recursive dependency involving fixture 'httpbin' detected
>       available fixtures: _session_faker, cache, capfd, capfdbinary, caplog, capsys, capsysbinary, doctest_namespace, faker, httpbin, httpbin_secure, monkeypatch, nosan_server, pytestconfig, record_property, record_testsuite_property, record_xml_attribute, recwarn, tmp_path, tmp_path_factory, tmpdir, tmpdir_factory
>       use 'pytest --fixtures [testpath]' for help on them.

/home/user/requests_tests/tests/conftest.py:25
_________ ERROR at setup of TestRequests.test_set_basicauth[None-None] _________
file /home/user/requests_tests/tests/test_requests.py, line 541
      @pytest.mark.parametrize(
          "username, password",
          (
              ("user", "pass"),
              ("".encode(), "".encode()),
              (42, 42),
              (None, None),
          ),
      )
      def test_set_basicauth(self, httpbin, username, password):
file /home/user/requests_tests/tests/conftest.py, line 25
  @pytest.fixture
  def httpbin(httpbin):
E       recursive dependency involving fixture 'httpbin' detected
>       available fixtures: _session_faker, cache, capfd, capfdbinary, caplog, capsys, capsysbinary, doctest_namespace, faker, httpbin, httpbin_secure, monkeypatch, nosan_server, pytestconfig, record_property, record_testsuite_property, record_xml_attribute, recwarn, tmp_path, tmp_path_factory, tmpdir, tmpdir_factory
>       use 'pytest --fixtures [testpath]' for help on them.

/home/user/requests_tests/tests/conftest.py:25
__________ ERROR at setup of TestRequests.test_proxy_error_on_bad_url __________
file /home/user/requests_tests/tests/test_requests.py, line 591
      def test_proxy_error_on_bad_url(self, httpbin, httpbin_secure):
file /home/user/requests_tests/tests/conftest.py, line 25
  @pytest.fixture
  def httpbin(httpbin):
E       recursive dependency involving fixture 'httpbin' detected
>       available fixtures: _session_faker, cache, capfd, capfdbinary, caplog, capsys, capsysbinary, doctest_namespace, faker, httpbin, httpbin_secure, monkeypatch, nosan_server, pytestconfig, record_property, record_testsuite_property, record_xml_attribute, recwarn, tmp_path, tmp_path_factory, tmpdir, tmpdir_factory
>       use 'pytest --fixtures [testpath]' for help on them.

/home/user/requests_tests/tests/conftest.py:25
_ ERROR at setup of TestRequests.test_respect_proxy_env_on_send_self_prepared_request _
file /home/user/requests_tests/tests/test_requests.py, line 604
      def test_respect_proxy_env_on_send_self_prepared_request(self, httpbin):
file /home/user/requests_tests/tests/conftest.py, line 25
  @pytest.fixture
  def httpbin(httpbin):
E       recursive dependency involving fixture 'httpbin' detected
>       available fixtures: _session_faker, cache, capfd, capfdbinary, caplog, capsys, capsysbinary, doctest_namespace, faker, httpbin, httpbin_secure, monkeypatch, nosan_server, pytestconfig, record_property, record_testsuite_property, record_xml_attribute, recwarn, tmp_path, tmp_path_factory, tmpdir, tmpdir_factory
>       use 'pytest --fixtures [testpath]' for help on them.

/home/user/requests_tests/tests/conftest.py:25
_ ERROR at setup of TestRequests.test_respect_proxy_env_on_send_session_prepared_request _
file /home/user/requests_tests/tests/test_requests.py, line 611
      def test_respect_proxy_env_on_send_session_prepared_request(self, httpbin):
file /home/user/requests_tests/tests/conftest.py, line 25
  @pytest.fixture
  def httpbin(httpbin):
E       recursive dependency involving fixture 'httpbin' detected
>       available fixtures: _session_faker, cache, capfd, capfdbinary, caplog, capsys, capsysbinary, doctest_namespace, faker, httpbin, httpbin_secure, monkeypatch, nosan_server, pytestconfig, record_property, record_testsuite_property, record_xml_attribute, recwarn, tmp_path, tmp_path_factory, tmpdir, tmpdir_factory
>       use 'pytest --fixtures [testpath]' for help on them.

/home/user/requests_tests/tests/conftest.py:25
_ ERROR at setup of TestRequests.test_respect_proxy_env_on_send_with_redirects _
file /home/user/requests_tests/tests/test_requests.py, line 619
      def test_respect_proxy_env_on_send_with_redirects(self, httpbin):
file /home/user/requests_tests/tests/conftest.py, line 25
  @pytest.fixture
  def httpbin(httpbin):
E       recursive dependency involving fixture 'httpbin' detected
>       available fixtures: _session_faker, cache, capfd, capfdbinary, caplog, capsys, capsysbinary, doctest_namespace, faker, httpbin, httpbin_secure, monkeypatch, nosan_server, pytestconfig, record_property, record_testsuite_property, record_xml_attribute, recwarn, tmp_path, tmp_path_factory, tmpdir, tmpdir_factory
>       use 'pytest --fixtures [testpath]' for help on them.

/home/user/requests_tests/tests/conftest.py:25
_________ ERROR at setup of TestRequests.test_respect_proxy_env_on_get _________
file /home/user/requests_tests/tests/test_requests.py, line 628
      def test_respect_proxy_env_on_get(self, httpbin):
file /home/user/requests_tests/tests/conftest.py, line 25
  @pytest.fixture
  def httpbin(httpbin):
E       recursive dependency involving fixture 'httpbin' detected
>       available fixtures: _session_faker, cache, capfd, capfdbinary, caplog, capsys, capsysbinary, doctest_namespace, faker, httpbin, httpbin_secure, monkeypatch, nosan_server, pytestconfig, record_property, record_testsuite_property, record_xml_attribute, recwarn, tmp_path, tmp_path_factory, tmpdir, tmpdir_factory
>       use 'pytest --fixtures [testpath]' for help on them.

/home/user/requests_tests/tests/conftest.py:25
_______ ERROR at setup of TestRequests.test_respect_proxy_env_on_request _______
file /home/user/requests_tests/tests/test_requests.py, line 634
      def test_respect_proxy_env_on_request(self, httpbin):
file /home/user/requests_tests/tests/conftest.py, line 25
  @pytest.fixture
  def httpbin(httpbin):
E       recursive dependency involving fixture 'httpbin' detected
>       available fixtures: _session_faker, cache, capfd, capfdbinary, caplog, capsys, capsysbinary, doctest_namespace, faker, httpbin, httpbin_secure, monkeypatch, nosan_server, pytestconfig, record_property, record_testsuite_property, record_xml_attribute, recwarn, tmp_path, tmp_path_factory, tmpdir, tmpdir_factory
>       use 'pytest --fixtures [testpath]' for help on them.

/home/user/requests_tests/tests/conftest.py:25
_ ERROR at setup of TestRequests.test_proxy_authorization_preserved_on_request _
file /home/user/requests_tests/tests/test_requests.py, line 640
      def test_proxy_authorization_preserved_on_request(self, httpbin):
file /home/user/requests_tests/tests/conftest.py, line 25
  @pytest.fixture
  def httpbin(httpbin):
E       recursive dependency involving fixture 'httpbin' detected
>       available fixtures: _session_faker, cache, capfd, capfdbinary, caplog, capsys, capsysbinary, doctest_namespace, faker, httpbin, httpbin_secure, monkeypatch, nosan_server, pytestconfig, record_property, record_testsuite_property, record_xml_attribute, recwarn, tmp_path, tmp_path_factory, tmpdir, tmpdir_factory
>       use 'pytest --fixtures [testpath]' for help on them.

/home/user/requests_tests/tests/conftest.py:25
___________ ERROR at setup of TestRequests.test_basicauth_with_netrc ___________
file /home/user/requests_tests/tests/test_requests.py, line 649
      def test_basicauth_with_netrc(self, httpbin):
file /home/user/requests_tests/tests/conftest.py, line 25
  @pytest.fixture
  def httpbin(httpbin):
E       recursive dependency involving fixture 'httpbin' detected
>       available fixtures: _session_faker, cache, capfd, capfdbinary, caplog, capsys, capsysbinary, doctest_namespace, faker, httpbin, httpbin_secure, monkeypatch, nosan_server, pytestconfig, record_property, record_testsuite_property, record_xml_attribute, recwarn, tmp_path, tmp_path_factory, tmpdir, tmpdir_factory
>       use 'pytest --fixtures [testpath]' for help on them.

/home/user/requests_tests/tests/conftest.py:25
__________ ERROR at setup of TestRequests.test_DIGEST_HTTP_200_OK_GET __________
file /home/user/requests_tests/tests/test_requests.py, line 684
      def test_DIGEST_HTTP_200_OK_GET(self, httpbin):
file /home/user/requests_tests/tests/conftest.py, line 25
  @pytest.fixture
  def httpbin(httpbin):
E       recursive dependency involving fixture 'httpbin' detected
>       available fixtures: _session_faker, cache, capfd, capfdbinary, caplog, capsys, capsysbinary, doctest_namespace, faker, httpbin, httpbin_secure, monkeypatch, nosan_server, pytestconfig, record_property, record_testsuite_property, record_xml_attribute, recwarn, tmp_path, tmp_path_factory, tmpdir, tmpdir_factory
>       use 'pytest --fixtures [testpath]' for help on them.

/home/user/requests_tests/tests/conftest.py:25
________ ERROR at setup of TestRequests.test_DIGEST_AUTH_RETURNS_COOKIE ________
file /home/user/requests_tests/tests/test_requests.py, line 702
      def test_DIGEST_AUTH_RETURNS_COOKIE(self, httpbin):
file /home/user/requests_tests/tests/conftest.py, line 25
  @pytest.fixture
  def httpbin(httpbin):
E       recursive dependency involving fixture 'httpbin' detected
>       available fixtures: _session_faker, cache, capfd, capfdbinary, caplog, capsys, capsysbinary, doctest_namespace, faker, httpbin, httpbin_secure, monkeypatch, nosan_server, pytestconfig, record_property, record_testsuite_property, record_xml_attribute, recwarn, tmp_path, tmp_path_factory, tmpdir, tmpdir_factory
>       use 'pytest --fixtures [testpath]' for help on them.

/home/user/requests_tests/tests/conftest.py:25
_____ ERROR at setup of TestRequests.test_DIGEST_AUTH_SETS_SESSION_COOKIES _____
file /home/user/requests_tests/tests/test_requests.py, line 713
      def test_DIGEST_AUTH_SETS_SESSION_COOKIES(self, httpbin):
file /home/user/requests_tests/tests/conftest.py, line 25
  @pytest.fixture
  def httpbin(httpbin):
E       recursive dependency involving fixture 'httpbin' detected
>       available fixtures: _session_faker, cache, capfd, capfdbinary, caplog, capsys, capsysbinary, doctest_namespace, faker, httpbin, httpbin_secure, monkeypatch, nosan_server, pytestconfig, record_property, record_testsuite_property, record_xml_attribute, recwarn, tmp_path, tmp_path_factory, tmpdir, tmpdir_factory
>       use 'pytest --fixtures [testpath]' for help on them.

/home/user/requests_tests/tests/conftest.py:25
______________ ERROR at setup of TestRequests.test_DIGEST_STREAM _______________
file /home/user/requests_tests/tests/test_requests.py, line 722
      def test_DIGEST_STREAM(self, httpbin):
file /home/user/requests_tests/tests/conftest.py, line 25
  @pytest.fixture
  def httpbin(httpbin):
E       recursive dependency involving fixture 'httpbin' detected
>       available fixtures: _session_faker, cache, capfd, capfdbinary, caplog, capsys, capsysbinary, doctest_namespace, faker, httpbin, httpbin_secure, monkeypatch, nosan_server, pytestconfig, record_property, record_testsuite_property, record_xml_attribute, recwarn, tmp_path, tmp_path_factory, tmpdir, tmpdir_factory
>       use 'pytest --fixtures [testpath]' for help on them.

/home/user/requests_tests/tests/conftest.py:25
______ ERROR at setup of TestRequests.test_DIGESTAUTH_WRONG_HTTP_401_GET _______
file /home/user/requests_tests/tests/test_requests.py, line 734
      def test_DIGESTAUTH_WRONG_HTTP_401_GET(self, httpbin):
file /home/user/requests_tests/tests/conftest.py, line 25
  @pytest.fixture
  def httpbin(httpbin):
E       recursive dependency involving fixture 'httpbin' detected
>       available fixtures: _session_faker, cache, capfd, capfdbinary, caplog, capsys, capsysbinary, doctest_namespace, faker, httpbin, httpbin_secure, monkeypatch, nosan_server, pytestconfig, record_property, record_testsuite_property, record_xml_attribute, recwarn, tmp_path, tmp_path_factory, tmpdir, tmpdir_factory
>       use 'pytest --fixtures [testpath]' for help on them.

/home/user/requests_tests/tests/conftest.py:25
_______ ERROR at setup of TestRequests.test_DIGESTAUTH_QUOTES_QOP_VALUE ________
file /home/user/requests_tests/tests/test_requests.py, line 751
      def test_DIGESTAUTH_QUOTES_QOP_VALUE(self, httpbin):
file /home/user/requests_tests/tests/conftest.py, line 25
  @pytest.fixture
  def httpbin(httpbin):
E       recursive dependency involving fixture 'httpbin' detected
>       available fixtures: _session_faker, cache, capfd, capfdbinary, caplog, capsys, capsysbinary, doctest_namespace, faker, httpbin, httpbin_secure, monkeypatch, nosan_server, pytestconfig, record_property, record_testsuite_property, record_xml_attribute, recwarn, tmp_path, tmp_path_factory, tmpdir, tmpdir_factory
>       use 'pytest --fixtures [testpath]' for help on them.

/home/user/requests_tests/tests/conftest.py:25
__________ ERROR at setup of TestRequests.test_POSTBIN_GET_POST_FILES __________
file /home/user/requests_tests/tests/test_requests.py, line 760
      def test_POSTBIN_GET_POST_FILES(self, httpbin):
file /home/user/requests_tests/tests/conftest.py, line 25
  @pytest.fixture
  def httpbin(httpbin):
E       recursive dependency involving fixture 'httpbin' detected
>       available fixtures: _session_faker, cache, capfd, capfdbinary, caplog, capsys, capsysbinary, doctest_namespace, faker, httpbin, httpbin_secure, monkeypatch, nosan_server, pytestconfig, record_property, record_testsuite_property, record_xml_attribute, recwarn, tmp_path, tmp_path_factory, tmpdir, tmpdir_factory
>       use 'pytest --fixtures [testpath]' for help on them.

/home/user/requests_tests/tests/conftest.py:25
___________ ERROR at setup of TestRequests.test_invalid_files_input ____________
file /home/user/requests_tests/tests/test_requests.py, line 778
      def test_invalid_files_input(self, httpbin):
file /home/user/requests_tests/tests/conftest.py, line 25
  @pytest.fixture
  def httpbin(httpbin):
E       recursive dependency involving fixture 'httpbin' detected
>       available fixtures: _session_faker, cache, capfd, capfdbinary, caplog, capsys, capsysbinary, doctest_namespace, faker, httpbin, httpbin_secure, monkeypatch, nosan_server, pytestconfig, record_property, record_testsuite_property, record_xml_attribute, recwarn, tmp_path, tmp_path_factory, tmpdir, tmpdir_factory
>       use 'pytest --fixtures [testpath]' for help on them.

/home/user/requests_tests/tests/conftest.py:25
____ ERROR at setup of TestRequests.test_POSTBIN_SEEKED_OBJECT_WITH_NO_ITER ____
file /home/user/requests_tests/tests/test_requests.py, line 785
      def test_POSTBIN_SEEKED_OBJECT_WITH_NO_ITER(self, httpbin):
file /home/user/requests_tests/tests/conftest.py, line 25
  @pytest.fixture
  def httpbin(httpbin):
E       recursive dependency involving fixture 'httpbin' detected
>       available fixtures: _session_faker, cache, capfd, capfdbinary, caplog, capsys, capsysbinary, doctest_namespace, faker, httpbin, httpbin_secure, monkeypatch, nosan_server, pytestconfig, record_property, record_testsuite_property, record_xml_attribute, recwarn, tmp_path, tmp_path_factory, tmpdir, tmpdir_factory
>       use 'pytest --fixtures [testpath]' for help on them.

/home/user/requests_tests/tests/conftest.py:25
_____ ERROR at setup of TestRequests.test_POSTBIN_GET_POST_FILES_WITH_DATA _____
file /home/user/requests_tests/tests/test_requests.py, line 826
      def test_POSTBIN_GET_POST_FILES_WITH_DATA(self, httpbin):
file /home/user/requests_tests/tests/conftest.py, line 25
  @pytest.fixture
  def httpbin(httpbin):
E       recursive dependency involving fixture 'httpbin' detected
>       available fixtures: _session_faker, cache, capfd, capfdbinary, caplog, capsys, capsysbinary, doctest_namespace, faker, httpbin, httpbin_secure, monkeypatch, nosan_server, pytestconfig, record_property, record_testsuite_property, record_xml_attribute, recwarn, tmp_path, tmp_path_factory, tmpdir, tmpdir_factory
>       use 'pytest --fixtures [testpath]' for help on them.

/home/user/requests_tests/tests/conftest.py:25
_________ ERROR at setup of TestRequests.test_post_with_custom_mapping _________
file /home/user/requests_tests/tests/test_requests.py, line 844
      def test_post_with_custom_mapping(self, httpbin):
file /home/user/requests_tests/tests/conftest.py, line 25
  @pytest.fixture
  def httpbin(httpbin):
E       recursive dependency involving fixture 'httpbin' detected
>       available fixtures: _session_faker, cache, capfd, capfdbinary, caplog, capsys, capsysbinary, doctest_namespace, faker, httpbin, httpbin_secure, monkeypatch, nosan_server, pytestconfig, record_property, record_testsuite_property, record_xml_attribute, recwarn, tmp_path, tmp_path_factory, tmpdir, tmpdir_factory
>       use 'pytest --fixtures [testpath]' for help on them.

/home/user/requests_tests/tests/conftest.py:25
_________ ERROR at setup of TestRequests.test_conflicting_post_params __________
file /home/user/requests_tests/tests/test_requests.py, line 869
      def test_conflicting_post_params(self, httpbin):
file /home/user/requests_tests/tests/conftest.py, line 25
  @pytest.fixture
  def httpbin(httpbin):
E       recursive dependency involving fixture 'httpbin' detected
>       available fixtures: _session_faker, cache, capfd, capfdbinary, caplog, capsys, capsysbinary, doctest_namespace, faker, httpbin, httpbin_secure, monkeypatch, nosan_server, pytestconfig, record_property, record_testsuite_property, record_xml_attribute, recwarn, tmp_path, tmp_path_factory, tmpdir, tmpdir_factory
>       use 'pytest --fixtures [testpath]' for help on them.

/home/user/requests_tests/tests/conftest.py:25
______________ ERROR at setup of TestRequests.test_request_ok_set ______________
file /home/user/requests_tests/tests/test_requests.py, line 875
      def test_request_ok_set(self, httpbin):
file /home/user/requests_tests/tests/conftest.py, line 25
  @pytest.fixture
  def httpbin(httpbin):
E       recursive dependency involving fixture 'httpbin' detected
>       available fixtures: _session_faker, cache, capfd, capfdbinary, caplog, capsys, capsysbinary, doctest_namespace, faker, httpbin, httpbin_secure, monkeypatch, nosan_server, pytestconfig, record_property, record_testsuite_property, record_xml_attribute, recwarn, tmp_path, tmp_path_factory, tmpdir, tmpdir_factory
>       use 'pytest --fixtures [testpath]' for help on them.

/home/user/requests_tests/tests/conftest.py:25
______________ ERROR at setup of TestRequests.test_status_raising ______________
file /home/user/requests_tests/tests/test_requests.py, line 879
      def test_status_raising(self, httpbin):
file /home/user/requests_tests/tests/conftest.py, line 25
  @pytest.fixture
  def httpbin(httpbin):
E       recursive dependency involving fixture 'httpbin' detected
>       available fixtures: _session_faker, cache, capfd, capfdbinary, caplog, capsys, capsysbinary, doctest_namespace, faker, httpbin, httpbin_secure, monkeypatch, nosan_server, pytestconfig, record_property, record_testsuite_property, record_xml_attribute, recwarn, tmp_path, tmp_path_factory, tmpdir, tmpdir_factory
>       use 'pytest --fixtures [testpath]' for help on them.

/home/user/requests_tests/tests/conftest.py:25
_____________ ERROR at setup of TestRequests.test_decompress_gzip ______________
file /home/user/requests_tests/tests/test_requests.py, line 887
      def test_decompress_gzip(self, httpbin):
file /home/user/requests_tests/tests/conftest.py, line 25
  @pytest.fixture
  def httpbin(httpbin):
E       recursive dependency involving fixture 'httpbin' detected
>       available fixtures: _session_faker, cache, capfd, capfdbinary, caplog, capsys, capsysbinary, doctest_namespace, faker, httpbin, httpbin_secure, monkeypatch, nosan_server, pytestconfig, record_property, record_testsuite_property, record_xml_attribute, recwarn, tmp_path, tmp_path_factory, tmpdir, tmpdir_factory
>       use 'pytest --fixtures [testpath]' for help on them.

/home/user/requests_tests/tests/conftest.py:25
________ ERROR at setup of TestRequests.test_unicode_get[/get-params0] _________
file /home/user/requests_tests/tests/test_requests.py, line 891
      @pytest.mark.parametrize(
          "url, params",
          (
              ("/get", {"foo": "f"}),
              ("/get", {"f": "f"}),
              ("/get", {"f": "f"}),
              ("/get", {"foo": "foo"}),
              ("", {"foo": "foo"}),
          ),
      )
      def test_unicode_get(self, httpbin, url, params):
file /home/user/requests_tests/tests/conftest.py, line 25
  @pytest.fixture
  def httpbin(httpbin):
E       recursive dependency involving fixture 'httpbin' detected
>       available fixtures: _session_faker, cache, capfd, capfdbinary, caplog, capsys, capsysbinary, doctest_namespace, faker, httpbin, httpbin_secure, monkeypatch, nosan_server, pytestconfig, record_property, record_testsuite_property, record_xml_attribute, recwarn, tmp_path, tmp_path_factory, tmpdir, tmpdir_factory
>       use 'pytest --fixtures [testpath]' for help on them.

/home/user/requests_tests/tests/conftest.py:25
________ ERROR at setup of TestRequests.test_unicode_get[/get-params1] _________
file /home/user/requests_tests/tests/test_requests.py, line 891
      @pytest.mark.parametrize(
          "url, params",
          (
              ("/get", {"foo": "f"}),
              ("/get", {"f": "f"}),
              ("/get", {"f": "f"}),
              ("/get", {"foo": "foo"}),
              ("", {"foo": "foo"}),
          ),
      )
      def test_unicode_get(self, httpbin, url, params):
file /home/user/requests_tests/tests/conftest.py, line 25
  @pytest.fixture
  def httpbin(httpbin):
E       recursive dependency involving fixture 'httpbin' detected
>       available fixtures: _session_faker, cache, capfd, capfdbinary, caplog, capsys, capsysbinary, doctest_namespace, faker, httpbin, httpbin_secure, monkeypatch, nosan_server, pytestconfig, record_property, record_testsuite_property, record_xml_attribute, recwarn, tmp_path, tmp_path_factory, tmpdir, tmpdir_factory
>       use 'pytest --fixtures [testpath]' for help on them.

/home/user/requests_tests/tests/conftest.py:25
________ ERROR at setup of TestRequests.test_unicode_get[/get-params2] _________
file /home/user/requests_tests/tests/test_requests.py, line 891
      @pytest.mark.parametrize(
          "url, params",
          (
              ("/get", {"foo": "f"}),
              ("/get", {"f": "f"}),
              ("/get", {"f": "f"}),
              ("/get", {"foo": "foo"}),
              ("", {"foo": "foo"}),
          ),
      )
      def test_unicode_get(self, httpbin, url, params):
file /home/user/requests_tests/tests/conftest.py, line 25
  @pytest.fixture
  def httpbin(httpbin):
E       recursive dependency involving fixture 'httpbin' detected
>       available fixtures: _session_faker, cache, capfd, capfdbinary, caplog, capsys, capsysbinary, doctest_namespace, faker, httpbin, httpbin_secure, monkeypatch, nosan_server, pytestconfig, record_property, record_testsuite_property, record_xml_attribute, recwarn, tmp_path, tmp_path_factory, tmpdir, tmpdir_factory
>       use 'pytest --fixtures [testpath]' for help on them.

/home/user/requests_tests/tests/conftest.py:25
________ ERROR at setup of TestRequests.test_unicode_get[/get-params3] _________
file /home/user/requests_tests/tests/test_requests.py, line 891
      @pytest.mark.parametrize(
          "url, params",
          (
              ("/get", {"foo": "f"}),
              ("/get", {"f": "f"}),
              ("/get", {"f": "f"}),
              ("/get", {"foo": "foo"}),
              ("", {"foo": "foo"}),
          ),
      )
      def test_unicode_get(self, httpbin, url, params):
file /home/user/requests_tests/tests/conftest.py, line 25
  @pytest.fixture
  def httpbin(httpbin):
E       recursive dependency involving fixture 'httpbin' detected
>       available fixtures: _session_faker, cache, capfd, capfdbinary, caplog, capsys, capsysbinary, doctest_namespace, faker, httpbin, httpbin_secure, monkeypatch, nosan_server, pytestconfig, record_property, record_testsuite_property, record_xml_attribute, recwarn, tmp_path, tmp_path_factory, tmpdir, tmpdir_factory
>       use 'pytest --fixtures [testpath]' for help on them.

/home/user/requests_tests/tests/conftest.py:25
________ ERROR at setup of TestRequests.test_unicode_get[\xf8-params4] _________
file /home/user/requests_tests/tests/test_requests.py, line 891
      @pytest.mark.parametrize(
          "url, params",
          (
              ("/get", {"foo": "f"}),
              ("/get", {"f": "f"}),
              ("/get", {"f": "f"}),
              ("/get", {"foo": "foo"}),
              ("", {"foo": "foo"}),
          ),
      )
      def test_unicode_get(self, httpbin, url, params):
file /home/user/requests_tests/tests/conftest.py, line 25
  @pytest.fixture
  def httpbin(httpbin):
E       recursive dependency involving fixture 'httpbin' detected
>       available fixtures: _session_faker, cache, capfd, capfdbinary, caplog, capsys, capsysbinary, doctest_namespace, faker, httpbin, httpbin_secure, monkeypatch, nosan_server, pytestconfig, record_property, record_testsuite_property, record_xml_attribute, recwarn, tmp_path, tmp_path_factory, tmpdir, tmpdir_factory
>       use 'pytest --fixtures [testpath]' for help on them.

/home/user/requests_tests/tests/conftest.py:25
___________ ERROR at setup of TestRequests.test_unicode_header_name ____________
file /home/user/requests_tests/tests/test_requests.py, line 904
      def test_unicode_header_name(self, httpbin):
file /home/user/requests_tests/tests/conftest.py, line 25
  @pytest.fixture
  def httpbin(httpbin):
E       recursive dependency involving fixture 'httpbin' detected
>       available fixtures: _session_faker, cache, capfd, capfdbinary, caplog, capsys, capsysbinary, doctest_namespace, faker, httpbin, httpbin_secure, monkeypatch, nosan_server, pytestconfig, record_property, record_testsuite_property, record_xml_attribute, recwarn, tmp_path, tmp_path_factory, tmpdir, tmpdir_factory
>       use 'pytest --fixtures [testpath]' for help on them.

/home/user/requests_tests/tests/conftest.py:25
____________ ERROR at setup of TestRequests.test_pyopenssl_redirect ____________
file /home/user/requests_tests/tests/test_requests.py, line 911
      def test_pyopenssl_redirect(self, httpbin_secure, httpbin_ca_bundle):
file /home/user/requests_tests/tests/conftest.py, line 30
  @pytest.fixture
  def httpbin_secure(httpbin_secure):
E       recursive dependency involving fixture 'httpbin_secure' detected
>       available fixtures: _session_faker, cache, capfd, capfdbinary, caplog, capsys, capsysbinary, doctest_namespace, faker, httpbin, httpbin_secure, monkeypatch, nosan_server, pytestconfig, record_property, record_testsuite_property, record_xml_attribute, recwarn, tmp_path, tmp_path_factory, tmpdir, tmpdir_factory
>       use 'pytest --fixtures [testpath]' for help on them.

/home/user/requests_tests/tests/conftest.py:30
_______ ERROR at setup of TestRequests.test_invalid_ca_certificate_path ________
file /home/user/requests_tests/tests/test_requests.py, line 914
      def test_invalid_ca_certificate_path(self, httpbin_secure):
file /home/user/requests_tests/tests/conftest.py, line 30
  @pytest.fixture
  def httpbin_secure(httpbin_secure):
E       recursive dependency involving fixture 'httpbin_secure' detected
>       available fixtures: _session_faker, cache, capfd, capfdbinary, caplog, capsys, capsysbinary, doctest_namespace, faker, httpbin, httpbin_secure, monkeypatch, nosan_server, pytestconfig, record_property, record_testsuite_property, record_xml_attribute, recwarn, tmp_path, tmp_path_factory, tmpdir, tmpdir_factory
>       use 'pytest --fixtures [testpath]' for help on them.

/home/user/requests_tests/tests/conftest.py:30
______ ERROR at setup of TestRequests.test_invalid_ssl_certificate_files _______
file /home/user/requests_tests/tests/test_requests.py, line 924
      def test_invalid_ssl_certificate_files(self, httpbin_secure):
file /home/user/requests_tests/tests/conftest.py, line 30
  @pytest.fixture
  def httpbin_secure(httpbin_secure):
E       recursive dependency involving fixture 'httpbin_secure' detected
>       available fixtures: _session_faker, cache, capfd, capfdbinary, caplog, capsys, capsysbinary, doctest_namespace, faker, httpbin, httpbin_secure, monkeypatch, nosan_server, pytestconfig, record_property, record_testsuite_property, record_xml_attribute, recwarn, tmp_path, tmp_path_factory, tmpdir, tmpdir_factory
>       use 'pytest --fixtures [testpath]' for help on them.

/home/user/requests_tests/tests/conftest.py:30
_______ ERROR at setup of TestRequests.test_env_cert_bundles[env0-True] ________
file /home/user/requests_tests/tests/test_requests.py, line 940
      @pytest.mark.parametrize(
          "env, expected",
          (
              ({}, True),
              ({"REQUESTS_CA_BUNDLE": "/some/path"}, "/some/path"),
              ({"REQUESTS_CA_BUNDLE": ""}, True),
              ({"CURL_CA_BUNDLE": "/some/path"}, "/some/path"),
              ({"CURL_CA_BUNDLE": ""}, True),
              ({"REQUESTS_CA_BUNDLE": "", "CURL_CA_BUNDLE": ""}, True),
              (
                  {
                      "REQUESTS_CA_BUNDLE": "/some/path",
                      "CURL_CA_BUNDLE": "/curl/path",
                  },
                  "/some/path",
              ),
              (
                  {
                      "REQUESTS_CA_BUNDLE": "",
                      "CURL_CA_BUNDLE": "/curl/path",
                  },
                  "/curl/path",
              ),
          ),
      )
      def test_env_cert_bundles(self, httpbin, mocker, env, expected):
file /home/user/requests_tests/tests/conftest.py, line 25
  @pytest.fixture
  def httpbin(httpbin):
E       recursive dependency involving fixture 'httpbin' detected
>       available fixtures: _session_faker, cache, capfd, capfdbinary, caplog, capsys, capsysbinary, doctest_namespace, faker, httpbin, httpbin_secure, monkeypatch, nosan_server, pytestconfig, record_property, record_testsuite_property, record_xml_attribute, recwarn, tmp_path, tmp_path_factory, tmpdir, tmpdir_factory
>       use 'pytest --fixtures [testpath]' for help on them.

/home/user/requests_tests/tests/conftest.py:25
____ ERROR at setup of TestRequests.test_env_cert_bundles[env1-/some/path] _____
file /home/user/requests_tests/tests/test_requests.py, line 940
      @pytest.mark.parametrize(
          "env, expected",
          (
              ({}, True),
              ({"REQUESTS_CA_BUNDLE": "/some/path"}, "/some/path"),
              ({"REQUESTS_CA_BUNDLE": ""}, True),
              ({"CURL_CA_BUNDLE": "/some/path"}, "/some/path"),
              ({"CURL_CA_BUNDLE": ""}, True),
              ({"REQUESTS_CA_BUNDLE": "", "CURL_CA_BUNDLE": ""}, True),
              (
                  {
                      "REQUESTS_CA_BUNDLE": "/some/path",
                      "CURL_CA_BUNDLE": "/curl/path",
                  },
                  "/some/path",
              ),
              (
                  {
                      "REQUESTS_CA_BUNDLE": "",
                      "CURL_CA_BUNDLE": "/curl/path",
                  },
                  "/curl/path",
              ),
          ),
      )
      def test_env_cert_bundles(self, httpbin, mocker, env, expected):
file /home/user/requests_tests/tests/conftest.py, line 25
  @pytest.fixture
  def httpbin(httpbin):
E       recursive dependency involving fixture 'httpbin' detected
>       available fixtures: _session_faker, cache, capfd, capfdbinary, caplog, capsys, capsysbinary, doctest_namespace, faker, httpbin, httpbin_secure, monkeypatch, nosan_server, pytestconfig, record_property, record_testsuite_property, record_xml_attribute, recwarn, tmp_path, tmp_path_factory, tmpdir, tmpdir_factory
>       use 'pytest --fixtures [testpath]' for help on them.

/home/user/requests_tests/tests/conftest.py:25
_______ ERROR at setup of TestRequests.test_env_cert_bundles[env2-True] ________
file /home/user/requests_tests/tests/test_requests.py, line 940
      @pytest.mark.parametrize(
          "env, expected",
          (
              ({}, True),
              ({"REQUESTS_CA_BUNDLE": "/some/path"}, "/some/path"),
              ({"REQUESTS_CA_BUNDLE": ""}, True),
              ({"CURL_CA_BUNDLE": "/some/path"}, "/some/path"),
              ({"CURL_CA_BUNDLE": ""}, True),
              ({"REQUESTS_CA_BUNDLE": "", "CURL_CA_BUNDLE": ""}, True),
              (
                  {
                      "REQUESTS_CA_BUNDLE": "/some/path",
                      "CURL_CA_BUNDLE": "/curl/path",
                  },
                  "/some/path",
              ),
              (
                  {
                      "REQUESTS_CA_BUNDLE": "",
                      "CURL_CA_BUNDLE": "/curl/path",
                  },
                  "/curl/path",
              ),
          ),
      )
      def test_env_cert_bundles(self, httpbin, mocker, env, expected):
file /home/user/requests_tests/tests/conftest.py, line 25
  @pytest.fixture
  def httpbin(httpbin):
E       recursive dependency involving fixture 'httpbin' detected
>       available fixtures: _session_faker, cache, capfd, capfdbinary, caplog, capsys, capsysbinary, doctest_namespace, faker, httpbin, httpbin_secure, monkeypatch, nosan_server, pytestconfig, record_property, record_testsuite_property, record_xml_attribute, recwarn, tmp_path, tmp_path_factory, tmpdir, tmpdir_factory
>       use 'pytest --fixtures [testpath]' for help on them.

/home/user/requests_tests/tests/conftest.py:25
____ ERROR at setup of TestRequests.test_env_cert_bundles[env3-/some/path] _____
file /home/user/requests_tests/tests/test_requests.py, line 940
      @pytest.mark.parametrize(
          "env, expected",
          (
              ({}, True),
              ({"REQUESTS_CA_BUNDLE": "/some/path"}, "/some/path"),
              ({"REQUESTS_CA_BUNDLE": ""}, True),
              ({"CURL_CA_BUNDLE": "/some/path"}, "/some/path"),
              ({"CURL_CA_BUNDLE": ""}, True),
              ({"REQUESTS_CA_BUNDLE": "", "CURL_CA_BUNDLE": ""}, True),
              (
                  {
                      "REQUESTS_CA_BUNDLE": "/some/path",
                      "CURL_CA_BUNDLE": "/curl/path",
                  },
                  "/some/path",
              ),
              (
                  {
                      "REQUESTS_CA_BUNDLE": "",
                      "CURL_CA_BUNDLE": "/curl/path",
                  },
                  "/curl/path",
              ),
          ),
      )
      def test_env_cert_bundles(self, httpbin, mocker, env, expected):
file /home/user/requests_tests/tests/conftest.py, line 25
  @pytest.fixture
  def httpbin(httpbin):
E       recursive dependency involving fixture 'httpbin' detected
>       available fixtures: _session_faker, cache, capfd, capfdbinary, caplog, capsys, capsysbinary, doctest_namespace, faker, httpbin, httpbin_secure, monkeypatch, nosan_server, pytestconfig, record_property, record_testsuite_property, record_xml_attribute, recwarn, tmp_path, tmp_path_factory, tmpdir, tmpdir_factory
>       use 'pytest --fixtures [testpath]' for help on them.

/home/user/requests_tests/tests/conftest.py:25
_______ ERROR at setup of TestRequests.test_env_cert_bundles[env4-True] ________
file /home/user/requests_tests/tests/test_requests.py, line 940
      @pytest.mark.parametrize(
          "env, expected",
          (
              ({}, True),
              ({"REQUESTS_CA_BUNDLE": "/some/path"}, "/some/path"),
              ({"REQUESTS_CA_BUNDLE": ""}, True),
              ({"CURL_CA_BUNDLE": "/some/path"}, "/some/path"),
              ({"CURL_CA_BUNDLE": ""}, True),
              ({"REQUESTS_CA_BUNDLE": "", "CURL_CA_BUNDLE": ""}, True),
              (
                  {
                      "REQUESTS_CA_BUNDLE": "/some/path",
                      "CURL_CA_BUNDLE": "/curl/path",
                  },
                  "/some/path",
              ),
              (
                  {
                      "REQUESTS_CA_BUNDLE": "",
                      "CURL_CA_BUNDLE": "/curl/path",
                  },
                  "/curl/path",
              ),
          ),
      )
      def test_env_cert_bundles(self, httpbin, mocker, env, expected):
file /home/user/requests_tests/tests/conftest.py, line 25
  @pytest.fixture
  def httpbin(httpbin):
E       recursive dependency involving fixture 'httpbin' detected
>       available fixtures: _session_faker, cache, capfd, capfdbinary, caplog, capsys, capsysbinary, doctest_namespace, faker, httpbin, httpbin_secure, monkeypatch, nosan_server, pytestconfig, record_property, record_testsuite_property, record_xml_attribute, recwarn, tmp_path, tmp_path_factory, tmpdir, tmpdir_factory
>       use 'pytest --fixtures [testpath]' for help on them.

/home/user/requests_tests/tests/conftest.py:25
_______ ERROR at setup of TestRequests.test_env_cert_bundles[env5-True] ________
file /home/user/requests_tests/tests/test_requests.py, line 940
      @pytest.mark.parametrize(
          "env, expected",
          (
              ({}, True),
              ({"REQUESTS_CA_BUNDLE": "/some/path"}, "/some/path"),
              ({"REQUESTS_CA_BUNDLE": ""}, True),
              ({"CURL_CA_BUNDLE": "/some/path"}, "/some/path"),
              ({"CURL_CA_BUNDLE": ""}, True),
              ({"REQUESTS_CA_BUNDLE": "", "CURL_CA_BUNDLE": ""}, True),
              (
                  {
                      "REQUESTS_CA_BUNDLE": "/some/path",
                      "CURL_CA_BUNDLE": "/curl/path",
                  },
                  "/some/path",
              ),
              (
                  {
                      "REQUESTS_CA_BUNDLE": "",
                      "CURL_CA_BUNDLE": "/curl/path",
                  },
                  "/curl/path",
              ),
          ),
      )
      def test_env_cert_bundles(self, httpbin, mocker, env, expected):
file /home/user/requests_tests/tests/conftest.py, line 25
  @pytest.fixture
  def httpbin(httpbin):
E       recursive dependency involving fixture 'httpbin' detected
>       available fixtures: _session_faker, cache, capfd, capfdbinary, caplog, capsys, capsysbinary, doctest_namespace, faker, httpbin, httpbin_secure, monkeypatch, nosan_server, pytestconfig, record_property, record_testsuite_property, record_xml_attribute, recwarn, tmp_path, tmp_path_factory, tmpdir, tmpdir_factory
>       use 'pytest --fixtures [testpath]' for help on them.

/home/user/requests_tests/tests/conftest.py:25
____ ERROR at setup of TestRequests.test_env_cert_bundles[env6-/some/path] _____
file /home/user/requests_tests/tests/test_requests.py, line 940
      @pytest.mark.parametrize(
          "env, expected",
          (
              ({}, True),
              ({"REQUESTS_CA_BUNDLE": "/some/path"}, "/some/path"),
              ({"REQUESTS_CA_BUNDLE": ""}, True),
              ({"CURL_CA_BUNDLE": "/some/path"}, "/some/path"),
              ({"CURL_CA_BUNDLE": ""}, True),
              ({"REQUESTS_CA_BUNDLE": "", "CURL_CA_BUNDLE": ""}, True),
              (
                  {
                      "REQUESTS_CA_BUNDLE": "/some/path",
                      "CURL_CA_BUNDLE": "/curl/path",
                  },
                  "/some/path",
              ),
              (
                  {
                      "REQUESTS_CA_BUNDLE": "",
                      "CURL_CA_BUNDLE": "/curl/path",
                  },
                  "/curl/path",
              ),
          ),
      )
      def test_env_cert_bundles(self, httpbin, mocker, env, expected):
file /home/user/requests_tests/tests/conftest.py, line 25
  @pytest.fixture
  def httpbin(httpbin):
E       recursive dependency involving fixture 'httpbin' detected
>       available fixtures: _session_faker, cache, capfd, capfdbinary, caplog, capsys, capsysbinary, doctest_namespace, faker, httpbin, httpbin_secure, monkeypatch, nosan_server, pytestconfig, record_property, record_testsuite_property, record_xml_attribute, recwarn, tmp_path, tmp_path_factory, tmpdir, tmpdir_factory
>       use 'pytest --fixtures [testpath]' for help on them.

/home/user/requests_tests/tests/conftest.py:25
____ ERROR at setup of TestRequests.test_env_cert_bundles[env7-/curl/path] _____
file /home/user/requests_tests/tests/test_requests.py, line 940
      @pytest.mark.parametrize(
          "env, expected",
          (
              ({}, True),
              ({"REQUESTS_CA_BUNDLE": "/some/path"}, "/some/path"),
              ({"REQUESTS_CA_BUNDLE": ""}, True),
              ({"CURL_CA_BUNDLE": "/some/path"}, "/some/path"),
              ({"CURL_CA_BUNDLE": ""}, True),
              ({"REQUESTS_CA_BUNDLE": "", "CURL_CA_BUNDLE": ""}, True),
              (
                  {
                      "REQUESTS_CA_BUNDLE": "/some/path",
                      "CURL_CA_BUNDLE": "/curl/path",
                  },
                  "/some/path",
              ),
              (
                  {
                      "REQUESTS_CA_BUNDLE": "",
                      "CURL_CA_BUNDLE": "/curl/path",
                  },
                  "/curl/path",
              ),
          ),
      )
      def test_env_cert_bundles(self, httpbin, mocker, env, expected):
file /home/user/requests_tests/tests/conftest.py, line 25
  @pytest.fixture
  def httpbin(httpbin):
E       recursive dependency involving fixture 'httpbin' detected
>       available fixtures: _session_faker, cache, capfd, capfdbinary, caplog, capsys, capsysbinary, doctest_namespace, faker, httpbin, httpbin_secure, monkeypatch, nosan_server, pytestconfig, record_property, record_testsuite_property, record_xml_attribute, recwarn, tmp_path, tmp_path_factory, tmpdir, tmpdir_factory
>       use 'pytest --fixtures [testpath]' for help on them.

/home/user/requests_tests/tests/conftest.py:25
__________ ERROR at setup of TestRequests.test_http_with_certificate ___________
file /home/user/requests_tests/tests/test_requests.py, line 973
      def test_http_with_certificate(self, httpbin):
file /home/user/requests_tests/tests/conftest.py, line 25
  @pytest.fixture
  def httpbin(httpbin):
E       recursive dependency involving fixture 'httpbin' detected
>       available fixtures: _session_faker, cache, capfd, capfdbinary, caplog, capsys, capsysbinary, doctest_namespace, faker, httpbin, httpbin_secure, monkeypatch, nosan_server, pytestconfig, record_property, record_testsuite_property, record_xml_attribute, recwarn, tmp_path, tmp_path_factory, tmpdir, tmpdir_factory
>       use 'pytest --fixtures [testpath]' for help on them.

/home/user/requests_tests/tests/conftest.py:25
______________ ERROR at setup of TestRequests.test_https_warnings ______________

tmp_path_factory = TempPathFactory(_given_basetemp=None, _trace=<pluggy._tracing.TagTracerSub object at 0x14a71486ceb0>, _basetemp=None)

    @pytest.fixture
    def nosan_server(tmp_path_factory):
        # delay importing until the fixture in order to make it possible
        # to deselect the test via command-line when trustme is not available
>       import trustme

tests/conftest.py:39: 
_ _ _ _ _ _ _ _ _ _ _ _ _ _ _ _ _ _ _ _ _ _ _ _ _ _ _ _ _ _ _ _ _ _ _ _ _ _ _ _ 
../purepython/cpython-3.9/my_purepy/lib/python3.9/site-packages/trustme/__init__.py:13: in <module>
    from cryptography import x509
../purepython/cpython-3.9/my_purepy/lib/python3.9/site-packages/cryptography/x509/__init__.py:6: in <module>
    from cryptography.x509 import certificate_transparency
_ _ _ _ _ _ _ _ _ _ _ _ _ _ _ _ _ _ _ _ _ _ _ _ _ _ _ _ _ _ _ _ _ _ _ _ _ _ _ _ 

    import abc
    import datetime
    
    from cryptography import utils
>   from cryptography.hazmat.bindings._rust import x509 as rust_x509
E   ImportError: cannot import name 'x509' from 'cryptography.hazmat.bindings._rust' (unknown location)

../purepython/cpython-3.9/my_purepy/lib/python3.9/site-packages/cryptography/x509/certificate_transparency.py:10: ImportError
___________ ERROR at setup of TestRequests.test_certificate_failure ____________
file /home/user/requests_tests/tests/test_requests.py, line 1002
      def test_certificate_failure(self, httpbin_secure):
file /home/user/requests_tests/tests/conftest.py, line 30
  @pytest.fixture
  def httpbin_secure(httpbin_secure):
E       recursive dependency involving fixture 'httpbin_secure' detected
>       available fixtures: _session_faker, cache, capfd, capfdbinary, caplog, capsys, capsysbinary, doctest_namespace, faker, httpbin, httpbin_secure, monkeypatch, nosan_server, pytestconfig, record_property, record_testsuite_property, record_xml_attribute, recwarn, tmp_path, tmp_path_factory, tmpdir, tmpdir_factory
>       use 'pytest --fixtures [testpath]' for help on them.

/home/user/requests_tests/tests/conftest.py:30
__ ERROR at setup of TestRequests.test_urlencoded_get_query_multivalued_param __
file /home/user/requests_tests/tests/test_requests.py, line 1011
      def test_urlencoded_get_query_multivalued_param(self, httpbin):
file /home/user/requests_tests/tests/conftest.py, line 25
  @pytest.fixture
  def httpbin(httpbin):
E       recursive dependency involving fixture 'httpbin' detected
>       available fixtures: _session_faker, cache, capfd, capfdbinary, caplog, capsys, capsysbinary, doctest_namespace, faker, httpbin, httpbin_secure, monkeypatch, nosan_server, pytestconfig, record_property, record_testsuite_property, record_xml_attribute, recwarn, tmp_path, tmp_path_factory, tmpdir, tmpdir_factory
>       use 'pytest --fixtures [testpath]' for help on them.

/home/user/requests_tests/tests/conftest.py:25
_ ERROR at setup of TestRequests.test_form_encoded_post_query_multivalued_element _
file /home/user/requests_tests/tests/test_requests.py, line 1017
      def test_form_encoded_post_query_multivalued_element(self, httpbin):
file /home/user/requests_tests/tests/conftest.py, line 25
  @pytest.fixture
  def httpbin(httpbin):
E       recursive dependency involving fixture 'httpbin' detected
>       available fixtures: _session_faker, cache, capfd, capfdbinary, caplog, capsys, capsysbinary, doctest_namespace, faker, httpbin, httpbin_secure, monkeypatch, nosan_server, pytestconfig, record_property, record_testsuite_property, record_xml_attribute, recwarn, tmp_path, tmp_path_factory, tmpdir, tmpdir_factory
>       use 'pytest --fixtures [testpath]' for help on them.

/home/user/requests_tests/tests/conftest.py:25
___ ERROR at setup of TestRequests.test_different_encodings_dont_break_post ____
file /home/user/requests_tests/tests/test_requests.py, line 1024
      def test_different_encodings_dont_break_post(self, httpbin):
file /home/user/requests_tests/tests/conftest.py, line 25
  @pytest.fixture
  def httpbin(httpbin):
E       recursive dependency involving fixture 'httpbin' detected
>       available fixtures: _session_faker, cache, capfd, capfdbinary, caplog, capsys, capsysbinary, doctest_namespace, faker, httpbin, httpbin_secure, monkeypatch, nosan_server, pytestconfig, record_property, record_testsuite_property, record_xml_attribute, recwarn, tmp_path, tmp_path_factory, tmpdir, tmpdir_factory
>       use 'pytest --fixtures [testpath]' for help on them.

/home/user/requests_tests/tests/conftest.py:25
______ ERROR at setup of TestRequests.test_unicode_multipart_post[data0] _______
file /home/user/requests_tests/tests/test_requests.py, line 1034
      @pytest.mark.parametrize(
          "data",
          (
              {"stuff": "lxr"},
              {"stuff": "lxr".encode()},
              {"stuff": "elixr"},
              {"stuff": b"elixr"},
          ),
      )
      def test_unicode_multipart_post(self, httpbin, data):
file /home/user/requests_tests/tests/conftest.py, line 25
  @pytest.fixture
  def httpbin(httpbin):
E       recursive dependency involving fixture 'httpbin' detected
>       available fixtures: _session_faker, cache, capfd, capfdbinary, caplog, capsys, capsysbinary, doctest_namespace, faker, httpbin, httpbin_secure, monkeypatch, nosan_server, pytestconfig, record_property, record_testsuite_property, record_xml_attribute, recwarn, tmp_path, tmp_path_factory, tmpdir, tmpdir_factory
>       use 'pytest --fixtures [testpath]' for help on them.

/home/user/requests_tests/tests/conftest.py:25
______ ERROR at setup of TestRequests.test_unicode_multipart_post[data1] _______
file /home/user/requests_tests/tests/test_requests.py, line 1034
      @pytest.mark.parametrize(
          "data",
          (
              {"stuff": "lxr"},
              {"stuff": "lxr".encode()},
              {"stuff": "elixr"},
              {"stuff": b"elixr"},
          ),
      )
      def test_unicode_multipart_post(self, httpbin, data):
file /home/user/requests_tests/tests/conftest.py, line 25
  @pytest.fixture
  def httpbin(httpbin):
E       recursive dependency involving fixture 'httpbin' detected
>       available fixtures: _session_faker, cache, capfd, capfdbinary, caplog, capsys, capsysbinary, doctest_namespace, faker, httpbin, httpbin_secure, monkeypatch, nosan_server, pytestconfig, record_property, record_testsuite_property, record_xml_attribute, recwarn, tmp_path, tmp_path_factory, tmpdir, tmpdir_factory
>       use 'pytest --fixtures [testpath]' for help on them.

/home/user/requests_tests/tests/conftest.py:25
______ ERROR at setup of TestRequests.test_unicode_multipart_post[data2] _______
file /home/user/requests_tests/tests/test_requests.py, line 1034
      @pytest.mark.parametrize(
          "data",
          (
              {"stuff": "lxr"},
              {"stuff": "lxr".encode()},
              {"stuff": "elixr"},
              {"stuff": b"elixr"},
          ),
      )
      def test_unicode_multipart_post(self, httpbin, data):
file /home/user/requests_tests/tests/conftest.py, line 25
  @pytest.fixture
  def httpbin(httpbin):
E       recursive dependency involving fixture 'httpbin' detected
>       available fixtures: _session_faker, cache, capfd, capfdbinary, caplog, capsys, capsysbinary, doctest_namespace, faker, httpbin, httpbin_secure, monkeypatch, nosan_server, pytestconfig, record_property, record_testsuite_property, record_xml_attribute, recwarn, tmp_path, tmp_path_factory, tmpdir, tmpdir_factory
>       use 'pytest --fixtures [testpath]' for help on them.

/home/user/requests_tests/tests/conftest.py:25
______ ERROR at setup of TestRequests.test_unicode_multipart_post[data3] _______
file /home/user/requests_tests/tests/test_requests.py, line 1034
      @pytest.mark.parametrize(
          "data",
          (
              {"stuff": "lxr"},
              {"stuff": "lxr".encode()},
              {"stuff": "elixr"},
              {"stuff": b"elixr"},
          ),
      )
      def test_unicode_multipart_post(self, httpbin, data):
file /home/user/requests_tests/tests/conftest.py, line 25
  @pytest.fixture
  def httpbin(httpbin):
E       recursive dependency involving fixture 'httpbin' detected
>       available fixtures: _session_faker, cache, capfd, capfdbinary, caplog, capsys, capsysbinary, doctest_namespace, faker, httpbin, httpbin_secure, monkeypatch, nosan_server, pytestconfig, record_property, record_testsuite_property, record_xml_attribute, recwarn, tmp_path, tmp_path_factory, tmpdir, tmpdir_factory
>       use 'pytest --fixtures [testpath]' for help on them.

/home/user/requests_tests/tests/conftest.py:25
____ ERROR at setup of TestRequests.test_unicode_multipart_post_fieldnames _____
file /home/user/requests_tests/tests/test_requests.py, line 1052
      def test_unicode_multipart_post_fieldnames(self, httpbin):
file /home/user/requests_tests/tests/conftest.py, line 25
  @pytest.fixture
  def httpbin(httpbin):
E       recursive dependency involving fixture 'httpbin' detected
>       available fixtures: _session_faker, cache, capfd, capfdbinary, caplog, capsys, capsysbinary, doctest_namespace, faker, httpbin, httpbin_secure, monkeypatch, nosan_server, pytestconfig, record_property, record_testsuite_property, record_xml_attribute, recwarn, tmp_path, tmp_path_factory, tmpdir, tmpdir_factory
>       use 'pytest --fixtures [testpath]' for help on them.

/home/user/requests_tests/tests/conftest.py:25
___________ ERROR at setup of TestRequests.test_unicode_method_name ____________
file /home/user/requests_tests/tests/test_requests.py, line 1066
      def test_unicode_method_name(self, httpbin):
file /home/user/requests_tests/tests/conftest.py, line 25
  @pytest.fixture
  def httpbin(httpbin):
E       recursive dependency involving fixture 'httpbin' detected
>       available fixtures: _session_faker, cache, capfd, capfdbinary, caplog, capsys, capsysbinary, doctest_namespace, faker, httpbin, httpbin_secure, monkeypatch, nosan_server, pytestconfig, record_property, record_testsuite_property, record_xml_attribute, recwarn, tmp_path, tmp_path_factory, tmpdir, tmpdir_factory
>       use 'pytest --fixtures [testpath]' for help on them.

/home/user/requests_tests/tests/conftest.py:25
_ ERROR at setup of TestRequests.test_unicode_method_name_with_request_object __
file /home/user/requests_tests/tests/test_requests.py, line 1076
      def test_unicode_method_name_with_request_object(self, httpbin):
file /home/user/requests_tests/tests/conftest.py, line 25
  @pytest.fixture
  def httpbin(httpbin):
E       recursive dependency involving fixture 'httpbin' detected
>       available fixtures: _session_faker, cache, capfd, capfdbinary, caplog, capsys, capsysbinary, doctest_namespace, faker, httpbin, httpbin_secure, monkeypatch, nosan_server, pytestconfig, record_property, record_testsuite_property, record_xml_attribute, recwarn, tmp_path, tmp_path_factory, tmpdir, tmpdir_factory
>       use 'pytest --fixtures [testpath]' for help on them.

/home/user/requests_tests/tests/conftest.py:25
___________ ERROR at setup of TestRequests.test_custom_content_type ____________
file /home/user/requests_tests/tests/test_requests.py, line 1096
      def test_custom_content_type(self, httpbin):
file /home/user/requests_tests/tests/conftest.py, line 25
  @pytest.fixture
  def httpbin(httpbin):
E       recursive dependency involving fixture 'httpbin' detected
>       available fixtures: _session_faker, cache, capfd, capfdbinary, caplog, capsys, capsysbinary, doctest_namespace, faker, httpbin, httpbin_secure, monkeypatch, nosan_server, pytestconfig, record_property, record_testsuite_property, record_xml_attribute, recwarn, tmp_path, tmp_path_factory, tmpdir, tmpdir_factory
>       use 'pytest --fixtures [testpath]' for help on them.

/home/user/requests_tests/tests/conftest.py:25
_____ ERROR at setup of TestRequests.test_hook_receives_request_arguments ______
file /home/user/requests_tests/tests/test_requests.py, line 1108
      def test_hook_receives_request_arguments(self, httpbin):
file /home/user/requests_tests/tests/conftest.py, line 25
  @pytest.fixture
  def httpbin(httpbin):
E       recursive dependency involving fixture 'httpbin' detected
>       available fixtures: _session_faker, cache, capfd, capfdbinary, caplog, capsys, capsysbinary, doctest_namespace, faker, httpbin, httpbin_secure, monkeypatch, nosan_server, pytestconfig, record_property, record_testsuite_property, record_xml_attribute, recwarn, tmp_path, tmp_path_factory, tmpdir, tmpdir_factory
>       use 'pytest --fixtures [testpath]' for help on them.

/home/user/requests_tests/tests/conftest.py:25
_ ERROR at setup of TestRequests.test_session_hooks_are_used_with_no_request_hooks _
file /home/user/requests_tests/tests/test_requests.py, line 1120
      def test_session_hooks_are_used_with_no_request_hooks(self, httpbin):
file /home/user/requests_tests/tests/conftest.py, line 25
  @pytest.fixture
  def httpbin(httpbin):
E       recursive dependency involving fixture 'httpbin' detected
>       available fixtures: _session_faker, cache, capfd, capfdbinary, caplog, capsys, capsysbinary, doctest_namespace, faker, httpbin, httpbin_secure, monkeypatch, nosan_server, pytestconfig, record_property, record_testsuite_property, record_xml_attribute, recwarn, tmp_path, tmp_path_factory, tmpdir, tmpdir_factory
>       use 'pytest --fixtures [testpath]' for help on them.

/home/user/requests_tests/tests/conftest.py:25
_ ERROR at setup of TestRequests.test_session_hooks_are_overridden_by_request_hooks _
file /home/user/requests_tests/tests/test_requests.py, line 1131
      def test_session_hooks_are_overridden_by_request_hooks(self, httpbin):
file /home/user/requests_tests/tests/conftest.py, line 25
  @pytest.fixture
  def httpbin(httpbin):
E       recursive dependency involving fixture 'httpbin' detected
>       available fixtures: _session_faker, cache, capfd, capfdbinary, caplog, capsys, capsysbinary, doctest_namespace, faker, httpbin, httpbin_secure, monkeypatch, nosan_server, pytestconfig, record_property, record_testsuite_property, record_xml_attribute, recwarn, tmp_path, tmp_path_factory, tmpdir, tmpdir_factory
>       use 'pytest --fixtures [testpath]' for help on them.

/home/user/requests_tests/tests/conftest.py:25
__________ ERROR at setup of TestRequests.test_prepared_request_hook ___________
file /home/user/requests_tests/tests/test_requests.py, line 1145
      def test_prepared_request_hook(self, httpbin):
file /home/user/requests_tests/tests/conftest.py, line 25
  @pytest.fixture
  def httpbin(httpbin):
E       recursive dependency involving fixture 'httpbin' detected
>       available fixtures: _session_faker, cache, capfd, capfdbinary, caplog, capsys, capsysbinary, doctest_namespace, faker, httpbin, httpbin_secure, monkeypatch, nosan_server, pytestconfig, record_property, record_testsuite_property, record_xml_attribute, recwarn, tmp_path, tmp_path_factory, tmpdir, tmpdir_factory
>       use 'pytest --fixtures [testpath]' for help on them.

/home/user/requests_tests/tests/conftest.py:25
__________ ERROR at setup of TestRequests.test_prepared_from_session ___________
file /home/user/requests_tests/tests/test_requests.py, line 1159
      def test_prepared_from_session(self, httpbin):
file /home/user/requests_tests/tests/conftest.py, line 25
  @pytest.fixture
  def httpbin(httpbin):
E       recursive dependency involving fixture 'httpbin' detected
>       available fixtures: _session_faker, cache, capfd, capfdbinary, caplog, capsys, capsysbinary, doctest_namespace, faker, httpbin, httpbin_secure, monkeypatch, nosan_server, pytestconfig, record_property, record_testsuite_property, record_xml_attribute, recwarn, tmp_path, tmp_path_factory, tmpdir, tmpdir_factory
>       use 'pytest --fixtures [testpath]' for help on them.

/home/user/requests_tests/tests/conftest.py:25
_______ ERROR at setup of TestRequests.test_request_with_bytestring_host _______
file /home/user/requests_tests/tests/test_requests.py, line 1182
      def test_request_with_bytestring_host(self, httpbin):
file /home/user/requests_tests/tests/conftest.py, line 25
  @pytest.fixture
  def httpbin(httpbin):
E       recursive dependency involving fixture 'httpbin' detected
>       available fixtures: _session_faker, cache, capfd, capfdbinary, caplog, capsys, capsysbinary, doctest_namespace, faker, httpbin, httpbin_secure, monkeypatch, nosan_server, pytestconfig, record_property, record_testsuite_property, record_xml_attribute, recwarn, tmp_path, tmp_path_factory, tmpdir, tmpdir_factory
>       use 'pytest --fixtures [testpath]' for help on them.

/home/user/requests_tests/tests/conftest.py:25
____________ ERROR at setup of TestRequests.test_time_elapsed_blank ____________
file /home/user/requests_tests/tests/test_requests.py, line 1363
      def test_time_elapsed_blank(self, httpbin):
file /home/user/requests_tests/tests/conftest.py, line 25
  @pytest.fixture
  def httpbin(httpbin):
E       recursive dependency involving fixture 'httpbin' detected
>       available fixtures: _session_faker, cache, capfd, capfdbinary, caplog, capsys, capsysbinary, doctest_namespace, faker, httpbin, httpbin_secure, monkeypatch, nosan_server, pytestconfig, record_property, record_testsuite_property, record_xml_attribute, recwarn, tmp_path, tmp_path_factory, tmpdir, tmpdir_factory
>       use 'pytest --fixtures [testpath]' for help on them.

/home/user/requests_tests/tests/conftest.py:25
_ ERROR at setup of TestRequests.test_iter_content_wraps_exceptions[ProtocolError-args0-ChunkedEncodingError] _
file /home/user/requests_tests/tests/test_requests.py, line 1447
      @pytest.mark.parametrize(
          "exception, args, expected",
          (
              (urllib3.exceptions.ProtocolError, tuple(), ChunkedEncodingError),
              (urllib3.exceptions.DecodeError, tuple(), ContentDecodingError),
              (urllib3.exceptions.ReadTimeoutError, (None, "", ""), ConnectionError),
              (urllib3.exceptions.SSLError, tuple(), RequestsSSLError),
          ),
      )
      def test_iter_content_wraps_exceptions(
file /home/user/requests_tests/tests/conftest.py, line 25
  @pytest.fixture
  def httpbin(httpbin):
E       recursive dependency involving fixture 'httpbin' detected
>       available fixtures: _session_faker, cache, capfd, capfdbinary, caplog, capsys, capsysbinary, doctest_namespace, faker, httpbin, httpbin_secure, monkeypatch, nosan_server, pytestconfig, record_property, record_testsuite_property, record_xml_attribute, recwarn, tmp_path, tmp_path_factory, tmpdir, tmpdir_factory
>       use 'pytest --fixtures [testpath]' for help on them.

/home/user/requests_tests/tests/conftest.py:25
_ ERROR at setup of TestRequests.test_iter_content_wraps_exceptions[DecodeError-args1-ContentDecodingError] _
file /home/user/requests_tests/tests/test_requests.py, line 1447
      @pytest.mark.parametrize(
          "exception, args, expected",
          (
              (urllib3.exceptions.ProtocolError, tuple(), ChunkedEncodingError),
              (urllib3.exceptions.DecodeError, tuple(), ContentDecodingError),
              (urllib3.exceptions.ReadTimeoutError, (None, "", ""), ConnectionError),
              (urllib3.exceptions.SSLError, tuple(), RequestsSSLError),
          ),
      )
      def test_iter_content_wraps_exceptions(
file /home/user/requests_tests/tests/conftest.py, line 25
  @pytest.fixture
  def httpbin(httpbin):
E       recursive dependency involving fixture 'httpbin' detected
>       available fixtures: _session_faker, cache, capfd, capfdbinary, caplog, capsys, capsysbinary, doctest_namespace, faker, httpbin, httpbin_secure, monkeypatch, nosan_server, pytestconfig, record_property, record_testsuite_property, record_xml_attribute, recwarn, tmp_path, tmp_path_factory, tmpdir, tmpdir_factory
>       use 'pytest --fixtures [testpath]' for help on them.

/home/user/requests_tests/tests/conftest.py:25
_ ERROR at setup of TestRequests.test_iter_content_wraps_exceptions[ReadTimeoutError-args2-ConnectionError] _
file /home/user/requests_tests/tests/test_requests.py, line 1447
      @pytest.mark.parametrize(
          "exception, args, expected",
          (
              (urllib3.exceptions.ProtocolError, tuple(), ChunkedEncodingError),
              (urllib3.exceptions.DecodeError, tuple(), ContentDecodingError),
              (urllib3.exceptions.ReadTimeoutError, (None, "", ""), ConnectionError),
              (urllib3.exceptions.SSLError, tuple(), RequestsSSLError),
          ),
      )
      def test_iter_content_wraps_exceptions(
file /home/user/requests_tests/tests/conftest.py, line 25
  @pytest.fixture
  def httpbin(httpbin):
E       recursive dependency involving fixture 'httpbin' detected
>       available fixtures: _session_faker, cache, capfd, capfdbinary, caplog, capsys, capsysbinary, doctest_namespace, faker, httpbin, httpbin_secure, monkeypatch, nosan_server, pytestconfig, record_property, record_testsuite_property, record_xml_attribute, recwarn, tmp_path, tmp_path_factory, tmpdir, tmpdir_factory
>       use 'pytest --fixtures [testpath]' for help on them.

/home/user/requests_tests/tests/conftest.py:25
_ ERROR at setup of TestRequests.test_iter_content_wraps_exceptions[SSLError-args3-SSLError] _
file /home/user/requests_tests/tests/test_requests.py, line 1447
      @pytest.mark.parametrize(
          "exception, args, expected",
          (
              (urllib3.exceptions.ProtocolError, tuple(), ChunkedEncodingError),
              (urllib3.exceptions.DecodeError, tuple(), ContentDecodingError),
              (urllib3.exceptions.ReadTimeoutError, (None, "", ""), ConnectionError),
              (urllib3.exceptions.SSLError, tuple(), RequestsSSLError),
          ),
      )
      def test_iter_content_wraps_exceptions(
file /home/user/requests_tests/tests/conftest.py, line 25
  @pytest.fixture
  def httpbin(httpbin):
E       recursive dependency involving fixture 'httpbin' detected
>       available fixtures: _session_faker, cache, capfd, capfdbinary, caplog, capsys, capsysbinary, doctest_namespace, faker, httpbin, httpbin_secure, monkeypatch, nosan_server, pytestconfig, record_property, record_testsuite_property, record_xml_attribute, recwarn, tmp_path, tmp_path_factory, tmpdir, tmpdir_factory
>       use 'pytest --fixtures [testpath]' for help on them.

/home/user/requests_tests/tests/conftest.py:25
___ ERROR at setup of TestRequests.test_request_and_response_are_pickleable ____
file /home/user/requests_tests/tests/test_requests.py, line 1468
      def test_request_and_response_are_pickleable(self, httpbin):
file /home/user/requests_tests/tests/conftest.py, line 25
  @pytest.fixture
  def httpbin(httpbin):
E       recursive dependency involving fixture 'httpbin' detected
>       available fixtures: _session_faker, cache, capfd, capfdbinary, caplog, capsys, capsysbinary, doctest_namespace, faker, httpbin, httpbin_secure, monkeypatch, nosan_server, pytestconfig, record_property, record_testsuite_property, record_xml_attribute, recwarn, tmp_path, tmp_path_factory, tmpdir, tmpdir_factory
>       use 'pytest --fixtures [testpath]' for help on them.

/home/user/requests_tests/tests/conftest.py:25
______ ERROR at setup of TestRequests.test_prepared_request_is_pickleable ______
file /home/user/requests_tests/tests/test_requests.py, line 1480
      def test_prepared_request_is_pickleable(self, httpbin):
file /home/user/requests_tests/tests/conftest.py, line 25
  @pytest.fixture
  def httpbin(httpbin):
E       recursive dependency involving fixture 'httpbin' detected
>       available fixtures: _session_faker, cache, capfd, capfdbinary, caplog, capsys, capsysbinary, doctest_namespace, faker, httpbin, httpbin_secure, monkeypatch, nosan_server, pytestconfig, record_property, record_testsuite_property, record_xml_attribute, recwarn, tmp_path, tmp_path_factory, tmpdir, tmpdir_factory
>       use 'pytest --fixtures [testpath]' for help on them.

/home/user/requests_tests/tests/conftest.py:25
_ ERROR at setup of TestRequests.test_prepared_request_with_file_is_pickleable _
file /home/user/requests_tests/tests/test_requests.py, line 1494
      def test_prepared_request_with_file_is_pickleable(self, httpbin):
file /home/user/requests_tests/tests/conftest.py, line 25
  @pytest.fixture
  def httpbin(httpbin):
E       recursive dependency involving fixture 'httpbin' detected
>       available fixtures: _session_faker, cache, capfd, capfdbinary, caplog, capsys, capsysbinary, doctest_namespace, faker, httpbin, httpbin_secure, monkeypatch, nosan_server, pytestconfig, record_property, record_testsuite_property, record_xml_attribute, recwarn, tmp_path, tmp_path_factory, tmpdir, tmpdir_factory
>       use 'pytest --fixtures [testpath]' for help on them.

/home/user/requests_tests/tests/conftest.py:25
_ ERROR at setup of TestRequests.test_prepared_request_with_hook_is_pickleable _
file /home/user/requests_tests/tests/test_requests.py, line 1510
      def test_prepared_request_with_hook_is_pickleable(self, httpbin):
file /home/user/requests_tests/tests/conftest.py, line 25
  @pytest.fixture
  def httpbin(httpbin):
E       recursive dependency involving fixture 'httpbin' detected
>       available fixtures: _session_faker, cache, capfd, capfdbinary, caplog, capsys, capsysbinary, doctest_namespace, faker, httpbin, httpbin_secure, monkeypatch, nosan_server, pytestconfig, record_property, record_testsuite_property, record_xml_attribute, recwarn, tmp_path, tmp_path_factory, tmpdir, tmpdir_factory
>       use 'pytest --fixtures [testpath]' for help on them.

/home/user/requests_tests/tests/conftest.py:25
_____ ERROR at setup of TestRequests.test_cannot_send_unprepared_requests ______
file /home/user/requests_tests/tests/test_requests.py, line 1526
      def test_cannot_send_unprepared_requests(self, httpbin):
file /home/user/requests_tests/tests/conftest.py, line 25
  @pytest.fixture
  def httpbin(httpbin):
E       recursive dependency involving fixture 'httpbin' detected
>       available fixtures: _session_faker, cache, capfd, capfdbinary, caplog, capsys, capsysbinary, doctest_namespace, faker, httpbin, httpbin_secure, monkeypatch, nosan_server, pytestconfig, record_property, record_testsuite_property, record_xml_attribute, recwarn, tmp_path, tmp_path_factory, tmpdir, tmpdir_factory
>       use 'pytest --fixtures [testpath]' for help on them.

/home/user/requests_tests/tests/conftest.py:25
_____________ ERROR at setup of TestRequests.test_session_pickling _____________
file /home/user/requests_tests/tests/test_requests.py, line 1541
      def test_session_pickling(self, httpbin):
file /home/user/requests_tests/tests/conftest.py, line 25
  @pytest.fixture
  def httpbin(httpbin):
E       recursive dependency involving fixture 'httpbin' detected
>       available fixtures: _session_faker, cache, capfd, capfdbinary, caplog, capsys, capsysbinary, doctest_namespace, faker, httpbin, httpbin_secure, monkeypatch, nosan_server, pytestconfig, record_property, record_testsuite_property, record_xml_attribute, recwarn, tmp_path, tmp_path_factory, tmpdir, tmpdir_factory
>       use 'pytest --fixtures [testpath]' for help on them.

/home/user/requests_tests/tests/conftest.py:25
________________ ERROR at setup of TestRequests.test_fixes_1329 ________________
file /home/user/requests_tests/tests/test_requests.py, line 1551
      def test_fixes_1329(self, httpbin):
file /home/user/requests_tests/tests/conftest.py, line 25
  @pytest.fixture
  def httpbin(httpbin):
E       recursive dependency involving fixture 'httpbin' detected
>       available fixtures: _session_faker, cache, capfd, capfdbinary, caplog, capsys, capsysbinary, doctest_namespace, faker, httpbin, httpbin_secure, monkeypatch, nosan_server, pytestconfig, record_property, record_testsuite_property, record_xml_attribute, recwarn, tmp_path, tmp_path_factory, tmpdir, tmpdir_factory
>       use 'pytest --fixtures [testpath]' for help on them.

/home/user/requests_tests/tests/conftest.py:25
________ ERROR at setup of TestRequests.test_uppercase_scheme_redirect _________
file /home/user/requests_tests/tests/test_requests.py, line 1562
      def test_uppercase_scheme_redirect(self, httpbin):
file /home/user/requests_tests/tests/conftest.py, line 25
  @pytest.fixture
  def httpbin(httpbin):
E       recursive dependency involving fixture 'httpbin' detected
>       available fixtures: _session_faker, cache, capfd, capfdbinary, caplog, capsys, capsysbinary, doctest_namespace, faker, httpbin, httpbin_secure, monkeypatch, nosan_server, pytestconfig, record_property, record_testsuite_property, record_xml_attribute, recwarn, tmp_path, tmp_path_factory, tmpdir, tmpdir_factory
>       use 'pytest --fixtures [testpath]' for help on them.

/home/user/requests_tests/tests/conftest.py:25
____ ERROR at setup of TestRequests.test_header_remove_is_case_insensitive _____
file /home/user/requests_tests/tests/test_requests.py, line 1653
      def test_header_remove_is_case_insensitive(self, httpbin):
file /home/user/requests_tests/tests/conftest.py, line 25
  @pytest.fixture
  def httpbin(httpbin):
E       recursive dependency involving fixture 'httpbin' detected
>       available fixtures: _session_faker, cache, capfd, capfdbinary, caplog, capsys, capsysbinary, doctest_namespace, faker, httpbin, httpbin_secure, monkeypatch, nosan_server, pytestconfig, record_property, record_testsuite_property, record_xml_attribute, recwarn, tmp_path, tmp_path_factory, tmpdir, tmpdir_factory
>       use 'pytest --fixtures [testpath]' for help on them.

/home/user/requests_tests/tests/conftest.py:25
_____ ERROR at setup of TestRequests.test_params_are_merged_case_sensitive _____
file /home/user/requests_tests/tests/test_requests.py, line 1660
      def test_params_are_merged_case_sensitive(self, httpbin):
file /home/user/requests_tests/tests/conftest.py, line 25
  @pytest.fixture
  def httpbin(httpbin):
E       recursive dependency involving fixture 'httpbin' detected
>       available fixtures: _session_faker, cache, capfd, capfdbinary, caplog, capsys, capsysbinary, doctest_namespace, faker, httpbin, httpbin_secure, monkeypatch, nosan_server, pytestconfig, record_property, record_testsuite_property, record_xml_attribute, recwarn, tmp_path, tmp_path_factory, tmpdir, tmpdir_factory
>       use 'pytest --fixtures [testpath]' for help on them.

/home/user/requests_tests/tests/conftest.py:25
__________ ERROR at setup of TestRequests.test_header_keys_are_native __________
file /home/user/requests_tests/tests/test_requests.py, line 1675
      def test_header_keys_are_native(self, httpbin):
file /home/user/requests_tests/tests/conftest.py, line 25
  @pytest.fixture
  def httpbin(httpbin):
E       recursive dependency involving fixture 'httpbin' detected
>       available fixtures: _session_faker, cache, capfd, capfdbinary, caplog, capsys, capsysbinary, doctest_namespace, faker, httpbin, httpbin_secure, monkeypatch, nosan_server, pytestconfig, record_property, record_testsuite_property, record_xml_attribute, recwarn, tmp_path, tmp_path_factory, tmpdir, tmpdir_factory
>       use 'pytest --fixtures [testpath]' for help on them.

/home/user/requests_tests/tests/conftest.py:25
____________ ERROR at setup of TestRequests.test_header_validation _____________
file /home/user/requests_tests/tests/test_requests.py, line 1685
      def test_header_validation(self, httpbin):
file /home/user/requests_tests/tests/conftest.py, line 25
  @pytest.fixture
  def httpbin(httpbin):
E       recursive dependency involving fixture 'httpbin' detected
>       available fixtures: _session_faker, cache, capfd, capfdbinary, caplog, capsys, capsysbinary, doctest_namespace, faker, httpbin, httpbin_secure, monkeypatch, nosan_server, pytestconfig, record_property, record_testsuite_property, record_xml_attribute, recwarn, tmp_path, tmp_path_factory, tmpdir, tmpdir_factory
>       use 'pytest --fixtures [testpath]' for help on them.

/home/user/requests_tests/tests/conftest.py:25
_ ERROR at setup of TestRequests.test_header_value_not_str[invalid_header0-foo] _
file /home/user/requests_tests/tests/test_requests.py, line 1697
      @pytest.mark.parametrize(
          "invalid_header, key",
          (
              ({"foo": 3}, "foo"),
              ({"bar": {"foo": "bar"}}, "bar"),
              ({"baz": ["foo", "bar"]}, "baz"),
          ),
      )
      def test_header_value_not_str(self, httpbin, invalid_header, key):
file /home/user/requests_tests/tests/conftest.py, line 25
  @pytest.fixture
  def httpbin(httpbin):
E       recursive dependency involving fixture 'httpbin' detected
>       available fixtures: _session_faker, cache, capfd, capfdbinary, caplog, capsys, capsysbinary, doctest_namespace, faker, httpbin, httpbin_secure, monkeypatch, nosan_server, pytestconfig, record_property, record_testsuite_property, record_xml_attribute, recwarn, tmp_path, tmp_path_factory, tmpdir, tmpdir_factory
>       use 'pytest --fixtures [testpath]' for help on them.

/home/user/requests_tests/tests/conftest.py:25
_ ERROR at setup of TestRequests.test_header_value_not_str[invalid_header1-bar] _
file /home/user/requests_tests/tests/test_requests.py, line 1697
      @pytest.mark.parametrize(
          "invalid_header, key",
          (
              ({"foo": 3}, "foo"),
              ({"bar": {"foo": "bar"}}, "bar"),
              ({"baz": ["foo", "bar"]}, "baz"),
          ),
      )
      def test_header_value_not_str(self, httpbin, invalid_header, key):
file /home/user/requests_tests/tests/conftest.py, line 25
  @pytest.fixture
  def httpbin(httpbin):
E       recursive dependency involving fixture 'httpbin' detected
>       available fixtures: _session_faker, cache, capfd, capfdbinary, caplog, capsys, capsysbinary, doctest_namespace, faker, httpbin, httpbin_secure, monkeypatch, nosan_server, pytestconfig, record_property, record_testsuite_property, record_xml_attribute, recwarn, tmp_path, tmp_path_factory, tmpdir, tmpdir_factory
>       use 'pytest --fixtures [testpath]' for help on them.

/home/user/requests_tests/tests/conftest.py:25
_ ERROR at setup of TestRequests.test_header_value_not_str[invalid_header2-baz] _
file /home/user/requests_tests/tests/test_requests.py, line 1697
      @pytest.mark.parametrize(
          "invalid_header, key",
          (
              ({"foo": 3}, "foo"),
              ({"bar": {"foo": "bar"}}, "bar"),
              ({"baz": ["foo", "bar"]}, "baz"),
          ),
      )
      def test_header_value_not_str(self, httpbin, invalid_header, key):
file /home/user/requests_tests/tests/conftest.py, line 25
  @pytest.fixture
  def httpbin(httpbin):
E       recursive dependency involving fixture 'httpbin' detected
>       available fixtures: _session_faker, cache, capfd, capfdbinary, caplog, capsys, capsysbinary, doctest_namespace, faker, httpbin, httpbin_secure, monkeypatch, nosan_server, pytestconfig, record_property, record_testsuite_property, record_xml_attribute, recwarn, tmp_path, tmp_path_factory, tmpdir, tmpdir_factory
>       use 'pytest --fixtures [testpath]' for help on them.

/home/user/requests_tests/tests/conftest.py:25
_ ERROR at setup of TestRequests.test_header_no_return_chars[invalid_header0] __
file /home/user/requests_tests/tests/test_requests.py, line 1713
      @pytest.mark.parametrize(
          "invalid_header",
          (
              {"foo": "bar\r\nbaz: qux"},
              {"foo": "bar\n\rbaz: qux"},
              {"foo": "bar\nbaz: qux"},
              {"foo": "bar\rbaz: qux"},
              {"fo\ro": "bar"},
              {"fo\r\no": "bar"},
              {"fo\n\ro": "bar"},
              {"fo\no": "bar"},
          ),
      )
      def test_header_no_return_chars(self, httpbin, invalid_header):
file /home/user/requests_tests/tests/conftest.py, line 25
  @pytest.fixture
  def httpbin(httpbin):
E       recursive dependency involving fixture 'httpbin' detected
>       available fixtures: _session_faker, cache, capfd, capfdbinary, caplog, capsys, capsysbinary, doctest_namespace, faker, httpbin, httpbin_secure, monkeypatch, nosan_server, pytestconfig, record_property, record_testsuite_property, record_xml_attribute, recwarn, tmp_path, tmp_path_factory, tmpdir, tmpdir_factory
>       use 'pytest --fixtures [testpath]' for help on them.

/home/user/requests_tests/tests/conftest.py:25
_ ERROR at setup of TestRequests.test_header_no_return_chars[invalid_header1] __
file /home/user/requests_tests/tests/test_requests.py, line 1713
      @pytest.mark.parametrize(
          "invalid_header",
          (
              {"foo": "bar\r\nbaz: qux"},
              {"foo": "bar\n\rbaz: qux"},
              {"foo": "bar\nbaz: qux"},
              {"foo": "bar\rbaz: qux"},
              {"fo\ro": "bar"},
              {"fo\r\no": "bar"},
              {"fo\n\ro": "bar"},
              {"fo\no": "bar"},
          ),
      )
      def test_header_no_return_chars(self, httpbin, invalid_header):
file /home/user/requests_tests/tests/conftest.py, line 25
  @pytest.fixture
  def httpbin(httpbin):
E       recursive dependency involving fixture 'httpbin' detected
>       available fixtures: _session_faker, cache, capfd, capfdbinary, caplog, capsys, capsysbinary, doctest_namespace, faker, httpbin, httpbin_secure, monkeypatch, nosan_server, pytestconfig, record_property, record_testsuite_property, record_xml_attribute, recwarn, tmp_path, tmp_path_factory, tmpdir, tmpdir_factory
>       use 'pytest --fixtures [testpath]' for help on them.

/home/user/requests_tests/tests/conftest.py:25
_ ERROR at setup of TestRequests.test_header_no_return_chars[invalid_header2] __
file /home/user/requests_tests/tests/test_requests.py, line 1713
      @pytest.mark.parametrize(
          "invalid_header",
          (
              {"foo": "bar\r\nbaz: qux"},
              {"foo": "bar\n\rbaz: qux"},
              {"foo": "bar\nbaz: qux"},
              {"foo": "bar\rbaz: qux"},
              {"fo\ro": "bar"},
              {"fo\r\no": "bar"},
              {"fo\n\ro": "bar"},
              {"fo\no": "bar"},
          ),
      )
      def test_header_no_return_chars(self, httpbin, invalid_header):
file /home/user/requests_tests/tests/conftest.py, line 25
  @pytest.fixture
  def httpbin(httpbin):
E       recursive dependency involving fixture 'httpbin' detected
>       available fixtures: _session_faker, cache, capfd, capfdbinary, caplog, capsys, capsysbinary, doctest_namespace, faker, httpbin, httpbin_secure, monkeypatch, nosan_server, pytestconfig, record_property, record_testsuite_property, record_xml_attribute, recwarn, tmp_path, tmp_path_factory, tmpdir, tmpdir_factory
>       use 'pytest --fixtures [testpath]' for help on them.

/home/user/requests_tests/tests/conftest.py:25
_ ERROR at setup of TestRequests.test_header_no_return_chars[invalid_header3] __
file /home/user/requests_tests/tests/test_requests.py, line 1713
      @pytest.mark.parametrize(
          "invalid_header",
          (
              {"foo": "bar\r\nbaz: qux"},
              {"foo": "bar\n\rbaz: qux"},
              {"foo": "bar\nbaz: qux"},
              {"foo": "bar\rbaz: qux"},
              {"fo\ro": "bar"},
              {"fo\r\no": "bar"},
              {"fo\n\ro": "bar"},
              {"fo\no": "bar"},
          ),
      )
      def test_header_no_return_chars(self, httpbin, invalid_header):
file /home/user/requests_tests/tests/conftest.py, line 25
  @pytest.fixture
  def httpbin(httpbin):
E       recursive dependency involving fixture 'httpbin' detected
>       available fixtures: _session_faker, cache, capfd, capfdbinary, caplog, capsys, capsysbinary, doctest_namespace, faker, httpbin, httpbin_secure, monkeypatch, nosan_server, pytestconfig, record_property, record_testsuite_property, record_xml_attribute, recwarn, tmp_path, tmp_path_factory, tmpdir, tmpdir_factory
>       use 'pytest --fixtures [testpath]' for help on them.

/home/user/requests_tests/tests/conftest.py:25
_ ERROR at setup of TestRequests.test_header_no_return_chars[invalid_header4] __
file /home/user/requests_tests/tests/test_requests.py, line 1713
      @pytest.mark.parametrize(
          "invalid_header",
          (
              {"foo": "bar\r\nbaz: qux"},
              {"foo": "bar\n\rbaz: qux"},
              {"foo": "bar\nbaz: qux"},
              {"foo": "bar\rbaz: qux"},
              {"fo\ro": "bar"},
              {"fo\r\no": "bar"},
              {"fo\n\ro": "bar"},
              {"fo\no": "bar"},
          ),
      )
      def test_header_no_return_chars(self, httpbin, invalid_header):
file /home/user/requests_tests/tests/conftest.py, line 25
  @pytest.fixture
  def httpbin(httpbin):
E       recursive dependency involving fixture 'httpbin' detected
>       available fixtures: _session_faker, cache, capfd, capfdbinary, caplog, capsys, capsysbinary, doctest_namespace, faker, httpbin, httpbin_secure, monkeypatch, nosan_server, pytestconfig, record_property, record_testsuite_property, record_xml_attribute, recwarn, tmp_path, tmp_path_factory, tmpdir, tmpdir_factory
>       use 'pytest --fixtures [testpath]' for help on them.

/home/user/requests_tests/tests/conftest.py:25
_ ERROR at setup of TestRequests.test_header_no_return_chars[invalid_header5] __
file /home/user/requests_tests/tests/test_requests.py, line 1713
      @pytest.mark.parametrize(
          "invalid_header",
          (
              {"foo": "bar\r\nbaz: qux"},
              {"foo": "bar\n\rbaz: qux"},
              {"foo": "bar\nbaz: qux"},
              {"foo": "bar\rbaz: qux"},
              {"fo\ro": "bar"},
              {"fo\r\no": "bar"},
              {"fo\n\ro": "bar"},
              {"fo\no": "bar"},
          ),
      )
      def test_header_no_return_chars(self, httpbin, invalid_header):
file /home/user/requests_tests/tests/conftest.py, line 25
  @pytest.fixture
  def httpbin(httpbin):
E       recursive dependency involving fixture 'httpbin' detected
>       available fixtures: _session_faker, cache, capfd, capfdbinary, caplog, capsys, capsysbinary, doctest_namespace, faker, httpbin, httpbin_secure, monkeypatch, nosan_server, pytestconfig, record_property, record_testsuite_property, record_xml_attribute, recwarn, tmp_path, tmp_path_factory, tmpdir, tmpdir_factory
>       use 'pytest --fixtures [testpath]' for help on them.

/home/user/requests_tests/tests/conftest.py:25
_ ERROR at setup of TestRequests.test_header_no_return_chars[invalid_header6] __
file /home/user/requests_tests/tests/test_requests.py, line 1713
      @pytest.mark.parametrize(
          "invalid_header",
          (
              {"foo": "bar\r\nbaz: qux"},
              {"foo": "bar\n\rbaz: qux"},
              {"foo": "bar\nbaz: qux"},
              {"foo": "bar\rbaz: qux"},
              {"fo\ro": "bar"},
              {"fo\r\no": "bar"},
              {"fo\n\ro": "bar"},
              {"fo\no": "bar"},
          ),
      )
      def test_header_no_return_chars(self, httpbin, invalid_header):
file /home/user/requests_tests/tests/conftest.py, line 25
  @pytest.fixture
  def httpbin(httpbin):
E       recursive dependency involving fixture 'httpbin' detected
>       available fixtures: _session_faker, cache, capfd, capfdbinary, caplog, capsys, capsysbinary, doctest_namespace, faker, httpbin, httpbin_secure, monkeypatch, nosan_server, pytestconfig, record_property, record_testsuite_property, record_xml_attribute, recwarn, tmp_path, tmp_path_factory, tmpdir, tmpdir_factory
>       use 'pytest --fixtures [testpath]' for help on them.

/home/user/requests_tests/tests/conftest.py:25
_ ERROR at setup of TestRequests.test_header_no_return_chars[invalid_header7] __
file /home/user/requests_tests/tests/test_requests.py, line 1713
      @pytest.mark.parametrize(
          "invalid_header",
          (
              {"foo": "bar\r\nbaz: qux"},
              {"foo": "bar\n\rbaz: qux"},
              {"foo": "bar\nbaz: qux"},
              {"foo": "bar\rbaz: qux"},
              {"fo\ro": "bar"},
              {"fo\r\no": "bar"},
              {"fo\n\ro": "bar"},
              {"fo\no": "bar"},
          ),
      )
      def test_header_no_return_chars(self, httpbin, invalid_header):
file /home/user/requests_tests/tests/conftest.py, line 25
  @pytest.fixture
  def httpbin(httpbin):
E       recursive dependency involving fixture 'httpbin' detected
>       available fixtures: _session_faker, cache, capfd, capfdbinary, caplog, capsys, capsysbinary, doctest_namespace, faker, httpbin, httpbin_secure, monkeypatch, nosan_server, pytestconfig, record_property, record_testsuite_property, record_xml_attribute, recwarn, tmp_path, tmp_path_factory, tmpdir, tmpdir_factory
>       use 'pytest --fixtures [testpath]' for help on them.

/home/user/requests_tests/tests/conftest.py:25
_ ERROR at setup of TestRequests.test_header_no_leading_space[invalid_header0] _
file /home/user/requests_tests/tests/test_requests.py, line 1733
      @pytest.mark.parametrize(
          "invalid_header",
          (
              {" foo": "bar"},
              {"\tfoo": "bar"},
              {"    foo": "bar"},
              {"foo": " bar"},
              {"foo": "    bar"},
              {"foo": "\tbar"},
              {" ": "bar"},
          ),
      )
      def test_header_no_leading_space(self, httpbin, invalid_header):
file /home/user/requests_tests/tests/conftest.py, line 25
  @pytest.fixture
  def httpbin(httpbin):
E       recursive dependency involving fixture 'httpbin' detected
>       available fixtures: _session_faker, cache, capfd, capfdbinary, caplog, capsys, capsysbinary, doctest_namespace, faker, httpbin, httpbin_secure, monkeypatch, nosan_server, pytestconfig, record_property, record_testsuite_property, record_xml_attribute, recwarn, tmp_path, tmp_path_factory, tmpdir, tmpdir_factory
>       use 'pytest --fixtures [testpath]' for help on them.

/home/user/requests_tests/tests/conftest.py:25
_ ERROR at setup of TestRequests.test_header_no_leading_space[invalid_header1] _
file /home/user/requests_tests/tests/test_requests.py, line 1733
      @pytest.mark.parametrize(
          "invalid_header",
          (
              {" foo": "bar"},
              {"\tfoo": "bar"},
              {"    foo": "bar"},
              {"foo": " bar"},
              {"foo": "    bar"},
              {"foo": "\tbar"},
              {" ": "bar"},
          ),
      )
      def test_header_no_leading_space(self, httpbin, invalid_header):
file /home/user/requests_tests/tests/conftest.py, line 25
  @pytest.fixture
  def httpbin(httpbin):
E       recursive dependency involving fixture 'httpbin' detected
>       available fixtures: _session_faker, cache, capfd, capfdbinary, caplog, capsys, capsysbinary, doctest_namespace, faker, httpbin, httpbin_secure, monkeypatch, nosan_server, pytestconfig, record_property, record_testsuite_property, record_xml_attribute, recwarn, tmp_path, tmp_path_factory, tmpdir, tmpdir_factory
>       use 'pytest --fixtures [testpath]' for help on them.

/home/user/requests_tests/tests/conftest.py:25
_ ERROR at setup of TestRequests.test_header_no_leading_space[invalid_header2] _
file /home/user/requests_tests/tests/test_requests.py, line 1733
      @pytest.mark.parametrize(
          "invalid_header",
          (
              {" foo": "bar"},
              {"\tfoo": "bar"},
              {"    foo": "bar"},
              {"foo": " bar"},
              {"foo": "    bar"},
              {"foo": "\tbar"},
              {" ": "bar"},
          ),
      )
      def test_header_no_leading_space(self, httpbin, invalid_header):
file /home/user/requests_tests/tests/conftest.py, line 25
  @pytest.fixture
  def httpbin(httpbin):
E       recursive dependency involving fixture 'httpbin' detected
>       available fixtures: _session_faker, cache, capfd, capfdbinary, caplog, capsys, capsysbinary, doctest_namespace, faker, httpbin, httpbin_secure, monkeypatch, nosan_server, pytestconfig, record_property, record_testsuite_property, record_xml_attribute, recwarn, tmp_path, tmp_path_factory, tmpdir, tmpdir_factory
>       use 'pytest --fixtures [testpath]' for help on them.

/home/user/requests_tests/tests/conftest.py:25
_ ERROR at setup of TestRequests.test_header_no_leading_space[invalid_header3] _
file /home/user/requests_tests/tests/test_requests.py, line 1733
      @pytest.mark.parametrize(
          "invalid_header",
          (
              {" foo": "bar"},
              {"\tfoo": "bar"},
              {"    foo": "bar"},
              {"foo": " bar"},
              {"foo": "    bar"},
              {"foo": "\tbar"},
              {" ": "bar"},
          ),
      )
      def test_header_no_leading_space(self, httpbin, invalid_header):
file /home/user/requests_tests/tests/conftest.py, line 25
  @pytest.fixture
  def httpbin(httpbin):
E       recursive dependency involving fixture 'httpbin' detected
>       available fixtures: _session_faker, cache, capfd, capfdbinary, caplog, capsys, capsysbinary, doctest_namespace, faker, httpbin, httpbin_secure, monkeypatch, nosan_server, pytestconfig, record_property, record_testsuite_property, record_xml_attribute, recwarn, tmp_path, tmp_path_factory, tmpdir, tmpdir_factory
>       use 'pytest --fixtures [testpath]' for help on them.

/home/user/requests_tests/tests/conftest.py:25
_ ERROR at setup of TestRequests.test_header_no_leading_space[invalid_header4] _
file /home/user/requests_tests/tests/test_requests.py, line 1733
      @pytest.mark.parametrize(
          "invalid_header",
          (
              {" foo": "bar"},
              {"\tfoo": "bar"},
              {"    foo": "bar"},
              {"foo": " bar"},
              {"foo": "    bar"},
              {"foo": "\tbar"},
              {" ": "bar"},
          ),
      )
      def test_header_no_leading_space(self, httpbin, invalid_header):
file /home/user/requests_tests/tests/conftest.py, line 25
  @pytest.fixture
  def httpbin(httpbin):
E       recursive dependency involving fixture 'httpbin' detected
>       available fixtures: _session_faker, cache, capfd, capfdbinary, caplog, capsys, capsysbinary, doctest_namespace, faker, httpbin, httpbin_secure, monkeypatch, nosan_server, pytestconfig, record_property, record_testsuite_property, record_xml_attribute, recwarn, tmp_path, tmp_path_factory, tmpdir, tmpdir_factory
>       use 'pytest --fixtures [testpath]' for help on them.

/home/user/requests_tests/tests/conftest.py:25
_ ERROR at setup of TestRequests.test_header_no_leading_space[invalid_header5] _
file /home/user/requests_tests/tests/test_requests.py, line 1733
      @pytest.mark.parametrize(
          "invalid_header",
          (
              {" foo": "bar"},
              {"\tfoo": "bar"},
              {"    foo": "bar"},
              {"foo": " bar"},
              {"foo": "    bar"},
              {"foo": "\tbar"},
              {" ": "bar"},
          ),
      )
      def test_header_no_leading_space(self, httpbin, invalid_header):
file /home/user/requests_tests/tests/conftest.py, line 25
  @pytest.fixture
  def httpbin(httpbin):
E       recursive dependency involving fixture 'httpbin' detected
>       available fixtures: _session_faker, cache, capfd, capfdbinary, caplog, capsys, capsysbinary, doctest_namespace, faker, httpbin, httpbin_secure, monkeypatch, nosan_server, pytestconfig, record_property, record_testsuite_property, record_xml_attribute, recwarn, tmp_path, tmp_path_factory, tmpdir, tmpdir_factory
>       use 'pytest --fixtures [testpath]' for help on them.

/home/user/requests_tests/tests/conftest.py:25
_ ERROR at setup of TestRequests.test_header_no_leading_space[invalid_header6] _
file /home/user/requests_tests/tests/test_requests.py, line 1733
      @pytest.mark.parametrize(
          "invalid_header",
          (
              {" foo": "bar"},
              {"\tfoo": "bar"},
              {"    foo": "bar"},
              {"foo": " bar"},
              {"foo": "    bar"},
              {"foo": "\tbar"},
              {" ": "bar"},
          ),
      )
      def test_header_no_leading_space(self, httpbin, invalid_header):
file /home/user/requests_tests/tests/conftest.py, line 25
  @pytest.fixture
  def httpbin(httpbin):
E       recursive dependency involving fixture 'httpbin' detected
>       available fixtures: _session_faker, cache, capfd, capfdbinary, caplog, capsys, capsysbinary, doctest_namespace, faker, httpbin, httpbin_secure, monkeypatch, nosan_server, pytestconfig, record_property, record_testsuite_property, record_xml_attribute, recwarn, tmp_path, tmp_path_factory, tmpdir, tmpdir_factory
>       use 'pytest --fixtures [testpath]' for help on them.

/home/user/requests_tests/tests/conftest.py:25
____ ERROR at setup of TestRequests.test_can_send_objects_with_files[foo0] _____
file /home/user/requests_tests/tests/test_requests.py, line 1752
      @pytest.mark.parametrize("files", ("foo", b"foo", bytearray(b"foo")))
      def test_can_send_objects_with_files(self, httpbin, files):
file /home/user/requests_tests/tests/conftest.py, line 25
  @pytest.fixture
  def httpbin(httpbin):
E       recursive dependency involving fixture 'httpbin' detected
>       available fixtures: _session_faker, cache, capfd, capfdbinary, caplog, capsys, capsysbinary, doctest_namespace, faker, httpbin, httpbin_secure, monkeypatch, nosan_server, pytestconfig, record_property, record_testsuite_property, record_xml_attribute, recwarn, tmp_path, tmp_path_factory, tmpdir, tmpdir_factory
>       use 'pytest --fixtures [testpath]' for help on them.

/home/user/requests_tests/tests/conftest.py:25
____ ERROR at setup of TestRequests.test_can_send_objects_with_files[foo1] _____
file /home/user/requests_tests/tests/test_requests.py, line 1752
      @pytest.mark.parametrize("files", ("foo", b"foo", bytearray(b"foo")))
      def test_can_send_objects_with_files(self, httpbin, files):
file /home/user/requests_tests/tests/conftest.py, line 25
  @pytest.fixture
  def httpbin(httpbin):
E       recursive dependency involving fixture 'httpbin' detected
>       available fixtures: _session_faker, cache, capfd, capfdbinary, caplog, capsys, capsysbinary, doctest_namespace, faker, httpbin, httpbin_secure, monkeypatch, nosan_server, pytestconfig, record_property, record_testsuite_property, record_xml_attribute, recwarn, tmp_path, tmp_path_factory, tmpdir, tmpdir_factory
>       use 'pytest --fixtures [testpath]' for help on them.

/home/user/requests_tests/tests/conftest.py:25
___ ERROR at setup of TestRequests.test_can_send_objects_with_files[files2] ____
file /home/user/requests_tests/tests/test_requests.py, line 1752
      @pytest.mark.parametrize("files", ("foo", b"foo", bytearray(b"foo")))
      def test_can_send_objects_with_files(self, httpbin, files):
file /home/user/requests_tests/tests/conftest.py, line 25
  @pytest.fixture
  def httpbin(httpbin):
E       recursive dependency involving fixture 'httpbin' detected
>       available fixtures: _session_faker, cache, capfd, capfdbinary, caplog, capsys, capsysbinary, doctest_namespace, faker, httpbin, httpbin_secure, monkeypatch, nosan_server, pytestconfig, record_property, record_testsuite_property, record_xml_attribute, recwarn, tmp_path, tmp_path_factory, tmpdir, tmpdir_factory
>       use 'pytest --fixtures [testpath]' for help on them.

/home/user/requests_tests/tests/conftest.py:25
_ ERROR at setup of TestRequests.test_can_send_file_object_with_non_string_filename _
file /home/user/requests_tests/tests/test_requests.py, line 1760
      def test_can_send_file_object_with_non_string_filename(self, httpbin):
file /home/user/requests_tests/tests/conftest.py, line 25
  @pytest.fixture
  def httpbin(httpbin):
E       recursive dependency involving fixture 'httpbin' detected
>       available fixtures: _session_faker, cache, capfd, capfdbinary, caplog, capsys, capsysbinary, doctest_namespace, faker, httpbin, httpbin_secure, monkeypatch, nosan_server, pytestconfig, record_property, record_testsuite_property, record_xml_attribute, recwarn, tmp_path, tmp_path_factory, tmpdir, tmpdir_factory
>       use 'pytest --fixtures [testpath]' for help on them.

/home/user/requests_tests/tests/conftest.py:25
_____ ERROR at setup of TestRequests.test_autoset_header_values_are_native _____
file /home/user/requests_tests/tests/test_requests.py, line 1768
      def test_autoset_header_values_are_native(self, httpbin):
file /home/user/requests_tests/tests/conftest.py, line 25
  @pytest.fixture
  def httpbin(httpbin):
E       recursive dependency involving fixture 'httpbin' detected
>       available fixtures: _session_faker, cache, capfd, capfdbinary, caplog, capsys, capsysbinary, doctest_namespace, faker, httpbin, httpbin_secure, monkeypatch, nosan_server, pytestconfig, record_property, record_testsuite_property, record_xml_attribute, recwarn, tmp_path, tmp_path_factory, tmpdir, tmpdir_factory
>       use 'pytest --fixtures [testpath]' for help on them.

/home/user/requests_tests/tests/conftest.py:25
____ ERROR at setup of TestRequests.test_auth_is_stripped_on_http_downgrade ____
file /home/user/requests_tests/tests/test_requests.py, line 1787
      def test_auth_is_stripped_on_http_downgrade(
file /home/user/requests_tests/tests/conftest.py, line 25
  @pytest.fixture
  def httpbin(httpbin):
E       recursive dependency involving fixture 'httpbin' detected
>       available fixtures: _session_faker, cache, capfd, capfdbinary, caplog, capsys, capsysbinary, doctest_namespace, faker, httpbin, httpbin_secure, monkeypatch, nosan_server, pytestconfig, record_property, record_testsuite_property, record_xml_attribute, recwarn, tmp_path, tmp_path_factory, tmpdir, tmpdir_factory
>       use 'pytest --fixtures [testpath]' for help on them.

/home/user/requests_tests/tests/conftest.py:25
__ ERROR at setup of TestRequests.test_auth_is_retained_for_redirect_on_host ___
file /home/user/requests_tests/tests/test_requests.py, line 1799
      def test_auth_is_retained_for_redirect_on_host(self, httpbin):
file /home/user/requests_tests/tests/conftest.py, line 25
  @pytest.fixture
  def httpbin(httpbin):
E       recursive dependency involving fixture 'httpbin' detected
>       available fixtures: _session_faker, cache, capfd, capfdbinary, caplog, capsys, capsysbinary, doctest_namespace, faker, httpbin, httpbin_secure, monkeypatch, nosan_server, pytestconfig, record_property, record_testsuite_property, record_xml_attribute, recwarn, tmp_path, tmp_path_factory, tmpdir, tmpdir_factory
>       use 'pytest --fixtures [testpath]' for help on them.

/home/user/requests_tests/tests/conftest.py:25
__ ERROR at setup of TestRequests.test_manual_redirect_with_partial_body_read __
file /home/user/requests_tests/tests/test_requests.py, line 1854
      def test_manual_redirect_with_partial_body_read(self, httpbin):
file /home/user/requests_tests/tests/conftest.py, line 25
  @pytest.fixture
  def httpbin(httpbin):
E       recursive dependency involving fixture 'httpbin' detected
>       available fixtures: _session_faker, cache, capfd, capfdbinary, caplog, capsys, capsysbinary, doctest_namespace, faker, httpbin, httpbin_secure, monkeypatch, nosan_server, pytestconfig, record_property, record_testsuite_property, record_xml_attribute, recwarn, tmp_path, tmp_path_factory, tmpdir, tmpdir_factory
>       use 'pytest --fixtures [testpath]' for help on them.

/home/user/requests_tests/tests/conftest.py:25
____ ERROR at setup of TestRequests.test_redirect_with_wrong_gzipped_header ____
file /home/user/requests_tests/tests/test_requests.py, line 1982
      def test_redirect_with_wrong_gzipped_header(self, httpbin):
file /home/user/requests_tests/tests/conftest.py, line 25
  @pytest.fixture
  def httpbin(httpbin):
E       recursive dependency involving fixture 'httpbin' detected
>       available fixtures: _session_faker, cache, capfd, capfdbinary, caplog, capsys, capsysbinary, doctest_namespace, faker, httpbin, httpbin_secure, monkeypatch, nosan_server, pytestconfig, record_property, record_testsuite_property, record_xml_attribute, recwarn, tmp_path, tmp_path_factory, tmpdir, tmpdir_factory
>       use 'pytest --fixtures [testpath]' for help on them.

/home/user/requests_tests/tests/conftest.py:25
________ ERROR at setup of TestRequests.test_requests_history_is_saved _________
file /home/user/requests_tests/tests/test_requests.py, line 2004
      def test_requests_history_is_saved(self, httpbin):
file /home/user/requests_tests/tests/conftest.py, line 25
  @pytest.fixture
  def httpbin(httpbin):
E       recursive dependency involving fixture 'httpbin' detected
>       available fixtures: _session_faker, cache, capfd, capfdbinary, caplog, capsys, capsysbinary, doctest_namespace, faker, httpbin, httpbin_secure, monkeypatch, nosan_server, pytestconfig, record_property, record_testsuite_property, record_xml_attribute, recwarn, tmp_path, tmp_path_factory, tmpdir, tmpdir_factory
>       use 'pytest --fixtures [testpath]' for help on them.

/home/user/requests_tests/tests/conftest.py:25
____ ERROR at setup of TestRequests.test_json_param_post_content_type_works ____
file /home/user/requests_tests/tests/test_requests.py, line 2012
      def test_json_param_post_content_type_works(self, httpbin):
file /home/user/requests_tests/tests/conftest.py, line 25
  @pytest.fixture
  def httpbin(httpbin):
E       recursive dependency involving fixture 'httpbin' detected
>       available fixtures: _session_faker, cache, capfd, capfdbinary, caplog, capsys, capsysbinary, doctest_namespace, faker, httpbin, httpbin_secure, monkeypatch, nosan_server, pytestconfig, record_property, record_testsuite_property, record_xml_attribute, recwarn, tmp_path, tmp_path_factory, tmpdir, tmpdir_factory
>       use 'pytest --fixtures [testpath]' for help on them.

/home/user/requests_tests/tests/conftest.py:25
_ ERROR at setup of TestRequests.test_json_param_post_should_not_override_data_param _
file /home/user/requests_tests/tests/test_requests.py, line 2018
      def test_json_param_post_should_not_override_data_param(self, httpbin):
file /home/user/requests_tests/tests/conftest.py, line 25
  @pytest.fixture
  def httpbin(httpbin):
E       recursive dependency involving fixture 'httpbin' detected
>       available fixtures: _session_faker, cache, capfd, capfdbinary, caplog, capsys, capsysbinary, doctest_namespace, faker, httpbin, httpbin_secure, monkeypatch, nosan_server, pytestconfig, record_property, record_testsuite_property, record_xml_attribute, recwarn, tmp_path, tmp_path_factory, tmpdir, tmpdir_factory
>       use 'pytest --fixtures [testpath]' for help on them.

/home/user/requests_tests/tests/conftest.py:25
___________ ERROR at setup of TestRequests.test_response_iter_lines ____________
file /home/user/requests_tests/tests/test_requests.py, line 2028
      def test_response_iter_lines(self, httpbin):
file /home/user/requests_tests/tests/conftest.py, line 25
  @pytest.fixture
  def httpbin(httpbin):
E       recursive dependency involving fixture 'httpbin' detected
>       available fixtures: _session_faker, cache, capfd, capfdbinary, caplog, capsys, capsysbinary, doctest_namespace, faker, httpbin, httpbin_secure, monkeypatch, nosan_server, pytestconfig, record_property, record_testsuite_property, record_xml_attribute, recwarn, tmp_path, tmp_path_factory, tmpdir, tmpdir_factory
>       use 'pytest --fixtures [testpath]' for help on them.

/home/user/requests_tests/tests/conftest.py:25
_________ ERROR at setup of TestRequests.test_response_context_manager _________
file /home/user/requests_tests/tests/test_requests.py, line 2036
      def test_response_context_manager(self, httpbin):
file /home/user/requests_tests/tests/conftest.py, line 25
  @pytest.fixture
  def httpbin(httpbin):
E       recursive dependency involving fixture 'httpbin' detected
>       available fixtures: _session_faker, cache, capfd, capfdbinary, caplog, capsys, capsysbinary, doctest_namespace, faker, httpbin, httpbin_secure, monkeypatch, nosan_server, pytestconfig, record_property, record_testsuite_property, record_xml_attribute, recwarn, tmp_path, tmp_path_factory, tmpdir, tmpdir_factory
>       use 'pytest --fixtures [testpath]' for help on them.

/home/user/requests_tests/tests/conftest.py:25
_ ERROR at setup of TestRequests.test_unconsumed_session_response_closes_connection _
file /home/user/requests_tests/tests/test_requests.py, line 2042
      def test_unconsumed_session_response_closes_connection(self, httpbin):
file /home/user/requests_tests/tests/conftest.py, line 25
  @pytest.fixture
  def httpbin(httpbin):
E       recursive dependency involving fixture 'httpbin' detected
>       available fixtures: _session_faker, cache, capfd, capfdbinary, caplog, capsys, capsysbinary, doctest_namespace, faker, httpbin, httpbin_secure, monkeypatch, nosan_server, pytestconfig, record_property, record_testsuite_property, record_xml_attribute, recwarn, tmp_path, tmp_path_factory, tmpdir, tmpdir_factory
>       use 'pytest --fixtures [testpath]' for help on them.

/home/user/requests_tests/tests/conftest.py:25
________ ERROR at setup of TestRequests.test_session_close_proxy_clear _________
file /home/user/requests_tests/tests/test_requests.py, line 2060
      def test_session_close_proxy_clear(self, mocker):
E       fixture 'mocker' not found
>       available fixtures: _session_faker, cache, capfd, capfdbinary, caplog, capsys, capsysbinary, doctest_namespace, faker, httpbin, httpbin_secure, monkeypatch, nosan_server, pytestconfig, record_property, record_testsuite_property, record_xml_attribute, recwarn, tmp_path, tmp_path_factory, tmpdir, tmpdir_factory
>       use 'pytest --fixtures [testpath]' for help on them.

/home/user/requests_tests/tests/test_requests.py:2060
____ ERROR at setup of TestRequests.test_response_json_when_content_is_None ____
file /home/user/requests_tests/tests/test_requests.py, line 2081
      def test_response_json_when_content_is_None(self, httpbin):
file /home/user/requests_tests/tests/conftest.py, line 25
  @pytest.fixture
  def httpbin(httpbin):
E       recursive dependency involving fixture 'httpbin' detected
>       available fixtures: _session_faker, cache, capfd, capfdbinary, caplog, capsys, capsysbinary, doctest_namespace, faker, httpbin, httpbin_secure, monkeypatch, nosan_server, pytestconfig, record_property, record_testsuite_property, record_xml_attribute, recwarn, tmp_path, tmp_path_factory, tmpdir, tmpdir_factory
>       use 'pytest --fixtures [testpath]' for help on them.

/home/user/requests_tests/tests/conftest.py:25
_ ERROR at setup of TestRequests.test_empty_stream_with_auth_does_not_set_content_length_header _
file /home/user/requests_tests/tests/test_requests.py, line 2102
      def test_empty_stream_with_auth_does_not_set_content_length_header(self, httpbin):
file /home/user/requests_tests/tests/conftest.py, line 25
  @pytest.fixture
  def httpbin(httpbin):
E       recursive dependency involving fixture 'httpbin' detected
>       available fixtures: _session_faker, cache, capfd, capfdbinary, caplog, capsys, capsysbinary, doctest_namespace, faker, httpbin, httpbin_secure, monkeypatch, nosan_server, pytestconfig, record_property, record_testsuite_property, record_xml_attribute, recwarn, tmp_path, tmp_path_factory, tmpdir, tmpdir_factory
>       use 'pytest --fixtures [testpath]' for help on them.

/home/user/requests_tests/tests/conftest.py:25
_ ERROR at setup of TestRequests.test_stream_with_auth_does_not_set_transfer_encoding_header _
file /home/user/requests_tests/tests/test_requests.py, line 2114
      def test_stream_with_auth_does_not_set_transfer_encoding_header(self, httpbin):
file /home/user/requests_tests/tests/conftest.py, line 25
  @pytest.fixture
  def httpbin(httpbin):
E       recursive dependency involving fixture 'httpbin' detected
>       available fixtures: _session_faker, cache, capfd, capfdbinary, caplog, capsys, capsysbinary, doctest_namespace, faker, httpbin, httpbin_secure, monkeypatch, nosan_server, pytestconfig, record_property, record_testsuite_property, record_xml_attribute, recwarn, tmp_path, tmp_path_factory, tmpdir, tmpdir_factory
>       use 'pytest --fixtures [testpath]' for help on them.

/home/user/requests_tests/tests/conftest.py:25
_ ERROR at setup of TestRequests.test_chunked_upload_does_not_set_content_length_header _
file /home/user/requests_tests/tests/test_requests.py, line 2126
      def test_chunked_upload_does_not_set_content_length_header(self, httpbin):
file /home/user/requests_tests/tests/conftest.py, line 25
  @pytest.fixture
  def httpbin(httpbin):
E       recursive dependency involving fixture 'httpbin' detected
>       available fixtures: _session_faker, cache, capfd, capfdbinary, caplog, capsys, capsysbinary, doctest_namespace, faker, httpbin, httpbin_secure, monkeypatch, nosan_server, pytestconfig, record_property, record_testsuite_property, record_xml_attribute, recwarn, tmp_path, tmp_path_factory, tmpdir, tmpdir_factory
>       use 'pytest --fixtures [testpath]' for help on them.

/home/user/requests_tests/tests/conftest.py:25
__________ ERROR at setup of TestRequests.test_custom_redirect_mixin ___________
file /home/user/requests_tests/tests/test_requests.py, line 2137
      def test_custom_redirect_mixin(self, httpbin):
file /home/user/requests_tests/tests/conftest.py, line 25
  @pytest.fixture
  def httpbin(httpbin):
E       recursive dependency involving fixture 'httpbin' detected
>       available fixtures: _session_faker, cache, capfd, capfdbinary, caplog, capsys, capsysbinary, doctest_namespace, faker, httpbin, httpbin_secure, monkeypatch, nosan_server, pytestconfig, record_property, record_testsuite_property, record_xml_attribute, recwarn, tmp_path, tmp_path_factory, tmpdir, tmpdir_factory
>       use 'pytest --fixtures [testpath]' for help on them.

/home/user/requests_tests/tests/conftest.py:25
______________ ERROR at setup of TestTimeout.test_stream_timeout _______________
file /home/user/requests_tests/tests/test_requests.py, line 2389
      def test_stream_timeout(self, httpbin):
file /home/user/requests_tests/tests/conftest.py, line 25
  @pytest.fixture
  def httpbin(httpbin):
E       recursive dependency involving fixture 'httpbin' detected
>       available fixtures: _session_faker, cache, capfd, capfdbinary, caplog, capsys, capsysbinary, doctest_namespace, faker, httpbin, httpbin_secure, monkeypatch, nosan_server, pytestconfig, record_property, record_testsuite_property, record_xml_attribute, recwarn, tmp_path, tmp_path_factory, tmpdir, tmpdir_factory
>       use 'pytest --fixtures [testpath]' for help on them.

/home/user/requests_tests/tests/conftest.py:25
_ ERROR at setup of TestTimeout.test_invalid_timeout[timeout0-(connect, read)] _
file /home/user/requests_tests/tests/test_requests.py, line 2395
      @pytest.mark.parametrize(
          "timeout, error_text",
          (
              ((3, 4, 5), "(connect, read)"),
              ("foo", "must be an int, float or None"),
          ),
      )
      def test_invalid_timeout(self, httpbin, timeout, error_text):
file /home/user/requests_tests/tests/conftest.py, line 25
  @pytest.fixture
  def httpbin(httpbin):
E       recursive dependency involving fixture 'httpbin' detected
>       available fixtures: _session_faker, cache, capfd, capfdbinary, caplog, capsys, capsysbinary, doctest_namespace, faker, httpbin, httpbin_secure, monkeypatch, nosan_server, pytestconfig, record_property, record_testsuite_property, record_xml_attribute, recwarn, tmp_path, tmp_path_factory, tmpdir, tmpdir_factory
>       use 'pytest --fixtures [testpath]' for help on them.

/home/user/requests_tests/tests/conftest.py:25
_ ERROR at setup of TestTimeout.test_invalid_timeout[foo-must be an int, float or None] _
file /home/user/requests_tests/tests/test_requests.py, line 2395
      @pytest.mark.parametrize(
          "timeout, error_text",
          (
              ((3, 4, 5), "(connect, read)"),
              ("foo", "must be an int, float or None"),
          ),
      )
      def test_invalid_timeout(self, httpbin, timeout, error_text):
file /home/user/requests_tests/tests/conftest.py, line 25
  @pytest.fixture
  def httpbin(httpbin):
E       recursive dependency involving fixture 'httpbin' detected
>       available fixtures: _session_faker, cache, capfd, capfdbinary, caplog, capsys, capsysbinary, doctest_namespace, faker, httpbin, httpbin_secure, monkeypatch, nosan_server, pytestconfig, record_property, record_testsuite_property, record_xml_attribute, recwarn, tmp_path, tmp_path_factory, tmpdir, tmpdir_factory
>       use 'pytest --fixtures [testpath]' for help on them.

/home/user/requests_tests/tests/conftest.py:25
____________ ERROR at setup of TestTimeout.test_none_timeout[None] _____________
file /home/user/requests_tests/tests/test_requests.py, line 2407
      @pytest.mark.parametrize("timeout", (None, Urllib3Timeout(connect=None, read=None)))
      def test_none_timeout(self, httpbin, timeout):
file /home/user/requests_tests/tests/conftest.py, line 25
  @pytest.fixture
  def httpbin(httpbin):
E       recursive dependency involving fixture 'httpbin' detected
>       available fixtures: _session_faker, cache, capfd, capfdbinary, caplog, capsys, capsysbinary, doctest_namespace, faker, httpbin, httpbin_secure, monkeypatch, nosan_server, pytestconfig, record_property, record_testsuite_property, record_xml_attribute, recwarn, tmp_path, tmp_path_factory, tmpdir, tmpdir_factory
>       use 'pytest --fixtures [testpath]' for help on them.

/home/user/requests_tests/tests/conftest.py:25
__________ ERROR at setup of TestTimeout.test_none_timeout[timeout1] ___________
file /home/user/requests_tests/tests/test_requests.py, line 2407
      @pytest.mark.parametrize("timeout", (None, Urllib3Timeout(connect=None, read=None)))
      def test_none_timeout(self, httpbin, timeout):
file /home/user/requests_tests/tests/conftest.py, line 25
  @pytest.fixture
  def httpbin(httpbin):
E       recursive dependency involving fixture 'httpbin' detected
>       available fixtures: _session_faker, cache, capfd, capfdbinary, caplog, capsys, capsysbinary, doctest_namespace, faker, httpbin, httpbin_secure, monkeypatch, nosan_server, pytestconfig, record_property, record_testsuite_property, record_xml_attribute, recwarn, tmp_path, tmp_path_factory, tmpdir, tmpdir_factory
>       use 'pytest --fixtures [testpath]' for help on them.

/home/user/requests_tests/tests/conftest.py:25
__________ ERROR at setup of TestTimeout.test_read_timeout[timeout0] ___________
file /home/user/requests_tests/tests/test_requests.py, line 2420
      @pytest.mark.parametrize(
          "timeout", ((None, 0.1), Urllib3Timeout(connect=None, read=0.1))
      )
      def test_read_timeout(self, httpbin, timeout):
file /home/user/requests_tests/tests/conftest.py, line 25
  @pytest.fixture
  def httpbin(httpbin):
E       recursive dependency involving fixture 'httpbin' detected
>       available fixtures: _session_faker, cache, capfd, capfdbinary, caplog, capsys, capsysbinary, doctest_namespace, faker, httpbin, httpbin_secure, monkeypatch, nosan_server, pytestconfig, record_property, record_testsuite_property, record_xml_attribute, recwarn, tmp_path, tmp_path_factory, tmpdir, tmpdir_factory
>       use 'pytest --fixtures [testpath]' for help on them.

/home/user/requests_tests/tests/conftest.py:25
__________ ERROR at setup of TestTimeout.test_read_timeout[timeout1] ___________
file /home/user/requests_tests/tests/test_requests.py, line 2420
      @pytest.mark.parametrize(
          "timeout", ((None, 0.1), Urllib3Timeout(connect=None, read=0.1))
      )
      def test_read_timeout(self, httpbin, timeout):
file /home/user/requests_tests/tests/conftest.py, line 25
  @pytest.fixture
  def httpbin(httpbin):
E       recursive dependency involving fixture 'httpbin' detected
>       available fixtures: _session_faker, cache, capfd, capfdbinary, caplog, capsys, capsysbinary, doctest_namespace, faker, httpbin, httpbin_secure, monkeypatch, nosan_server, pytestconfig, record_property, record_testsuite_property, record_xml_attribute, recwarn, tmp_path, tmp_path_factory, tmpdir, tmpdir_factory
>       use 'pytest --fixtures [testpath]' for help on them.

/home/user/requests_tests/tests/conftest.py:25
______________ ERROR at setup of TestTimeout.test_encoded_methods ______________
file /home/user/requests_tests/tests/test_requests.py, line 2451
      def test_encoded_methods(self, httpbin):
file /home/user/requests_tests/tests/conftest.py, line 25
  @pytest.fixture
  def httpbin(httpbin):
E       recursive dependency involving fixture 'httpbin' detected
>       available fixtures: _session_faker, cache, capfd, capfdbinary, caplog, capsys, capsysbinary, doctest_namespace, faker, httpbin, httpbin_secure, monkeypatch, nosan_server, pytestconfig, record_property, record_testsuite_property, record_xml_attribute, recwarn, tmp_path, tmp_path_factory, tmpdir, tmpdir_factory
>       use 'pytest --fixtures [testpath]' for help on them.

/home/user/requests_tests/tests/conftest.py:25
____________ ERROR at setup of test_requests_are_updated_each_time _____________
file /home/user/requests_tests/tests/test_requests.py, line 2500
  def test_requests_are_updated_each_time(httpbin):
file /home/user/requests_tests/tests/conftest.py, line 25
  @pytest.fixture
  def httpbin(httpbin):
E       recursive dependency involving fixture 'httpbin' detected
>       available fixtures: _session_faker, cache, capfd, capfdbinary, caplog, capsys, capsysbinary, doctest_namespace, faker, httpbin, httpbin_secure, monkeypatch, nosan_server, pytestconfig, record_property, record_testsuite_property, record_xml_attribute, recwarn, tmp_path, tmp_path_factory, tmpdir, tmpdir_factory
>       use 'pytest --fixtures [testpath]' for help on them.

/home/user/requests_tests/tests/conftest.py:25
____________________ ERROR at setup of test_urllib3_retries ____________________
file /home/user/requests_tests/tests/test_requests.py, line 2591
  def test_urllib3_retries(httpbin):
file /home/user/requests_tests/tests/conftest.py, line 25
  @pytest.fixture
  def httpbin(httpbin):
E       recursive dependency involving fixture 'httpbin' detected
>       available fixtures: _session_faker, cache, capfd, capfdbinary, caplog, capsys, capsysbinary, doctest_namespace, faker, httpbin, httpbin_secure, monkeypatch, nosan_server, pytestconfig, record_property, record_testsuite_property, record_xml_attribute, recwarn, tmp_path, tmp_path_factory, tmpdir, tmpdir_factory
>       use 'pytest --fixtures [testpath]' for help on them.

/home/user/requests_tests/tests/conftest.py:25
____________ ERROR at setup of test_urllib3_pool_connection_closed _____________
file /home/user/requests_tests/tests/test_requests.py, line 2601
  def test_urllib3_pool_connection_closed(httpbin):
file /home/user/requests_tests/tests/conftest.py, line 25
  @pytest.fixture
  def httpbin(httpbin):
E       recursive dependency involving fixture 'httpbin' detected
>       available fixtures: _session_faker, cache, capfd, capfdbinary, caplog, capsys, capsysbinary, doctest_namespace, faker, httpbin, httpbin_secure, monkeypatch, nosan_server, pytestconfig, record_property, record_testsuite_property, record_xml_attribute, recwarn, tmp_path, tmp_path_factory, tmpdir, tmpdir_factory
>       use 'pytest --fixtures [testpath]' for help on them.

/home/user/requests_tests/tests/conftest.py:25
_ ERROR at setup of TestPreparingURLs.test_redirecting_to_bad_url[http://localhost:-1-InvalidURL] _
file /home/user/requests_tests/tests/test_requests.py, line 2670
      @pytest.mark.parametrize("url, exception", (("http://localhost:-1", InvalidURL),))
      def test_redirecting_to_bad_url(self, httpbin, url, exception):
file /home/user/requests_tests/tests/conftest.py, line 25
  @pytest.fixture
  def httpbin(httpbin):
E       recursive dependency involving fixture 'httpbin' detected
>       available fixtures: _session_faker, cache, capfd, capfdbinary, caplog, capsys, capsysbinary, doctest_namespace, faker, httpbin, httpbin_secure, monkeypatch, nosan_server, pytestconfig, record_property, record_testsuite_property, record_xml_attribute, recwarn, tmp_path, tmp_path_factory, tmpdir, tmpdir_factory
>       use 'pytest --fixtures [testpath]' for help on them.

/home/user/requests_tests/tests/conftest.py:25
____________ ERROR at setup of TestPreparingURLs.test_post_json_nan ____________
file /home/user/requests_tests/tests/test_requests.py, line 2745
      def test_post_json_nan(self, httpbin):
file /home/user/requests_tests/tests/conftest.py, line 25
  @pytest.fixture
  def httpbin(httpbin):
E       recursive dependency involving fixture 'httpbin' detected
>       available fixtures: _session_faker, cache, capfd, capfdbinary, caplog, capsys, capsysbinary, doctest_namespace, faker, httpbin, httpbin_secure, monkeypatch, nosan_server, pytestconfig, record_property, record_testsuite_property, record_xml_attribute, recwarn, tmp_path, tmp_path_factory, tmpdir, tmpdir_factory
>       use 'pytest --fixtures [testpath]' for help on them.

/home/user/requests_tests/tests/conftest.py:25
______ ERROR at setup of TestPreparingURLs.test_json_decode_compatibility ______
file /home/user/requests_tests/tests/test_requests.py, line 2750
      def test_json_decode_compatibility(self, httpbin):
file /home/user/requests_tests/tests/conftest.py, line 25
  @pytest.fixture
  def httpbin(httpbin):
E       recursive dependency involving fixture 'httpbin' detected
>       available fixtures: _session_faker, cache, capfd, capfdbinary, caplog, capsys, capsysbinary, doctest_namespace, faker, httpbin, httpbin_secure, monkeypatch, nosan_server, pytestconfig, record_property, record_testsuite_property, record_xml_attribute, recwarn, tmp_path, tmp_path_factory, tmpdir, tmpdir_factory
>       use 'pytest --fixtures [testpath]' for help on them.

/home/user/requests_tests/tests/conftest.py:25
____ ERROR at setup of TestPreparingURLs.test_json_decode_persists_doc_attr ____
file /home/user/requests_tests/tests/test_requests.py, line 2758
      def test_json_decode_persists_doc_attr(self, httpbin):
file /home/user/requests_tests/tests/conftest.py, line 25
  @pytest.fixture
  def httpbin(httpbin):
E       recursive dependency involving fixture 'httpbin' detected
>       available fixtures: _session_faker, cache, capfd, capfdbinary, caplog, capsys, capsysbinary, doctest_namespace, faker, httpbin, httpbin_secure, monkeypatch, nosan_server, pytestconfig, record_property, record_testsuite_property, record_xml_attribute, recwarn, tmp_path, tmp_path_factory, tmpdir, tmpdir_factory
>       use 'pytest --fixtures [testpath]' for help on them.

/home/user/requests_tests/tests/conftest.py:25
_ ERROR at setup of test_should_bypass_proxies_pass_only_hostname[http://172.16.1.1/-172.16.1.1] _
file /home/user/requests_tests/tests/test_utils.py, line 741
  @pytest.mark.parametrize(
      "url, expected",
      (
          ("http://172.16.1.1/", "172.16.1.1"),
          ("http://172.16.1.1:5000/", "172.16.1.1"),
          ("http://user:pass@172.16.1.1", "172.16.1.1"),
          ("http://user:pass@172.16.1.1:5000", "172.16.1.1"),
          ("http://hostname/", "hostname"),
          ("http://hostname:5000/", "hostname"),
          ("http://user:pass@hostname", "hostname"),
          ("http://user:pass@hostname:5000", "hostname"),
      ),
  )
  def test_should_bypass_proxies_pass_only_hostname(url, expected, mocker):
E       fixture 'mocker' not found
>       available fixtures: _session_faker, cache, capfd, capfdbinary, caplog, capsys, capsysbinary, doctest_namespace, faker, httpbin, httpbin_secure, monkeypatch, nosan_server, pytestconfig, record_property, record_testsuite_property, record_xml_attribute, recwarn, tmp_path, tmp_path_factory, tmpdir, tmpdir_factory
>       use 'pytest --fixtures [testpath]' for help on them.

/home/user/requests_tests/tests/test_utils.py:741
_ ERROR at setup of test_should_bypass_proxies_pass_only_hostname[http://172.16.1.1:5000/-172.16.1.1] _
file /home/user/requests_tests/tests/test_utils.py, line 741
  @pytest.mark.parametrize(
      "url, expected",
      (
          ("http://172.16.1.1/", "172.16.1.1"),
          ("http://172.16.1.1:5000/", "172.16.1.1"),
          ("http://user:pass@172.16.1.1", "172.16.1.1"),
          ("http://user:pass@172.16.1.1:5000", "172.16.1.1"),
          ("http://hostname/", "hostname"),
          ("http://hostname:5000/", "hostname"),
          ("http://user:pass@hostname", "hostname"),
          ("http://user:pass@hostname:5000", "hostname"),
      ),
  )
  def test_should_bypass_proxies_pass_only_hostname(url, expected, mocker):
E       fixture 'mocker' not found
>       available fixtures: _session_faker, cache, capfd, capfdbinary, caplog, capsys, capsysbinary, doctest_namespace, faker, httpbin, httpbin_secure, monkeypatch, nosan_server, pytestconfig, record_property, record_testsuite_property, record_xml_attribute, recwarn, tmp_path, tmp_path_factory, tmpdir, tmpdir_factory
>       use 'pytest --fixtures [testpath]' for help on them.

/home/user/requests_tests/tests/test_utils.py:741
_ ERROR at setup of test_should_bypass_proxies_pass_only_hostname[http://user:pass@172.16.1.1-172.16.1.1] _
file /home/user/requests_tests/tests/test_utils.py, line 741
  @pytest.mark.parametrize(
      "url, expected",
      (
          ("http://172.16.1.1/", "172.16.1.1"),
          ("http://172.16.1.1:5000/", "172.16.1.1"),
          ("http://user:pass@172.16.1.1", "172.16.1.1"),
          ("http://user:pass@172.16.1.1:5000", "172.16.1.1"),
          ("http://hostname/", "hostname"),
          ("http://hostname:5000/", "hostname"),
          ("http://user:pass@hostname", "hostname"),
          ("http://user:pass@hostname:5000", "hostname"),
      ),
  )
  def test_should_bypass_proxies_pass_only_hostname(url, expected, mocker):
E       fixture 'mocker' not found
>       available fixtures: _session_faker, cache, capfd, capfdbinary, caplog, capsys, capsysbinary, doctest_namespace, faker, httpbin, httpbin_secure, monkeypatch, nosan_server, pytestconfig, record_property, record_testsuite_property, record_xml_attribute, recwarn, tmp_path, tmp_path_factory, tmpdir, tmpdir_factory
>       use 'pytest --fixtures [testpath]' for help on them.

/home/user/requests_tests/tests/test_utils.py:741
_ ERROR at setup of test_should_bypass_proxies_pass_only_hostname[http://user:pass@172.16.1.1:5000-172.16.1.1] _
file /home/user/requests_tests/tests/test_utils.py, line 741
  @pytest.mark.parametrize(
      "url, expected",
      (
          ("http://172.16.1.1/", "172.16.1.1"),
          ("http://172.16.1.1:5000/", "172.16.1.1"),
          ("http://user:pass@172.16.1.1", "172.16.1.1"),
          ("http://user:pass@172.16.1.1:5000", "172.16.1.1"),
          ("http://hostname/", "hostname"),
          ("http://hostname:5000/", "hostname"),
          ("http://user:pass@hostname", "hostname"),
          ("http://user:pass@hostname:5000", "hostname"),
      ),
  )
  def test_should_bypass_proxies_pass_only_hostname(url, expected, mocker):
E       fixture 'mocker' not found
>       available fixtures: _session_faker, cache, capfd, capfdbinary, caplog, capsys, capsysbinary, doctest_namespace, faker, httpbin, httpbin_secure, monkeypatch, nosan_server, pytestconfig, record_property, record_testsuite_property, record_xml_attribute, recwarn, tmp_path, tmp_path_factory, tmpdir, tmpdir_factory
>       use 'pytest --fixtures [testpath]' for help on them.

/home/user/requests_tests/tests/test_utils.py:741
_ ERROR at setup of test_should_bypass_proxies_pass_only_hostname[http://hostname/-hostname] _
file /home/user/requests_tests/tests/test_utils.py, line 741
  @pytest.mark.parametrize(
      "url, expected",
      (
          ("http://172.16.1.1/", "172.16.1.1"),
          ("http://172.16.1.1:5000/", "172.16.1.1"),
          ("http://user:pass@172.16.1.1", "172.16.1.1"),
          ("http://user:pass@172.16.1.1:5000", "172.16.1.1"),
          ("http://hostname/", "hostname"),
          ("http://hostname:5000/", "hostname"),
          ("http://user:pass@hostname", "hostname"),
          ("http://user:pass@hostname:5000", "hostname"),
      ),
  )
  def test_should_bypass_proxies_pass_only_hostname(url, expected, mocker):
E       fixture 'mocker' not found
>       available fixtures: _session_faker, cache, capfd, capfdbinary, caplog, capsys, capsysbinary, doctest_namespace, faker, httpbin, httpbin_secure, monkeypatch, nosan_server, pytestconfig, record_property, record_testsuite_property, record_xml_attribute, recwarn, tmp_path, tmp_path_factory, tmpdir, tmpdir_factory
>       use 'pytest --fixtures [testpath]' for help on them.

/home/user/requests_tests/tests/test_utils.py:741
_ ERROR at setup of test_should_bypass_proxies_pass_only_hostname[http://hostname:5000/-hostname] _
file /home/user/requests_tests/tests/test_utils.py, line 741
  @pytest.mark.parametrize(
      "url, expected",
      (
          ("http://172.16.1.1/", "172.16.1.1"),
          ("http://172.16.1.1:5000/", "172.16.1.1"),
          ("http://user:pass@172.16.1.1", "172.16.1.1"),
          ("http://user:pass@172.16.1.1:5000", "172.16.1.1"),
          ("http://hostname/", "hostname"),
          ("http://hostname:5000/", "hostname"),
          ("http://user:pass@hostname", "hostname"),
          ("http://user:pass@hostname:5000", "hostname"),
      ),
  )
  def test_should_bypass_proxies_pass_only_hostname(url, expected, mocker):
E       fixture 'mocker' not found
>       available fixtures: _session_faker, cache, capfd, capfdbinary, caplog, capsys, capsysbinary, doctest_namespace, faker, httpbin, httpbin_secure, monkeypatch, nosan_server, pytestconfig, record_property, record_testsuite_property, record_xml_attribute, recwarn, tmp_path, tmp_path_factory, tmpdir, tmpdir_factory
>       use 'pytest --fixtures [testpath]' for help on them.

/home/user/requests_tests/tests/test_utils.py:741
_ ERROR at setup of test_should_bypass_proxies_pass_only_hostname[http://user:pass@hostname-hostname] _
file /home/user/requests_tests/tests/test_utils.py, line 741
  @pytest.mark.parametrize(
      "url, expected",
      (
          ("http://172.16.1.1/", "172.16.1.1"),
          ("http://172.16.1.1:5000/", "172.16.1.1"),
          ("http://user:pass@172.16.1.1", "172.16.1.1"),
          ("http://user:pass@172.16.1.1:5000", "172.16.1.1"),
          ("http://hostname/", "hostname"),
          ("http://hostname:5000/", "hostname"),
          ("http://user:pass@hostname", "hostname"),
          ("http://user:pass@hostname:5000", "hostname"),
      ),
  )
  def test_should_bypass_proxies_pass_only_hostname(url, expected, mocker):
E       fixture 'mocker' not found
>       available fixtures: _session_faker, cache, capfd, capfdbinary, caplog, capsys, capsysbinary, doctest_namespace, faker, httpbin, httpbin_secure, monkeypatch, nosan_server, pytestconfig, record_property, record_testsuite_property, record_xml_attribute, recwarn, tmp_path, tmp_path_factory, tmpdir, tmpdir_factory
>       use 'pytest --fixtures [testpath]' for help on them.

/home/user/requests_tests/tests/test_utils.py:741
_ ERROR at setup of test_should_bypass_proxies_pass_only_hostname[http://user:pass@hostname:5000-hostname] _
file /home/user/requests_tests/tests/test_utils.py, line 741
  @pytest.mark.parametrize(
      "url, expected",
      (
          ("http://172.16.1.1/", "172.16.1.1"),
          ("http://172.16.1.1:5000/", "172.16.1.1"),
          ("http://user:pass@172.16.1.1", "172.16.1.1"),
          ("http://user:pass@172.16.1.1:5000", "172.16.1.1"),
          ("http://hostname/", "hostname"),
          ("http://hostname:5000/", "hostname"),
          ("http://user:pass@hostname", "hostname"),
          ("http://user:pass@hostname:5000", "hostname"),
      ),
  )
  def test_should_bypass_proxies_pass_only_hostname(url, expected, mocker):
E       fixture 'mocker' not found
>       available fixtures: _session_faker, cache, capfd, capfdbinary, caplog, capsys, capsysbinary, doctest_namespace, faker, httpbin, httpbin_secure, monkeypatch, nosan_server, pytestconfig, record_property, record_testsuite_property, record_xml_attribute, recwarn, tmp_path, tmp_path_factory, tmpdir, tmpdir_factory
>       use 'pytest --fixtures [testpath]' for help on them.

/home/user/requests_tests/tests/test_utils.py:741
=============================== warnings summary ===============================
tests/test_requests.py::TestRequests::test_rewind_body_failed_seek
  /home/user/purepython/cpython-3.9/my_purepy/lib/python3.9/site-packages/_pytest/unraisableexception.py:78: PytestUnraisableExceptionWarning: Exception ignored in tp_clear of: <class '_pytest._code.code.ExceptionInfo'>
  
  Traceback (most recent call last):
    File "/home/user/purepython/cpython-3.9/my_purepy/lib/python3.9/site-packages/pluggy/callers.py", line 169, in _multicall
      for hook_impl in reversed(hook_impls):
  AttributeError: __module__
  
    warnings.warn(pytest.PytestUnraisableExceptionWarning(msg))

tests/test_requests.py::TestRequests::test_response_iter_lines
  /home/user/purepython/cpython-3.9/my_purepy/lib/python3.9/site-packages/_pytest/unraisableexception.py:78: PytestUnraisableExceptionWarning: Exception ignored in tp_clear of: <class '_pytest._code.code.ExceptionInfo'>
  
  Traceback (most recent call last):
    File "/home/user/purepython/cpython-3.9/my_purepy/lib/python3.9/site-packages/_pytest/logging.py", line 316, in __enter__
      root_logger = logging.getLogger()
  AttributeError: __module__
  
    warnings.warn(pytest.PytestUnraisableExceptionWarning(msg))

tests/test_testserver.py::TestTestServer::test_server_closes
  /home/user/purepython/cpython-3.9/my_purepy/lib/python3.9/site-packages/_pytest/python.py:195: ResourceWarning: unclosed <socket.socket fd=11, family=AddressFamily.AF_INET, type=SocketKind.SOCK_STREAM, proto=0, laddr=('0.0.0.0', 42040)>
    result = testfunction(**testargs)
  Enable tracemalloc to get traceback where the object was allocated.
  See https://docs.pytest.org/en/stable/how-to/capture-warnings.html#resource-warnings for more info.

tests/test_testserver.py::TestTestServer::test_basic_waiting_server
  /home/user/purepython/cpython-3.9/my_purepy/lib/python3.9/site-packages/_pytest/python.py:195: ResourceWarning: unclosed <socket.socket fd=12, family=AddressFamily.AF_INET, type=SocketKind.SOCK_STREAM, proto=0, laddr=('127.0.0.1', 46944)>
    result = testfunction(**testargs)
  Enable tracemalloc to get traceback where the object was allocated.
  See https://docs.pytest.org/en/stable/how-to/capture-warnings.html#resource-warnings for more info.

tests/test_utils.py::TestContentEncodingDetection::test_none
tests/test_utils.py::TestContentEncodingDetection::test_pragmas[<meta charset="UTF-8">]
tests/test_utils.py::TestContentEncodingDetection::test_pragmas[<meta http-equiv="Content-type" content="text/html;charset=UTF-8">]
tests/test_utils.py::TestContentEncodingDetection::test_pragmas[<meta http-equiv="Content-type" content="text/html;charset=UTF-8" />]
tests/test_utils.py::TestContentEncodingDetection::test_pragmas[<?xml version="1.0" encoding="UTF-8"?>]
tests/test_utils.py::TestContentEncodingDetection::test_precedence
  /home/user/purepython/cpython-3.9/my_purepy/lib/python3.9/site-packages/requests/utils.py:488: DeprecationWarning: In requests 3.0, get_encodings_from_content will be removed. For more information, please see the discussion on issue #2266. (This warning should only appear once.)
    warnings.warn(

-- Docs: https://docs.pytest.org/en/stable/how-to/capture-warnings.html
=========================== short test summary info ============================
ERROR tests/test_help.py::test_idna_without_version_attribute
ERROR tests/test_help.py::test_idna_with_version_attribute
ERROR tests/test_lowlevel.py::test_use_proxy_from_environment[http_proxy-http]
ERROR tests/test_lowlevel.py::test_use_proxy_from_environment[https_proxy-https]
ERROR tests/test_lowlevel.py::test_use_proxy_from_environment[all_proxy-http]
ERROR tests/test_lowlevel.py::test_use_proxy_from_environment[all_proxy-https]
ERROR tests/test_lowlevel.py::test_use_proxy_from_environment[HTTP_PROXY-http]
ERROR tests/test_lowlevel.py::test_use_proxy_from_environment[HTTPS_PROXY-https]
ERROR tests/test_lowlevel.py::test_use_proxy_from_environment[ALL_PROXY-http]
ERROR tests/test_lowlevel.py::test_use_proxy_from_environment[ALL_PROXY-https]
ERROR tests/test_requests.py::TestRequests::test_no_content_length[GET]
ERROR tests/test_requests.py::TestRequests::test_no_content_length[HEAD]
ERROR tests/test_requests.py::TestRequests::test_no_body_content_length[POST]
ERROR tests/test_requests.py::TestRequests::test_no_body_content_length[PUT]
ERROR tests/test_requests.py::TestRequests::test_no_body_content_length[PATCH]
ERROR tests/test_requests.py::TestRequests::test_no_body_content_length[OPTIONS]
ERROR tests/test_requests.py::TestRequests::test_empty_content_length[POST]
ERROR tests/test_requests.py::TestRequests::test_empty_content_length[PUT]
ERROR tests/test_requests.py::TestRequests::test_empty_content_length[PATCH]
ERROR tests/test_requests.py::TestRequests::test_empty_content_length[OPTIONS]
ERROR tests/test_requests.py::TestRequests::test_override_content_length
ERROR tests/test_requests.py::TestRequests::test_mixed_case_scheme_acceptable[http://]
ERROR tests/test_requests.py::TestRequests::test_mixed_case_scheme_acceptable[HTTP://]
ERROR tests/test_requests.py::TestRequests::test_mixed_case_scheme_acceptable[hTTp://]
ERROR tests/test_requests.py::TestRequests::test_mixed_case_scheme_acceptable[HttP://]
ERROR tests/test_requests.py::TestRequests::test_HTTP_200_OK_GET_ALTERNATIVE
ERROR tests/test_requests.py::TestRequests::test_HTTP_302_ALLOW_REDIRECT_GET
ERROR tests/test_requests.py::TestRequests::test_HTTP_307_ALLOW_REDIRECT_POST
ERROR tests/test_requests.py::TestRequests::test_HTTP_307_ALLOW_REDIRECT_POST_WITH_SEEKABLE
ERROR tests/test_requests.py::TestRequests::test_HTTP_302_TOO_MANY_REDIRECTS
ERROR tests/test_requests.py::TestRequests::test_HTTP_302_TOO_MANY_REDIRECTS_WITH_PARAMS
ERROR tests/test_requests.py::TestRequests::test_http_301_changes_post_to_get
ERROR tests/test_requests.py::TestRequests::test_http_301_doesnt_change_head_to_get
ERROR tests/test_requests.py::TestRequests::test_http_302_changes_post_to_get
ERROR tests/test_requests.py::TestRequests::test_http_302_doesnt_change_head_to_get
ERROR tests/test_requests.py::TestRequests::test_http_303_changes_post_to_get
ERROR tests/test_requests.py::TestRequests::test_http_303_doesnt_change_head_to_get
ERROR tests/test_requests.py::TestRequests::test_header_and_body_removal_on_redirect
ERROR tests/test_requests.py::TestRequests::test_transfer_enc_removal_on_redirect
ERROR tests/test_requests.py::TestRequests::test_fragment_maintained_on_redirect
ERROR tests/test_requests.py::TestRequests::test_HTTP_200_OK_GET_WITH_PARAMS
ERROR tests/test_requests.py::TestRequests::test_HTTP_200_OK_GET_WITH_MIXED_PARAMS
ERROR tests/test_requests.py::TestRequests::test_set_cookie_on_301
ERROR tests/test_requests.py::TestRequests::test_cookie_sent_on_redirect
ERROR tests/test_requests.py::TestRequests::test_cookie_removed_on_expire
ERROR tests/test_requests.py::TestRequests::test_cookie_quote_wrapped
ERROR tests/test_requests.py::TestRequests::test_cookie_persists_via_api
ERROR tests/test_requests.py::TestRequests::test_request_cookie_overrides_session_cookie
ERROR tests/test_requests.py::TestRequests::test_request_cookies_not_persisted
ERROR tests/test_requests.py::TestRequests::test_generic_cookiejar_works
ERROR tests/test_requests.py::TestRequests::test_param_cookiejar_works
ERROR tests/test_requests.py::TestRequests::test_cookielib_cookiejar_on_redirect
ERROR tests/test_requests.py::TestRequests::test_requests_in_history_are_not_overridden
ERROR tests/test_requests.py::TestRequests::test_history_is_always_a_list
ERROR tests/test_requests.py::TestRequests::test_headers_on_session_with_None_are_not_sent
ERROR tests/test_requests.py::TestRequests::test_headers_preserve_order
ERROR tests/test_requests.py::TestRequests::test_user_agent_transfers[User-agent]
ERROR tests/test_requests.py::TestRequests::test_user_agent_transfers[user-agent]
ERROR tests/test_requests.py::TestRequests::test_HTTP_200_OK_HEAD
ERROR tests/test_requests.py::TestRequests::test_HTTP_200_OK_PUT
ERROR tests/test_requests.py::TestRequests::test_BASICAUTH_TUPLE_HTTP_200_OK_GET
ERROR tests/test_requests.py::TestRequests::test_set_basicauth[user-pass]
ERROR tests/test_requests.py::TestRequests::test_set_basicauth[\xd0\xb8\xd0\xbc\xd1\x8f-\xd0\xbf\xd0\xb0\xd1\x80\xd0\xbe\xd0\xbb\xd1\x8c]
ERROR tests/test_requests.py::TestRequests::test_set_basicauth[42-42]
ERROR tests/test_requests.py::TestRequests::test_set_basicauth[None-None]
ERROR tests/test_requests.py::TestRequests::test_proxy_error_on_bad_url
ERROR tests/test_requests.py::TestRequests::test_respect_proxy_env_on_send_self_prepared_request
ERROR tests/test_requests.py::TestRequests::test_respect_proxy_env_on_send_session_prepared_request
ERROR tests/test_requests.py::TestRequests::test_respect_proxy_env_on_send_with_redirects
ERROR tests/test_requests.py::TestRequests::test_respect_proxy_env_on_get
ERROR tests/test_requests.py::TestRequests::test_respect_proxy_env_on_request
ERROR tests/test_requests.py::TestRequests::test_proxy_authorization_preserved_on_request
ERROR tests/test_requests.py::TestRequests::test_basicauth_with_netrc
ERROR tests/test_requests.py::TestRequests::test_DIGEST_HTTP_200_OK_GET
ERROR tests/test_requests.py::TestRequests::test_DIGEST_AUTH_RETURNS_COOKIE
ERROR tests/test_requests.py::TestRequests::test_DIGEST_AUTH_SETS_SESSION_COOKIES
ERROR tests/test_requests.py::TestRequests::test_DIGEST_STREAM
ERROR tests/test_requests.py::TestRequests::test_DIGESTAUTH_WRONG_HTTP_401_GET
ERROR tests/test_requests.py::TestRequests::test_DIGESTAUTH_QUOTES_QOP_VALUE
ERROR tests/test_requests.py::TestRequests::test_POSTBIN_GET_POST_FILES
ERROR tests/test_requests.py::TestRequests::test_invalid_files_input
ERROR tests/test_requests.py::TestRequests::test_POSTBIN_SEEKED_OBJECT_WITH_NO_ITER
ERROR tests/test_requests.py::TestRequests::test_POSTBIN_GET_POST_FILES_WITH_DATA
ERROR tests/test_requests.py::TestRequests::test_post_with_custom_mapping
ERROR tests/test_requests.py::TestRequests::test_conflicting_post_params
ERROR tests/test_requests.py::TestRequests::test_request_ok_set
ERROR tests/test_requests.py::TestRequests::test_status_raising
ERROR tests/test_requests.py::TestRequests::test_decompress_gzip
ERROR tests/test_requests.py::TestRequests::test_unicode_get[/get-params0]
ERROR tests/test_requests.py::TestRequests::test_unicode_get[/get-params1]
ERROR tests/test_requests.py::TestRequests::test_unicode_get[/get-params2]
ERROR tests/test_requests.py::TestRequests::test_unicode_get[/get-params3]
ERROR tests/test_requests.py::TestRequests::test_unicode_get[\xf8-params4]
ERROR tests/test_requests.py::TestRequests::test_unicode_header_name
ERROR tests/test_requests.py::TestRequests::test_pyopenssl_redirect
ERROR tests/test_requests.py::TestRequests::test_invalid_ca_certificate_path
ERROR tests/test_requests.py::TestRequests::test_invalid_ssl_certificate_files
ERROR tests/test_requests.py::TestRequests::test_env_cert_bundles[env0-True]
ERROR tests/test_requests.py::TestRequests::test_env_cert_bundles[env1-/some/path]
ERROR tests/test_requests.py::TestRequests::test_env_cert_bundles[env2-True]
ERROR tests/test_requests.py::TestRequests::test_env_cert_bundles[env3-/some/path]
ERROR tests/test_requests.py::TestRequests::test_env_cert_bundles[env4-True]
ERROR tests/test_requests.py::TestRequests::test_env_cert_bundles[env5-True]
ERROR tests/test_requests.py::TestRequests::test_env_cert_bundles[env6-/some/path]
ERROR tests/test_requests.py::TestRequests::test_env_cert_bundles[env7-/curl/path]
ERROR tests/test_requests.py::TestRequests::test_http_with_certificate
ERROR tests/test_requests.py::TestRequests::test_https_warnings - ImportError...
ERROR tests/test_requests.py::TestRequests::test_certificate_failure
ERROR tests/test_requests.py::TestRequests::test_urlencoded_get_query_multivalued_param
ERROR tests/test_requests.py::TestRequests::test_form_encoded_post_query_multivalued_element
ERROR tests/test_requests.py::TestRequests::test_different_encodings_dont_break_post
ERROR tests/test_requests.py::TestRequests::test_unicode_multipart_post[data0]
ERROR tests/test_requests.py::TestRequests::test_unicode_multipart_post[data1]
ERROR tests/test_requests.py::TestRequests::test_unicode_multipart_post[data2]
ERROR tests/test_requests.py::TestRequests::test_unicode_multipart_post[data3]
ERROR tests/test_requests.py::TestRequests::test_unicode_multipart_post_fieldnames
ERROR tests/test_requests.py::TestRequests::test_unicode_method_name
ERROR tests/test_requests.py::TestRequests::test_unicode_method_name_with_request_object
ERROR tests/test_requests.py::TestRequests::test_custom_content_type
ERROR tests/test_requests.py::TestRequests::test_hook_receives_request_arguments
ERROR tests/test_requests.py::TestRequests::test_session_hooks_are_used_with_no_request_hooks
ERROR tests/test_requests.py::TestRequests::test_session_hooks_are_overridden_by_request_hooks
ERROR tests/test_requests.py::TestRequests::test_prepared_request_hook
ERROR tests/test_requests.py::TestRequests::test_prepared_from_session
ERROR tests/test_requests.py::TestRequests::test_request_with_bytestring_host
ERROR tests/test_requests.py::TestRequests::test_time_elapsed_blank
ERROR tests/test_requests.py::TestRequests::test_iter_content_wraps_exceptions[ProtocolError-args0-ChunkedEncodingError]
ERROR tests/test_requests.py::TestRequests::test_iter_content_wraps_exceptions[DecodeError-args1-ContentDecodingError]
ERROR tests/test_requests.py::TestRequests::test_iter_content_wraps_exceptions[ReadTimeoutError-args2-ConnectionError]
ERROR tests/test_requests.py::TestRequests::test_iter_content_wraps_exceptions[SSLError-args3-SSLError]
ERROR tests/test_requests.py::TestRequests::test_request_and_response_are_pickleable
ERROR tests/test_requests.py::TestRequests::test_prepared_request_is_pickleable
ERROR tests/test_requests.py::TestRequests::test_prepared_request_with_file_is_pickleable
ERROR tests/test_requests.py::TestRequests::test_prepared_request_with_hook_is_pickleable
ERROR tests/test_requests.py::TestRequests::test_cannot_send_unprepared_requests
ERROR tests/test_requests.py::TestRequests::test_session_pickling
ERROR tests/test_requests.py::TestRequests::test_fixes_1329
ERROR tests/test_requests.py::TestRequests::test_uppercase_scheme_redirect
ERROR tests/test_requests.py::TestRequests::test_header_remove_is_case_insensitive
ERROR tests/test_requests.py::TestRequests::test_params_are_merged_case_sensitive
ERROR tests/test_requests.py::TestRequests::test_header_keys_are_native
ERROR tests/test_requests.py::TestRequests::test_header_validation
ERROR tests/test_requests.py::TestRequests::test_header_value_not_str[invalid_header0-foo]
ERROR tests/test_requests.py::TestRequests::test_header_value_not_str[invalid_header1-bar]
ERROR tests/test_requests.py::TestRequests::test_header_value_not_str[invalid_header2-baz]
ERROR tests/test_requests.py::TestRequests::test_header_no_return_chars[invalid_header0]
ERROR tests/test_requests.py::TestRequests::test_header_no_return_chars[invalid_header1]
ERROR tests/test_requests.py::TestRequests::test_header_no_return_chars[invalid_header2]
ERROR tests/test_requests.py::TestRequests::test_header_no_return_chars[invalid_header3]
ERROR tests/test_requests.py::TestRequests::test_header_no_return_chars[invalid_header4]
ERROR tests/test_requests.py::TestRequests::test_header_no_return_chars[invalid_header5]
ERROR tests/test_requests.py::TestRequests::test_header_no_return_chars[invalid_header6]
ERROR tests/test_requests.py::TestRequests::test_header_no_return_chars[invalid_header7]
ERROR tests/test_requests.py::TestRequests::test_header_no_leading_space[invalid_header0]
ERROR tests/test_requests.py::TestRequests::test_header_no_leading_space[invalid_header1]
ERROR tests/test_requests.py::TestRequests::test_header_no_leading_space[invalid_header2]
ERROR tests/test_requests.py::TestRequests::test_header_no_leading_space[invalid_header3]
ERROR tests/test_requests.py::TestRequests::test_header_no_leading_space[invalid_header4]
ERROR tests/test_requests.py::TestRequests::test_header_no_leading_space[invalid_header5]
ERROR tests/test_requests.py::TestRequests::test_header_no_leading_space[invalid_header6]
ERROR tests/test_requests.py::TestRequests::test_can_send_objects_with_files[foo0]
ERROR tests/test_requests.py::TestRequests::test_can_send_objects_with_files[foo1]
ERROR tests/test_requests.py::TestRequests::test_can_send_objects_with_files[files2]
ERROR tests/test_requests.py::TestRequests::test_can_send_file_object_with_non_string_filename
ERROR tests/test_requests.py::TestRequests::test_autoset_header_values_are_native
ERROR tests/test_requests.py::TestRequests::test_auth_is_stripped_on_http_downgrade
ERROR tests/test_requests.py::TestRequests::test_auth_is_retained_for_redirect_on_host
ERROR tests/test_requests.py::TestRequests::test_manual_redirect_with_partial_body_read
ERROR tests/test_requests.py::TestRequests::test_redirect_with_wrong_gzipped_header
ERROR tests/test_requests.py::TestRequests::test_requests_history_is_saved
ERROR tests/test_requests.py::TestRequests::test_json_param_post_content_type_works
ERROR tests/test_requests.py::TestRequests::test_json_param_post_should_not_override_data_param
ERROR tests/test_requests.py::TestRequests::test_response_iter_lines
ERROR tests/test_requests.py::TestRequests::test_response_context_manager
ERROR tests/test_requests.py::TestRequests::test_unconsumed_session_response_closes_connection
ERROR tests/test_requests.py::TestRequests::test_session_close_proxy_clear
ERROR tests/test_requests.py::TestRequests::test_response_json_when_content_is_None
ERROR tests/test_requests.py::TestRequests::test_empty_stream_with_auth_does_not_set_content_length_header
ERROR tests/test_requests.py::TestRequests::test_stream_with_auth_does_not_set_transfer_encoding_header
ERROR tests/test_requests.py::TestRequests::test_chunked_upload_does_not_set_content_length_header
ERROR tests/test_requests.py::TestRequests::test_custom_redirect_mixin
ERROR tests/test_requests.py::TestTimeout::test_stream_timeout
ERROR tests/test_requests.py::TestTimeout::test_invalid_timeout[timeout0-(connect, read)]
ERROR tests/test_requests.py::TestTimeout::test_invalid_timeout[foo-must be an int, float or None]
ERROR tests/test_requests.py::TestTimeout::test_none_timeout[None]
ERROR tests/test_requests.py::TestTimeout::test_none_timeout[timeout1]
ERROR tests/test_requests.py::TestTimeout::test_read_timeout[timeout0]
ERROR tests/test_requests.py::TestTimeout::test_read_timeout[timeout1]
ERROR tests/test_requests.py::TestTimeout::test_encoded_methods
ERROR tests/test_requests.py::test_requests_are_updated_each_time
ERROR tests/test_requests.py::test_urllib3_retries
ERROR tests/test_requests.py::test_urllib3_pool_connection_closed
ERROR tests/test_requests.py::TestPreparingURLs::test_redirecting_to_bad_url[http://localhost:-1-InvalidURL]
ERROR tests/test_requests.py::TestPreparingURLs::test_post_json_nan
ERROR tests/test_requests.py::TestPreparingURLs::test_json_decode_compatibility
ERROR tests/test_requests.py::TestPreparingURLs::test_json_decode_persists_doc_attr
ERROR tests/test_utils.py::test_should_bypass_proxies_pass_only_hostname[http://172.16.1.1/-172.16.1.1]
ERROR tests/test_utils.py::test_should_bypass_proxies_pass_only_hostname[http://172.16.1.1:5000/-172.16.1.1]
ERROR tests/test_utils.py::test_should_bypass_proxies_pass_only_hostname[http://user:pass@172.16.1.1-172.16.1.1]
ERROR tests/test_utils.py::test_should_bypass_proxies_pass_only_hostname[http://user:pass@172.16.1.1:5000-172.16.1.1]
ERROR tests/test_utils.py::test_should_bypass_proxies_pass_only_hostname[http://hostname/-hostname]
ERROR tests/test_utils.py::test_should_bypass_proxies_pass_only_hostname[http://hostname:5000/-hostname]
ERROR tests/test_utils.py::test_should_bypass_proxies_pass_only_hostname[http://user:pass@hostname-hostname]
ERROR tests/test_utils.py::test_should_bypass_proxies_pass_only_hostname[http://user:pass@hostname:5000-hostname]
= 375 passed, 13 skipped, 1 xfailed, 10 warnings, 204 errors in 195.01s (0:03:15) =
Traceback (most recent call last):
  File "/home/user/thefuck-master/pre_run_biend.py", line 40, in <module>
    import matplotlib.pyplot as plt
  File "/home/user/purepython/cpython-3.9/my_purepy/lib/python3.9/site-packages/matplotlib/__init__.py", line 113, in <module>
    from . import _api, _version, cbook, _docstring, rcsetup
  File "/home/user/purepython/cpython-3.9/my_purepy/lib/python3.9/site-packages/matplotlib/cbook/__init__.py", line 30, in <module>
    from matplotlib import _api, _c_internal_utils
ImportError: cannot import name '_c_internal_utils' from partially initialized module 'matplotlib' (most likely due to a circular import) (/home/user/purepython/cpython-3.9/my_purepy/lib/python3.9/site-packages/matplotlib/__init__.py)
